CRITICAL - 2022-07-18 23:10:21 --> Undefined variable: userDetails1
#0 /home/fallenxt/public_html/app/Views/Layout/Header.php(95): CodeIgniter\Debug\Exceptions->errorHandler(8, 'Undefined varia...', '/home/fallenxt/...', 95, Array)
#1 /home/fallenxt/public_html/vendor/codeigniter4/framework/system/View/View.php(214): include('/home/fallenxt/...')
#2 /home/fallenxt/public_html/vendor/codeigniter4/framework/system/View/View.php(217): CodeIgniter\View\View->CodeIgniter\View\{closure}()
#3 /home/fallenxt/public_html/vendor/codeigniter4/framework/system/View/View.php(432): CodeIgniter\View\View->render('Layout/Header', NULL, true)
#4 /home/fallenxt/public_html/app/Views/Layout/Starter.php(25): CodeIgniter\View\View->include('Layout/Header')
#5 /home/fallenxt/public_html/vendor/codeigniter4/framework/system/View/View.php(214): include('/home/fallenxt/...')
#6 /home/fallenxt/public_html/vendor/codeigniter4/framework/system/View/View.php(217): CodeIgniter\View\View->CodeIgniter\View\{closure}()
#7 /home/fallenxt/public_html/vendor/codeigniter4/framework/system/View/View.php(230): CodeIgniter\View\View->render('Layout/Starter', Array, true)
#8 /home/fallenxt/public_html/vendor/codeigniter4/framework/system/Common.php(1097): CodeIgniter\View\View->render('User/dashboard', Array, true)
#9 /home/fallenxt/public_html/app/Controllers/User.php(38): view('User/dashboard', Array)
#10 /home/fallenxt/public_html/vendor/codeigniter4/framework/system/CodeIgniter.php(824): App\Controllers\User->index()
#11 /home/fallenxt/public_html/vendor/codeigniter4/framework/system/CodeIgniter.php(410): CodeIgniter\CodeIgniter->runController(Object(App\Controllers\User))
#12 /home/fallenxt/public_html/vendor/codeigniter4/framework/system/CodeIgniter.php(318): CodeIgniter\CodeIgniter->handleRequest(NULL, Object(Config\Cache), false)
#13 /home/fallenxt/public_html/public/index.php(37): CodeIgniter\CodeIgniter->run()
#14 {main}
CRITICAL - 2022-07-18 23:11:21 --> include(conn.php): failed to open stream: No such file or directory
#0 /home/fallenxt/public_html/app/Views/Layout/Header.php(3): CodeIgniter\Debug\Exceptions->errorHandler(2, 'include(conn.ph...', '/home/fallenxt/...', 3, Array)
#1 /home/fallenxt/public_html/app/Views/Layout/Header.php(3): include()
#2 /home/fallenxt/public_html/vendor/codeigniter4/framework/system/View/View.php(214): include('/home/fallenxt/...')
#3 /home/fallenxt/public_html/vendor/codeigniter4/framework/system/View/View.php(217): CodeIgniter\View\View->CodeIgniter\View\{closure}()
#4 /home/fallenxt/public_html/vendor/codeigniter4/framework/system/View/View.php(432): CodeIgniter\View\View->render('Layout/Header', NULL, true)
#5 /home/fallenxt/public_html/app/Views/Layout/Starter.php(25): CodeIgniter\View\View->include('Layout/Header')
#6 /home/fallenxt/public_html/vendor/codeigniter4/framework/system/View/View.php(214): include('/home/fallenxt/...')
#7 /home/fallenxt/public_html/vendor/codeigniter4/framework/system/View/View.php(217): CodeIgniter\View\View->CodeIgniter\View\{closure}()
#8 /home/fallenxt/public_html/vendor/codeigniter4/framework/system/View/View.php(230): CodeIgniter\View\View->render('Layout/Starter', Array, true)
#9 /home/fallenxt/public_html/vendor/codeigniter4/framework/system/Common.php(1097): CodeIgniter\View\View->render('User/dashboard', Array, true)
#10 /home/fallenxt/public_html/app/Controllers/User.php(38): view('User/dashboard', Array)
#11 /home/fallenxt/public_html/vendor/codeigniter4/framework/system/CodeIgniter.php(824): App\Controllers\User->index()
#12 /home/fallenxt/public_html/vendor/codeigniter4/framework/system/CodeIgniter.php(410): CodeIgniter\CodeIgniter->runController(Object(App\Controllers\User))
#13 /home/fallenxt/public_html/vendor/codeigniter4/framework/system/CodeIgniter.php(318): CodeIgniter\CodeIgniter->handleRequest(NULL, Object(Config\Cache), false)
#14 /home/fallenxt/public_html/public/index.php(37): CodeIgniter\CodeIgniter->run()
#15 {main}
CRITICAL - 2022-07-18 23:12:04 --> include(conn.php): failed to open stream: No such file or directory
#0 /home/fallenxt/public_html/app/Views/Layout/Header.php(3): CodeIgniter\Debug\Exceptions->errorHandler(2, 'include(conn.ph...', '/home/fallenxt/...', 3, Array)
#1 /home/fallenxt/public_html/app/Views/Layout/Header.php(3): include()
#2 /home/fallenxt/public_html/vendor/codeigniter4/framework/system/View/View.php(214): include('/home/fallenxt/...')
#3 /home/fallenxt/public_html/vendor/codeigniter4/framework/system/View/View.php(217): CodeIgniter\View\View->CodeIgniter\View\{closure}()
#4 /home/fallenxt/public_html/vendor/codeigniter4/framework/system/View/View.php(432): CodeIgniter\View\View->render('Layout/Header', NULL, true)
#5 /home/fallenxt/public_html/app/Views/Layout/Starter.php(25): CodeIgniter\View\View->include('Layout/Header')
#6 /home/fallenxt/public_html/vendor/codeigniter4/framework/system/View/View.php(214): include('/home/fallenxt/...')
#7 /home/fallenxt/public_html/vendor/codeigniter4/framework/system/View/View.php(217): CodeIgniter\View\View->CodeIgniter\View\{closure}()
#8 /home/fallenxt/public_html/vendor/codeigniter4/framework/system/View/View.php(230): CodeIgniter\View\View->render('Layout/Starter', Array, true)
#9 /home/fallenxt/public_html/vendor/codeigniter4/framework/system/Common.php(1097): CodeIgniter\View\View->render('User/dashboard', Array, true)
#10 /home/fallenxt/public_html/app/Controllers/User.php(38): view('User/dashboard', Array)
#11 /home/fallenxt/public_html/vendor/codeigniter4/framework/system/CodeIgniter.php(824): App\Controllers\User->index()
#12 /home/fallenxt/public_html/vendor/codeigniter4/framework/system/CodeIgniter.php(410): CodeIgniter\CodeIgniter->runController(Object(App\Controllers\User))
#13 /home/fallenxt/public_html/vendor/codeigniter4/framework/system/CodeIgniter.php(318): CodeIgniter\CodeIgniter->handleRequest(NULL, Object(Config\Cache), false)
#14 /home/fallenxt/public_html/public/index.php(37): CodeIgniter\CodeIgniter->run()
#15 {main}
CRITICAL - 2022-07-18 23:12:08 --> include(conn.php): failed to open stream: No such file or directory
#0 /home/fallenxt/public_html/app/Views/Layout/Header.php(3): CodeIgniter\Debug\Exceptions->errorHandler(2, 'include(conn.ph...', '/home/fallenxt/...', 3, Array)
#1 /home/fallenxt/public_html/app/Views/Layout/Header.php(3): include()
#2 /home/fallenxt/public_html/vendor/codeigniter4/framework/system/View/View.php(214): include('/home/fallenxt/...')
#3 /home/fallenxt/public_html/vendor/codeigniter4/framework/system/View/View.php(217): CodeIgniter\View\View->CodeIgniter\View\{closure}()
#4 /home/fallenxt/public_html/vendor/codeigniter4/framework/system/View/View.php(432): CodeIgniter\View\View->render('Layout/Header', NULL, true)
#5 /home/fallenxt/public_html/app/Views/Layout/Starter.php(25): CodeIgniter\View\View->include('Layout/Header')
#6 /home/fallenxt/public_html/vendor/codeigniter4/framework/system/View/View.php(214): include('/home/fallenxt/...')
#7 /home/fallenxt/public_html/vendor/codeigniter4/framework/system/View/View.php(217): CodeIgniter\View\View->CodeIgniter\View\{closure}()
#8 /home/fallenxt/public_html/vendor/codeigniter4/framework/system/View/View.php(230): CodeIgniter\View\View->render('Layout/Starter', Array, true)
#9 /home/fallenxt/public_html/vendor/codeigniter4/framework/system/Common.php(1097): CodeIgniter\View\View->render('User/dashboard', Array, true)
#10 /home/fallenxt/public_html/app/Controllers/User.php(38): view('User/dashboard', Array)
#11 /home/fallenxt/public_html/vendor/codeigniter4/framework/system/CodeIgniter.php(824): App\Controllers\User->index()
#12 /home/fallenxt/public_html/vendor/codeigniter4/framework/system/CodeIgniter.php(410): CodeIgniter\CodeIgniter->runController(Object(App\Controllers\User))
#13 /home/fallenxt/public_html/vendor/codeigniter4/framework/system/CodeIgniter.php(318): CodeIgniter\CodeIgniter->handleRequest(NULL, Object(Config\Cache), false)
#14 /home/fallenxt/public_html/public/index.php(37): CodeIgniter\CodeIgniter->run()
#15 {main}
CRITICAL - 2022-07-18 23:12:13 --> include(conn.php): failed to open stream: No such file or directory
#0 /home/fallenxt/public_html/app/Views/Layout/Header.php(3): CodeIgniter\Debug\Exceptions->errorHandler(2, 'include(conn.ph...', '/home/fallenxt/...', 3, Array)
#1 /home/fallenxt/public_html/app/Views/Layout/Header.php(3): include()
#2 /home/fallenxt/public_html/vendor/codeigniter4/framework/system/View/View.php(214): include('/home/fallenxt/...')
#3 /home/fallenxt/public_html/vendor/codeigniter4/framework/system/View/View.php(217): CodeIgniter\View\View->CodeIgniter\View\{closure}()
#4 /home/fallenxt/public_html/vendor/codeigniter4/framework/system/View/View.php(432): CodeIgniter\View\View->render('Layout/Header', NULL, true)
#5 /home/fallenxt/public_html/app/Views/Layout/Starter.php(25): CodeIgniter\View\View->include('Layout/Header')
#6 /home/fallenxt/public_html/vendor/codeigniter4/framework/system/View/View.php(214): include('/home/fallenxt/...')
#7 /home/fallenxt/public_html/vendor/codeigniter4/framework/system/View/View.php(217): CodeIgniter\View\View->CodeIgniter\View\{closure}()
#8 /home/fallenxt/public_html/vendor/codeigniter4/framework/system/View/View.php(230): CodeIgniter\View\View->render('Layout/Starter', Array, true)
#9 /home/fallenxt/public_html/vendor/codeigniter4/framework/system/Common.php(1097): CodeIgniter\View\View->render('User/dashboard', Array, true)
#10 /home/fallenxt/public_html/app/Controllers/User.php(38): view('User/dashboard', Array)
#11 /home/fallenxt/public_html/vendor/codeigniter4/framework/system/CodeIgniter.php(824): App\Controllers\User->index()
#12 /home/fallenxt/public_html/vendor/codeigniter4/framework/system/CodeIgniter.php(410): CodeIgniter\CodeIgniter->runController(Object(App\Controllers\User))
#13 /home/fallenxt/public_html/vendor/codeigniter4/framework/system/CodeIgniter.php(318): CodeIgniter\CodeIgniter->handleRequest(NULL, Object(Config\Cache), false)
#14 /home/fallenxt/public_html/public/index.php(37): CodeIgniter\CodeIgniter->run()
#15 {main}
CRITICAL - 2022-07-18 23:12:51 --> Undefined variable: validation
#0 /home/fallenxt/public_html/app/Views/Layout/Header.php(128): CodeIgniter\Debug\Exceptions->errorHandler(8, 'Undefined varia...', '/home/fallenxt/...', 128, Array)
#1 /home/fallenxt/public_html/vendor/codeigniter4/framework/system/View/View.php(214): include('/home/fallenxt/...')
#2 /home/fallenxt/public_html/vendor/codeigniter4/framework/system/View/View.php(217): CodeIgniter\View\View->CodeIgniter\View\{closure}()
#3 /home/fallenxt/public_html/vendor/codeigniter4/framework/system/View/View.php(432): CodeIgniter\View\View->render('Layout/Header', NULL, true)
#4 /home/fallenxt/public_html/app/Views/Layout/Starter.php(25): CodeIgniter\View\View->include('Layout/Header')
#5 /home/fallenxt/public_html/vendor/codeigniter4/framework/system/View/View.php(214): include('/home/fallenxt/...')
#6 /home/fallenxt/public_html/vendor/codeigniter4/framework/system/View/View.php(217): CodeIgniter\View\View->CodeIgniter\View\{closure}()
#7 /home/fallenxt/public_html/vendor/codeigniter4/framework/system/View/View.php(230): CodeIgniter\View\View->render('Layout/Starter', Array, true)
#8 /home/fallenxt/public_html/vendor/codeigniter4/framework/system/Common.php(1097): CodeIgniter\View\View->render('User/dashboard', Array, true)
#9 /home/fallenxt/public_html/app/Controllers/User.php(38): view('User/dashboard', Array)
#10 /home/fallenxt/public_html/vendor/codeigniter4/framework/system/CodeIgniter.php(824): App\Controllers\User->index()
#11 /home/fallenxt/public_html/vendor/codeigniter4/framework/system/CodeIgniter.php(410): CodeIgniter\CodeIgniter->runController(Object(App\Controllers\User))
#12 /home/fallenxt/public_html/vendor/codeigniter4/framework/system/CodeIgniter.php(318): CodeIgniter\CodeIgniter->handleRequest(NULL, Object(Config\Cache), false)
#13 /home/fallenxt/public_html/public/index.php(37): CodeIgniter\CodeIgniter->run()
#14 {main}
CRITICAL - 2022-07-18 23:12:53 --> Undefined variable: validation
#0 /home/fallenxt/public_html/app/Views/Layout/Header.php(128): CodeIgniter\Debug\Exceptions->errorHandler(8, 'Undefined varia...', '/home/fallenxt/...', 128, Array)
#1 /home/fallenxt/public_html/vendor/codeigniter4/framework/system/View/View.php(214): include('/home/fallenxt/...')
#2 /home/fallenxt/public_html/vendor/codeigniter4/framework/system/View/View.php(217): CodeIgniter\View\View->CodeIgniter\View\{closure}()
#3 /home/fallenxt/public_html/vendor/codeigniter4/framework/system/View/View.php(432): CodeIgniter\View\View->render('Layout/Header', NULL, true)
#4 /home/fallenxt/public_html/app/Views/Layout/Starter.php(25): CodeIgniter\View\View->include('Layout/Header')
#5 /home/fallenxt/public_html/vendor/codeigniter4/framework/system/View/View.php(214): include('/home/fallenxt/...')
#6 /home/fallenxt/public_html/vendor/codeigniter4/framework/system/View/View.php(217): CodeIgniter\View\View->CodeIgniter\View\{closure}()
#7 /home/fallenxt/public_html/vendor/codeigniter4/framework/system/View/View.php(230): CodeIgniter\View\View->render('Layout/Starter', Array, true)
#8 /home/fallenxt/public_html/vendor/codeigniter4/framework/system/Common.php(1097): CodeIgniter\View\View->render('User/dashboard', Array, true)
#9 /home/fallenxt/public_html/app/Controllers/User.php(38): view('User/dashboard', Array)
#10 /home/fallenxt/public_html/vendor/codeigniter4/framework/system/CodeIgniter.php(824): App\Controllers\User->index()
#11 /home/fallenxt/public_html/vendor/codeigniter4/framework/system/CodeIgniter.php(410): CodeIgniter\CodeIgniter->runController(Object(App\Controllers\User))
#12 /home/fallenxt/public_html/vendor/codeigniter4/framework/system/CodeIgniter.php(318): CodeIgniter\CodeIgniter->handleRequest(NULL, Object(Config\Cache), false)
#13 /home/fallenxt/public_html/public/index.php(37): CodeIgniter\CodeIgniter->run()
#14 {main}
CRITICAL - 2022-07-18 23:20:59 --> Undefined variable: validation
#0 /home/fallenxt/public_html/app/Views/Layout/Header.php(151): CodeIgniter\Debug\Exceptions->errorHandler(8, 'Undefined varia...', '/home/fallenxt/...', 151, Array)
#1 /home/fallenxt/public_html/vendor/codeigniter4/framework/system/View/View.php(214): include('/home/fallenxt/...')
#2 /home/fallenxt/public_html/vendor/codeigniter4/framework/system/View/View.php(217): CodeIgniter\View\View->CodeIgniter\View\{closure}()
#3 /home/fallenxt/public_html/vendor/codeigniter4/framework/system/View/View.php(432): CodeIgniter\View\View->render('Layout/Header', NULL, true)
#4 /home/fallenxt/public_html/app/Views/Layout/Starter.php(25): CodeIgniter\View\View->include('Layout/Header')
#5 /home/fallenxt/public_html/vendor/codeigniter4/framework/system/View/View.php(214): include('/home/fallenxt/...')
#6 /home/fallenxt/public_html/vendor/codeigniter4/framework/system/View/View.php(217): CodeIgniter\View\View->CodeIgniter\View\{closure}()
#7 /home/fallenxt/public_html/vendor/codeigniter4/framework/system/View/View.php(230): CodeIgniter\View\View->render('Layout/Starter', Array, true)
#8 /home/fallenxt/public_html/vendor/codeigniter4/framework/system/Common.php(1097): CodeIgniter\View\View->render('User/dashboard', Array, true)
#9 /home/fallenxt/public_html/app/Controllers/User.php(38): view('User/dashboard', Array)
#10 /home/fallenxt/public_html/vendor/codeigniter4/framework/system/CodeIgniter.php(824): App\Controllers\User->index()
#11 /home/fallenxt/public_html/vendor/codeigniter4/framework/system/CodeIgniter.php(410): CodeIgniter\CodeIgniter->runController(Object(App\Controllers\User))
#12 /home/fallenxt/public_html/vendor/codeigniter4/framework/system/CodeIgniter.php(318): CodeIgniter\CodeIgniter->handleRequest(NULL, Object(Config\Cache), false)
#13 /home/fallenxt/public_html/public/index.php(37): CodeIgniter\CodeIgniter->run()
#14 {main}
CRITICAL - 2022-07-18 23:26:40 --> Undefined variable: userDetails1
#0 /home/fallenxt/public_html/app/Views/Layout/Header.php(96): CodeIgniter\Debug\Exceptions->errorHandler(8, 'Undefined varia...', '/home/fallenxt/...', 96, Array)
#1 /home/fallenxt/public_html/vendor/codeigniter4/framework/system/View/View.php(214): include('/home/fallenxt/...')
#2 /home/fallenxt/public_html/vendor/codeigniter4/framework/system/View/View.php(217): CodeIgniter\View\View->CodeIgniter\View\{closure}()
#3 /home/fallenxt/public_html/vendor/codeigniter4/framework/system/View/View.php(432): CodeIgniter\View\View->render('Layout/Header', NULL, true)
#4 /home/fallenxt/public_html/app/Views/Layout/Starter.php(25): CodeIgniter\View\View->include('Layout/Header')
#5 /home/fallenxt/public_html/vendor/codeigniter4/framework/system/View/View.php(214): include('/home/fallenxt/...')
#6 /home/fallenxt/public_html/vendor/codeigniter4/framework/system/View/View.php(217): CodeIgniter\View\View->CodeIgniter\View\{closure}()
#7 /home/fallenxt/public_html/vendor/codeigniter4/framework/system/View/View.php(230): CodeIgniter\View\View->render('Layout/Starter', Array, true)
#8 /home/fallenxt/public_html/vendor/codeigniter4/framework/system/Common.php(1097): CodeIgniter\View\View->render('User/dashboard', Array, true)
#9 /home/fallenxt/public_html/app/Controllers/User.php(38): view('User/dashboard', Array)
#10 /home/fallenxt/public_html/vendor/codeigniter4/framework/system/CodeIgniter.php(824): App\Controllers\User->index()
#11 /home/fallenxt/public_html/vendor/codeigniter4/framework/system/CodeIgniter.php(410): CodeIgniter\CodeIgniter->runController(Object(App\Controllers\User))
#12 /home/fallenxt/public_html/vendor/codeigniter4/framework/system/CodeIgniter.php(318): CodeIgniter\CodeIgniter->handleRequest(NULL, Object(Config\Cache), false)
#13 /home/fallenxt/public_html/public/index.php(37): CodeIgniter\CodeIgniter->run()
#14 {main}
CRITICAL - 2022-07-18 23:26:42 --> Undefined variable: userDetails1
#0 /home/fallenxt/public_html/app/Views/Layout/Header.php(96): CodeIgniter\Debug\Exceptions->errorHandler(8, 'Undefined varia...', '/home/fallenxt/...', 96, Array)
#1 /home/fallenxt/public_html/vendor/codeigniter4/framework/system/View/View.php(214): include('/home/fallenxt/...')
#2 /home/fallenxt/public_html/vendor/codeigniter4/framework/system/View/View.php(217): CodeIgniter\View\View->CodeIgniter\View\{closure}()
#3 /home/fallenxt/public_html/vendor/codeigniter4/framework/system/View/View.php(432): CodeIgniter\View\View->render('Layout/Header', NULL, true)
#4 /home/fallenxt/public_html/app/Views/Layout/Starter.php(25): CodeIgniter\View\View->include('Layout/Header')
#5 /home/fallenxt/public_html/vendor/codeigniter4/framework/system/View/View.php(214): include('/home/fallenxt/...')
#6 /home/fallenxt/public_html/vendor/codeigniter4/framework/system/View/View.php(217): CodeIgniter\View\View->CodeIgniter\View\{closure}()
#7 /home/fallenxt/public_html/vendor/codeigniter4/framework/system/View/View.php(230): CodeIgniter\View\View->render('Layout/Starter', Array, true)
#8 /home/fallenxt/public_html/vendor/codeigniter4/framework/system/Common.php(1097): CodeIgniter\View\View->render('User/dashboard', Array, true)
#9 /home/fallenxt/public_html/app/Controllers/User.php(38): view('User/dashboard', Array)
#10 /home/fallenxt/public_html/vendor/codeigniter4/framework/system/CodeIgniter.php(824): App\Controllers\User->index()
#11 /home/fallenxt/public_html/vendor/codeigniter4/framework/system/CodeIgniter.php(410): CodeIgniter\CodeIgniter->runController(Object(App\Controllers\User))
#12 /home/fallenxt/public_html/vendor/codeigniter4/framework/system/CodeIgniter.php(318): CodeIgniter\CodeIgniter->handleRequest(NULL, Object(Config\Cache), false)
#13 /home/fallenxt/public_html/public/index.php(37): CodeIgniter\CodeIgniter->run()
#14 {main}
