CRITICAL - 2022-12-15 10:40:15 --> Undefined variable: idKeys
#0 /home/fallenxt/public_html/publicmod/app/Controllers/Keys.php(547): CodeIgniter\Debug\Exceptions->errorHandler(8, 'Undefined varia...', '/home/fallenxt/...', 547, Array)
#1 /home/fallenxt/public_html/publicmod/app/Controllers/Keys.php(383): App\Controllers\Keys->generate_action()
#2 /home/fallenxt/public_html/publicmod/vendor/codeigniter4/framework/system/CodeIgniter.php(824): App\Controllers\Keys->generate()
#3 /home/fallenxt/public_html/publicmod/vendor/codeigniter4/framework/system/CodeIgniter.php(410): CodeIgniter\CodeIgniter->runController(Object(App\Controllers\Keys))
#4 /home/fallenxt/public_html/publicmod/vendor/codeigniter4/framework/system/CodeIgniter.php(318): CodeIgniter\CodeIgniter->handleRequest(NULL, Object(Config\Cache), false)
#5 /home/fallenxt/public_html/publicmod/public/index.php(37): CodeIgniter\CodeIgniter->run()
#6 {main}
CRITICAL - 2022-12-15 10:40:31 --> Undefined variable: idKeys
#0 /home/fallenxt/public_html/publicmod/app/Controllers/Keys.php(547): CodeIgniter\Debug\Exceptions->errorHandler(8, 'Undefined varia...', '/home/fallenxt/...', 547, Array)
#1 /home/fallenxt/public_html/publicmod/app/Controllers/Keys.php(383): App\Controllers\Keys->generate_action()
#2 /home/fallenxt/public_html/publicmod/vendor/codeigniter4/framework/system/CodeIgniter.php(824): App\Controllers\Keys->generate()
#3 /home/fallenxt/public_html/publicmod/vendor/codeigniter4/framework/system/CodeIgniter.php(410): CodeIgniter\CodeIgniter->runController(Object(App\Controllers\Keys))
#4 /home/fallenxt/public_html/publicmod/vendor/codeigniter4/framework/system/CodeIgniter.php(318): CodeIgniter\CodeIgniter->handleRequest(NULL, Object(Config\Cache), false)
#5 /home/fallenxt/public_html/publicmod/public/index.php(37): CodeIgniter\CodeIgniter->run()
#6 {main}
CRITICAL - 2022-12-15 17:12:48 --> Undefined variable: idKeys
#0 /home/fallenxt/public_html/publicmod/app/Controllers/Keys.php(547): CodeIgniter\Debug\Exceptions->errorHandler(8, 'Undefined varia...', '/home/fallenxt/...', 547, Array)
#1 /home/fallenxt/public_html/publicmod/app/Controllers/Keys.php(383): App\Controllers\Keys->generate_action()
#2 /home/fallenxt/public_html/publicmod/vendor/codeigniter4/framework/system/CodeIgniter.php(824): App\Controllers\Keys->generate()
#3 /home/fallenxt/public_html/publicmod/vendor/codeigniter4/framework/system/CodeIgniter.php(410): CodeIgniter\CodeIgniter->runController(Object(App\Controllers\Keys))
#4 /home/fallenxt/public_html/publicmod/vendor/codeigniter4/framework/system/CodeIgniter.php(318): CodeIgniter\CodeIgniter->handleRequest(NULL, Object(Config\Cache), false)
#5 /home/fallenxt/public_html/publicmod/public/index.php(37): CodeIgniter\CodeIgniter->run()
#6 {main}
