CRITICAL - 2023-02-15 13:03:45 --> Undefined variable: idKeys
#0 /home/fallenxt/public_html/remblerpro/app/Controllers/Keys.php(547): CodeIgniter\Debug\Exceptions->errorHandler(8, 'Undefined varia...', '/home/fallenxt/...', 547, Array)
#1 /home/fallenxt/public_html/remblerpro/app/Controllers/Keys.php(383): App\Controllers\Keys->generate_action()
#2 /home/fallenxt/public_html/remblerpro/vendor/codeigniter4/framework/system/CodeIgniter.php(824): App\Controllers\Keys->generate()
#3 /home/fallenxt/public_html/remblerpro/vendor/codeigniter4/framework/system/CodeIgniter.php(410): CodeIgniter\CodeIgniter->runController(Object(App\Controllers\Keys))
#4 /home/fallenxt/public_html/remblerpro/vendor/codeigniter4/framework/system/CodeIgniter.php(318): CodeIgniter\CodeIgniter->handleRequest(NULL, Object(Config\Cache), false)
#5 /home/fallenxt/public_html/remblerpro/public/index.php(37): CodeIgniter\CodeIgniter->run()
#6 {main}
CRITICAL - 2023-02-15 13:03:51 --> Undefined variable: idKeys
#0 /home/fallenxt/public_html/remblerpro/app/Controllers/Keys.php(547): CodeIgniter\Debug\Exceptions->errorHandler(8, 'Undefined varia...', '/home/fallenxt/...', 547, Array)
#1 /home/fallenxt/public_html/remblerpro/app/Controllers/Keys.php(383): App\Controllers\Keys->generate_action()
#2 /home/fallenxt/public_html/remblerpro/vendor/codeigniter4/framework/system/CodeIgniter.php(824): App\Controllers\Keys->generate()
#3 /home/fallenxt/public_html/remblerpro/vendor/codeigniter4/framework/system/CodeIgniter.php(410): CodeIgniter\CodeIgniter->runController(Object(App\Controllers\Keys))
#4 /home/fallenxt/public_html/remblerpro/vendor/codeigniter4/framework/system/CodeIgniter.php(318): CodeIgniter\CodeIgniter->handleRequest(NULL, Object(Config\Cache), false)
#5 /home/fallenxt/public_html/remblerpro/public/index.php(37): CodeIgniter\CodeIgniter->run()
#6 {main}
CRITICAL - 2023-02-15 13:03:57 --> Undefined variable: idKeys
#0 /home/fallenxt/public_html/remblerpro/app/Controllers/Keys.php(547): CodeIgniter\Debug\Exceptions->errorHandler(8, 'Undefined varia...', '/home/fallenxt/...', 547, Array)
#1 /home/fallenxt/public_html/remblerpro/app/Controllers/Keys.php(383): App\Controllers\Keys->generate_action()
#2 /home/fallenxt/public_html/remblerpro/vendor/codeigniter4/framework/system/CodeIgniter.php(824): App\Controllers\Keys->generate()
#3 /home/fallenxt/public_html/remblerpro/vendor/codeigniter4/framework/system/CodeIgniter.php(410): CodeIgniter\CodeIgniter->runController(Object(App\Controllers\Keys))
#4 /home/fallenxt/public_html/remblerpro/vendor/codeigniter4/framework/system/CodeIgniter.php(318): CodeIgniter\CodeIgniter->handleRequest(NULL, Object(Config\Cache), false)
#5 /home/fallenxt/public_html/remblerpro/public/index.php(37): CodeIgniter\CodeIgniter->run()
#6 {main}
