CRITICAL - 2022-07-19 14:02:21 --> Too many connections
#0 /home/fallenxt/public_html/app/Controllers/conn.php(8): mysqli_connect('localhost', 'fallenxt_jangra...', 'fallenxt_jangra...', 'fallenxt_jangra...')
#1 /home/fallenxt/public_html/app/Controllers/Connect.php(237): include('/home/fallenxt/...')
#2 /home/fallenxt/public_html/app/Controllers/Connect.php(39): App\Controllers\Connect->index_post()
#3 /home/fallenxt/public_html/vendor/codeigniter4/framework/system/CodeIgniter.php(824): App\Controllers\Connect->index()
#4 /home/fallenxt/public_html/vendor/codeigniter4/framework/system/CodeIgniter.php(410): CodeIgniter\CodeIgniter->runController(Object(App\Controllers\Connect))
#5 /home/fallenxt/public_html/vendor/codeigniter4/framework/system/CodeIgniter.php(318): CodeIgniter\CodeIgniter->handleRequest(NULL, Object(Config\Cache), false)
#6 /home/fallenxt/public_html/public/index.php(37): CodeIgniter\CodeIgniter->run()
#7 {main}
CRITICAL - 2022-07-19 14:03:13 --> mysqli_connect(): (HY000/1040): Too many connections
#0 [internal function]: CodeIgniter\Debug\Exceptions->errorHandler(2, 'mysqli_connect(...', '/home/fallenxt/...', 8, Array)
#1 /home/fallenxt/public_html/app/Controllers/conn.php(8): mysqli_connect('localhost', 'fallenxt_jangra...', 'fallenxt_jangra...', 'fallenxt_jangra...')
#2 /home/fallenxt/public_html/app/Controllers/Connect.php(13): include('/home/fallenxt/...')
#3 /home/fallenxt/public_html/vendor/codeigniter4/framework/system/CodeIgniter.php(801): App\Controllers\Connect->__construct()
#4 /home/fallenxt/public_html/vendor/codeigniter4/framework/system/CodeIgniter.php(401): CodeIgniter\CodeIgniter->createController()
#5 /home/fallenxt/public_html/vendor/codeigniter4/framework/system/CodeIgniter.php(318): CodeIgniter\CodeIgniter->handleRequest(NULL, Object(Config\Cache), false)
#6 /home/fallenxt/public_html/public/index.php(37): CodeIgniter\CodeIgniter->run()
#7 {main}
CRITICAL - 2022-07-19 14:03:15 --> Too many connections
#0 /home/fallenxt/public_html/app/Controllers/conn.php(8): mysqli_connect('localhost', 'fallenxt_jangra...', 'fallenxt_jangra...', 'fallenxt_jangra...')
#1 /home/fallenxt/public_html/app/Controllers/Connect.php(237): include('/home/fallenxt/...')
#2 /home/fallenxt/public_html/app/Controllers/Connect.php(39): App\Controllers\Connect->index_post()
#3 /home/fallenxt/public_html/vendor/codeigniter4/framework/system/CodeIgniter.php(824): App\Controllers\Connect->index()
#4 /home/fallenxt/public_html/vendor/codeigniter4/framework/system/CodeIgniter.php(410): CodeIgniter\CodeIgniter->runController(Object(App\Controllers\Connect))
#5 /home/fallenxt/public_html/vendor/codeigniter4/framework/system/CodeIgniter.php(318): CodeIgniter\CodeIgniter->handleRequest(NULL, Object(Config\Cache), false)
#6 /home/fallenxt/public_html/public/index.php(37): CodeIgniter\CodeIgniter->run()
#7 {main}
CRITICAL - 2022-07-19 14:07:54 --> mysqli_connect(): (HY000/1040): Too many connections
#0 [internal function]: CodeIgniter\Debug\Exceptions->errorHandler(2, 'mysqli_connect(...', '/home/fallenxt/...', 8, Array)
#1 /home/fallenxt/public_html/app/Controllers/conn.php(8): mysqli_connect('localhost', 'fallenxt_jangra...', 'fallenxt_jangra...', 'fallenxt_jangra...')
#2 /home/fallenxt/public_html/app/Controllers/Connect.php(13): include('/home/fallenxt/...')
#3 /home/fallenxt/public_html/vendor/codeigniter4/framework/system/CodeIgniter.php(801): App\Controllers\Connect->__construct()
#4 /home/fallenxt/public_html/vendor/codeigniter4/framework/system/CodeIgniter.php(401): CodeIgniter\CodeIgniter->createController()
#5 /home/fallenxt/public_html/vendor/codeigniter4/framework/system/CodeIgniter.php(318): CodeIgniter\CodeIgniter->handleRequest(NULL, Object(Config\Cache), false)
#6 /home/fallenxt/public_html/public/index.php(37): CodeIgniter\CodeIgniter->run()
#7 {main}
CRITICAL - 2022-07-19 14:07:56 --> mysqli_connect(): (HY000/1040): Too many connections
#0 [internal function]: CodeIgniter\Debug\Exceptions->errorHandler(2, 'mysqli_connect(...', '/home/fallenxt/...', 8, Array)
#1 /home/fallenxt/public_html/app/Controllers/conn.php(8): mysqli_connect('localhost', 'fallenxt_jangra...', 'fallenxt_jangra...', 'fallenxt_jangra...')
#2 /home/fallenxt/public_html/app/Controllers/Connect.php(13): include('/home/fallenxt/...')
#3 /home/fallenxt/public_html/vendor/codeigniter4/framework/system/CodeIgniter.php(801): App\Controllers\Connect->__construct()
#4 /home/fallenxt/public_html/vendor/codeigniter4/framework/system/CodeIgniter.php(401): CodeIgniter\CodeIgniter->createController()
#5 /home/fallenxt/public_html/vendor/codeigniter4/framework/system/CodeIgniter.php(318): CodeIgniter\CodeIgniter->handleRequest(NULL, Object(Config\Cache), false)
#6 /home/fallenxt/public_html/public/index.php(37): CodeIgniter\CodeIgniter->run()
#7 {main}
CRITICAL - 2022-07-19 14:08:01 --> mysqli_connect(): (HY000/1040): Too many connections
#0 [internal function]: CodeIgniter\Debug\Exceptions->errorHandler(2, 'mysqli_connect(...', '/home/fallenxt/...', 8, Array)
#1 /home/fallenxt/public_html/app/Controllers/conn.php(8): mysqli_connect('localhost', 'fallenxt_jangra...', 'fallenxt_jangra...', 'fallenxt_jangra...')
#2 /home/fallenxt/public_html/app/Controllers/Connect.php(13): include('/home/fallenxt/...')
#3 /home/fallenxt/public_html/vendor/codeigniter4/framework/system/CodeIgniter.php(801): App\Controllers\Connect->__construct()
#4 /home/fallenxt/public_html/vendor/codeigniter4/framework/system/CodeIgniter.php(401): CodeIgniter\CodeIgniter->createController()
#5 /home/fallenxt/public_html/vendor/codeigniter4/framework/system/CodeIgniter.php(318): CodeIgniter\CodeIgniter->handleRequest(NULL, Object(Config\Cache), false)
#6 /home/fallenxt/public_html/public/index.php(37): CodeIgniter\CodeIgniter->run()
#7 {main}
CRITICAL - 2022-07-19 23:31:41 --> Undefined variable: id
#0 /home/fallenxt/public_html/app/Controllers/User.php(138): CodeIgniter\Debug\Exceptions->errorHandler(8, 'Undefined varia...', '/home/fallenxt/...', 138, Array)
#1 /home/fallenxt/public_html/vendor/codeigniter4/framework/system/CodeIgniter.php(824): App\Controllers\User->singleDelete('154')
#2 /home/fallenxt/public_html/vendor/codeigniter4/framework/system/CodeIgniter.php(410): CodeIgniter\CodeIgniter->runController(Object(App\Controllers\User))
#3 /home/fallenxt/public_html/vendor/codeigniter4/framework/system/CodeIgniter.php(318): CodeIgniter\CodeIgniter->handleRequest(NULL, Object(Config\Cache), false)
#4 /home/fallenxt/public_html/public/index.php(37): CodeIgniter\CodeIgniter->run()
#5 {main}
