CRITICAL - 2023-04-26 04:34:27 --> Undefined variable: idKeys
#0 /home/troxxyz/rebrand.tro-x.xyz/app/Controllers/Keys.php(547): CodeIgniter\Debug\Exceptions->errorHandler(8, 'Undefined varia...', '/home/troxxyz/r...', 547, Array)
#1 /home/troxxyz/rebrand.tro-x.xyz/app/Controllers/Keys.php(383): App\Controllers\Keys->generate_action()
#2 /home/troxxyz/rebrand.tro-x.xyz/vendor/codeigniter4/framework/system/CodeIgniter.php(824): App\Controllers\Keys->generate()
#3 /home/troxxyz/rebrand.tro-x.xyz/vendor/codeigniter4/framework/system/CodeIgniter.php(410): CodeIgniter\CodeIgniter->runController(Object(App\Controllers\Keys))
#4 /home/troxxyz/rebrand.tro-x.xyz/vendor/codeigniter4/framework/system/CodeIgniter.php(318): CodeIgniter\CodeIgniter->handleRequest(NULL, Object(Config\Cache), false)
#5 /home/troxxyz/rebrand.tro-x.xyz/public/index.php(37): CodeIgniter\CodeIgniter->run()
#6 {main}
CRITICAL - 2023-04-26 04:34:35 --> Undefined variable: idKeys
#0 /home/troxxyz/rebrand.tro-x.xyz/app/Controllers/Keys.php(547): CodeIgniter\Debug\Exceptions->errorHandler(8, 'Undefined varia...', '/home/troxxyz/r...', 547, Array)
#1 /home/troxxyz/rebrand.tro-x.xyz/app/Controllers/Keys.php(383): App\Controllers\Keys->generate_action()
#2 /home/troxxyz/rebrand.tro-x.xyz/vendor/codeigniter4/framework/system/CodeIgniter.php(824): App\Controllers\Keys->generate()
#3 /home/troxxyz/rebrand.tro-x.xyz/vendor/codeigniter4/framework/system/CodeIgniter.php(410): CodeIgniter\CodeIgniter->runController(Object(App\Controllers\Keys))
#4 /home/troxxyz/rebrand.tro-x.xyz/vendor/codeigniter4/framework/system/CodeIgniter.php(318): CodeIgniter\CodeIgniter->handleRequest(NULL, Object(Config\Cache), false)
#5 /home/troxxyz/rebrand.tro-x.xyz/public/index.php(37): CodeIgniter\CodeIgniter->run()
#6 {main}
CRITICAL - 2023-04-26 04:36:04 --> Undefined variable: idKeys
#0 /home/troxxyz/rebrand.tro-x.xyz/app/Controllers/Keys.php(547): CodeIgniter\Debug\Exceptions->errorHandler(8, 'Undefined varia...', '/home/troxxyz/r...', 547, Array)
#1 /home/troxxyz/rebrand.tro-x.xyz/app/Controllers/Keys.php(383): App\Controllers\Keys->generate_action()
#2 /home/troxxyz/rebrand.tro-x.xyz/vendor/codeigniter4/framework/system/CodeIgniter.php(824): App\Controllers\Keys->generate()
#3 /home/troxxyz/rebrand.tro-x.xyz/vendor/codeigniter4/framework/system/CodeIgniter.php(410): CodeIgniter\CodeIgniter->runController(Object(App\Controllers\Keys))
#4 /home/troxxyz/rebrand.tro-x.xyz/vendor/codeigniter4/framework/system/CodeIgniter.php(318): CodeIgniter\CodeIgniter->handleRequest(NULL, Object(Config\Cache), false)
#5 /home/troxxyz/rebrand.tro-x.xyz/public/index.php(37): CodeIgniter\CodeIgniter->run()
#6 {main}
CRITICAL - 2023-04-26 04:36:28 --> Undefined variable: idKeys
#0 /home/troxxyz/rebrand.tro-x.xyz/app/Controllers/Keys.php(547): CodeIgniter\Debug\Exceptions->errorHandler(8, 'Undefined varia...', '/home/troxxyz/r...', 547, Array)
#1 /home/troxxyz/rebrand.tro-x.xyz/app/Controllers/Keys.php(383): App\Controllers\Keys->generate_action()
#2 /home/troxxyz/rebrand.tro-x.xyz/vendor/codeigniter4/framework/system/CodeIgniter.php(824): App\Controllers\Keys->generate()
#3 /home/troxxyz/rebrand.tro-x.xyz/vendor/codeigniter4/framework/system/CodeIgniter.php(410): CodeIgniter\CodeIgniter->runController(Object(App\Controllers\Keys))
#4 /home/troxxyz/rebrand.tro-x.xyz/vendor/codeigniter4/framework/system/CodeIgniter.php(318): CodeIgniter\CodeIgniter->handleRequest(NULL, Object(Config\Cache), false)
#5 /home/troxxyz/rebrand.tro-x.xyz/public/index.php(37): CodeIgniter\CodeIgniter->run()
#6 {main}
CRITICAL - 2023-04-26 12:29:08 --> Undefined variable: idKeys
#0 /home/troxxyz/rebrand.tro-x.xyz/app/Controllers/Keys.php(547): CodeIgniter\Debug\Exceptions->errorHandler(8, 'Undefined varia...', '/home/troxxyz/r...', 547, Array)
#1 /home/troxxyz/rebrand.tro-x.xyz/app/Controllers/Keys.php(383): App\Controllers\Keys->generate_action()
#2 /home/troxxyz/rebrand.tro-x.xyz/vendor/codeigniter4/framework/system/CodeIgniter.php(824): App\Controllers\Keys->generate()
#3 /home/troxxyz/rebrand.tro-x.xyz/vendor/codeigniter4/framework/system/CodeIgniter.php(410): CodeIgniter\CodeIgniter->runController(Object(App\Controllers\Keys))
#4 /home/troxxyz/rebrand.tro-x.xyz/vendor/codeigniter4/framework/system/CodeIgniter.php(318): CodeIgniter\CodeIgniter->handleRequest(NULL, Object(Config\Cache), false)
#5 /home/troxxyz/rebrand.tro-x.xyz/public/index.php(37): CodeIgniter\CodeIgniter->run()
#6 {main}
CRITICAL - 2023-04-26 12:29:13 --> Undefined variable: idKeys
#0 /home/troxxyz/rebrand.tro-x.xyz/app/Controllers/Keys.php(547): CodeIgniter\Debug\Exceptions->errorHandler(8, 'Undefined varia...', '/home/troxxyz/r...', 547, Array)
#1 /home/troxxyz/rebrand.tro-x.xyz/app/Controllers/Keys.php(383): App\Controllers\Keys->generate_action()
#2 /home/troxxyz/rebrand.tro-x.xyz/vendor/codeigniter4/framework/system/CodeIgniter.php(824): App\Controllers\Keys->generate()
#3 /home/troxxyz/rebrand.tro-x.xyz/vendor/codeigniter4/framework/system/CodeIgniter.php(410): CodeIgniter\CodeIgniter->runController(Object(App\Controllers\Keys))
#4 /home/troxxyz/rebrand.tro-x.xyz/vendor/codeigniter4/framework/system/CodeIgniter.php(318): CodeIgniter\CodeIgniter->handleRequest(NULL, Object(Config\Cache), false)
#5 /home/troxxyz/rebrand.tro-x.xyz/public/index.php(37): CodeIgniter\CodeIgniter->run()
#6 {main}
CRITICAL - 2023-04-26 12:29:32 --> Undefined variable: idKeys
#0 /home/troxxyz/rebrand.tro-x.xyz/app/Controllers/Keys.php(547): CodeIgniter\Debug\Exceptions->errorHandler(8, 'Undefined varia...', '/home/troxxyz/r...', 547, Array)
#1 /home/troxxyz/rebrand.tro-x.xyz/app/Controllers/Keys.php(383): App\Controllers\Keys->generate_action()
#2 /home/troxxyz/rebrand.tro-x.xyz/vendor/codeigniter4/framework/system/CodeIgniter.php(824): App\Controllers\Keys->generate()
#3 /home/troxxyz/rebrand.tro-x.xyz/vendor/codeigniter4/framework/system/CodeIgniter.php(410): CodeIgniter\CodeIgniter->runController(Object(App\Controllers\Keys))
#4 /home/troxxyz/rebrand.tro-x.xyz/vendor/codeigniter4/framework/system/CodeIgniter.php(318): CodeIgniter\CodeIgniter->handleRequest(NULL, Object(Config\Cache), false)
#5 /home/troxxyz/rebrand.tro-x.xyz/public/index.php(37): CodeIgniter\CodeIgniter->run()
#6 {main}
CRITICAL - 2023-04-26 12:29:44 --> Undefined variable: idKeys
#0 /home/troxxyz/rebrand.tro-x.xyz/app/Controllers/Keys.php(547): CodeIgniter\Debug\Exceptions->errorHandler(8, 'Undefined varia...', '/home/troxxyz/r...', 547, Array)
#1 /home/troxxyz/rebrand.tro-x.xyz/app/Controllers/Keys.php(383): App\Controllers\Keys->generate_action()
#2 /home/troxxyz/rebrand.tro-x.xyz/vendor/codeigniter4/framework/system/CodeIgniter.php(824): App\Controllers\Keys->generate()
#3 /home/troxxyz/rebrand.tro-x.xyz/vendor/codeigniter4/framework/system/CodeIgniter.php(410): CodeIgniter\CodeIgniter->runController(Object(App\Controllers\Keys))
#4 /home/troxxyz/rebrand.tro-x.xyz/vendor/codeigniter4/framework/system/CodeIgniter.php(318): CodeIgniter\CodeIgniter->handleRequest(NULL, Object(Config\Cache), false)
#5 /home/troxxyz/rebrand.tro-x.xyz/public/index.php(37): CodeIgniter\CodeIgniter->run()
#6 {main}
CRITICAL - 2023-04-26 12:34:52 --> Undefined variable: idKeys
#0 /home/troxxyz/rebrand.tro-x.xyz/app/Controllers/Keys.php(547): CodeIgniter\Debug\Exceptions->errorHandler(8, 'Undefined varia...', '/home/troxxyz/r...', 547, Array)
#1 /home/troxxyz/rebrand.tro-x.xyz/app/Controllers/Keys.php(383): App\Controllers\Keys->generate_action()
#2 /home/troxxyz/rebrand.tro-x.xyz/vendor/codeigniter4/framework/system/CodeIgniter.php(824): App\Controllers\Keys->generate()
#3 /home/troxxyz/rebrand.tro-x.xyz/vendor/codeigniter4/framework/system/CodeIgniter.php(410): CodeIgniter\CodeIgniter->runController(Object(App\Controllers\Keys))
#4 /home/troxxyz/rebrand.tro-x.xyz/vendor/codeigniter4/framework/system/CodeIgniter.php(318): CodeIgniter\CodeIgniter->handleRequest(NULL, Object(Config\Cache), false)
#5 /home/troxxyz/rebrand.tro-x.xyz/public/index.php(37): CodeIgniter\CodeIgniter->run()
#6 {main}
CRITICAL - 2023-04-26 12:44:12 --> Undefined variable: idKeys
#0 /home/troxxyz/rebrand.tro-x.xyz/app/Controllers/Keys.php(547): CodeIgniter\Debug\Exceptions->errorHandler(8, 'Undefined varia...', '/home/troxxyz/r...', 547, Array)
#1 /home/troxxyz/rebrand.tro-x.xyz/app/Controllers/Keys.php(383): App\Controllers\Keys->generate_action()
#2 /home/troxxyz/rebrand.tro-x.xyz/vendor/codeigniter4/framework/system/CodeIgniter.php(824): App\Controllers\Keys->generate()
#3 /home/troxxyz/rebrand.tro-x.xyz/vendor/codeigniter4/framework/system/CodeIgniter.php(410): CodeIgniter\CodeIgniter->runController(Object(App\Controllers\Keys))
#4 /home/troxxyz/rebrand.tro-x.xyz/vendor/codeigniter4/framework/system/CodeIgniter.php(318): CodeIgniter\CodeIgniter->handleRequest(NULL, Object(Config\Cache), false)
#5 /home/troxxyz/rebrand.tro-x.xyz/public/index.php(37): CodeIgniter\CodeIgniter->run()
#6 {main}
CRITICAL - 2023-04-26 12:44:22 --> Undefined variable: idKeys
#0 /home/troxxyz/rebrand.tro-x.xyz/app/Controllers/Keys.php(547): CodeIgniter\Debug\Exceptions->errorHandler(8, 'Undefined varia...', '/home/troxxyz/r...', 547, Array)
#1 /home/troxxyz/rebrand.tro-x.xyz/app/Controllers/Keys.php(383): App\Controllers\Keys->generate_action()
#2 /home/troxxyz/rebrand.tro-x.xyz/vendor/codeigniter4/framework/system/CodeIgniter.php(824): App\Controllers\Keys->generate()
#3 /home/troxxyz/rebrand.tro-x.xyz/vendor/codeigniter4/framework/system/CodeIgniter.php(410): CodeIgniter\CodeIgniter->runController(Object(App\Controllers\Keys))
#4 /home/troxxyz/rebrand.tro-x.xyz/vendor/codeigniter4/framework/system/CodeIgniter.php(318): CodeIgniter\CodeIgniter->handleRequest(NULL, Object(Config\Cache), false)
#5 /home/troxxyz/rebrand.tro-x.xyz/public/index.php(37): CodeIgniter\CodeIgniter->run()
#6 {main}
CRITICAL - 2023-04-26 12:44:25 --> Undefined variable: idKeys
#0 /home/troxxyz/rebrand.tro-x.xyz/app/Controllers/Keys.php(547): CodeIgniter\Debug\Exceptions->errorHandler(8, 'Undefined varia...', '/home/troxxyz/r...', 547, Array)
#1 /home/troxxyz/rebrand.tro-x.xyz/app/Controllers/Keys.php(383): App\Controllers\Keys->generate_action()
#2 /home/troxxyz/rebrand.tro-x.xyz/vendor/codeigniter4/framework/system/CodeIgniter.php(824): App\Controllers\Keys->generate()
#3 /home/troxxyz/rebrand.tro-x.xyz/vendor/codeigniter4/framework/system/CodeIgniter.php(410): CodeIgniter\CodeIgniter->runController(Object(App\Controllers\Keys))
#4 /home/troxxyz/rebrand.tro-x.xyz/vendor/codeigniter4/framework/system/CodeIgniter.php(318): CodeIgniter\CodeIgniter->handleRequest(NULL, Object(Config\Cache), false)
#5 /home/troxxyz/rebrand.tro-x.xyz/public/index.php(37): CodeIgniter\CodeIgniter->run()
#6 {main}
CRITICAL - 2023-04-26 12:44:33 --> Undefined variable: idKeys
#0 /home/troxxyz/rebrand.tro-x.xyz/app/Controllers/Keys.php(547): CodeIgniter\Debug\Exceptions->errorHandler(8, 'Undefined varia...', '/home/troxxyz/r...', 547, Array)
#1 /home/troxxyz/rebrand.tro-x.xyz/app/Controllers/Keys.php(383): App\Controllers\Keys->generate_action()
#2 /home/troxxyz/rebrand.tro-x.xyz/vendor/codeigniter4/framework/system/CodeIgniter.php(824): App\Controllers\Keys->generate()
#3 /home/troxxyz/rebrand.tro-x.xyz/vendor/codeigniter4/framework/system/CodeIgniter.php(410): CodeIgniter\CodeIgniter->runController(Object(App\Controllers\Keys))
#4 /home/troxxyz/rebrand.tro-x.xyz/vendor/codeigniter4/framework/system/CodeIgniter.php(318): CodeIgniter\CodeIgniter->handleRequest(NULL, Object(Config\Cache), false)
#5 /home/troxxyz/rebrand.tro-x.xyz/public/index.php(37): CodeIgniter\CodeIgniter->run()
#6 {main}
CRITICAL - 2023-04-26 12:44:46 --> Undefined variable: idKeys
#0 /home/troxxyz/rebrand.tro-x.xyz/app/Controllers/Keys.php(547): CodeIgniter\Debug\Exceptions->errorHandler(8, 'Undefined varia...', '/home/troxxyz/r...', 547, Array)
#1 /home/troxxyz/rebrand.tro-x.xyz/app/Controllers/Keys.php(383): App\Controllers\Keys->generate_action()
#2 /home/troxxyz/rebrand.tro-x.xyz/vendor/codeigniter4/framework/system/CodeIgniter.php(824): App\Controllers\Keys->generate()
#3 /home/troxxyz/rebrand.tro-x.xyz/vendor/codeigniter4/framework/system/CodeIgniter.php(410): CodeIgniter\CodeIgniter->runController(Object(App\Controllers\Keys))
#4 /home/troxxyz/rebrand.tro-x.xyz/vendor/codeigniter4/framework/system/CodeIgniter.php(318): CodeIgniter\CodeIgniter->handleRequest(NULL, Object(Config\Cache), false)
#5 /home/troxxyz/rebrand.tro-x.xyz/public/index.php(37): CodeIgniter\CodeIgniter->run()
#6 {main}
CRITICAL - 2023-04-26 12:45:33 --> Undefined variable: idKeys
#0 /home/troxxyz/rebrand.tro-x.xyz/app/Controllers/Keys.php(547): CodeIgniter\Debug\Exceptions->errorHandler(8, 'Undefined varia...', '/home/troxxyz/r...', 547, Array)
#1 /home/troxxyz/rebrand.tro-x.xyz/app/Controllers/Keys.php(383): App\Controllers\Keys->generate_action()
#2 /home/troxxyz/rebrand.tro-x.xyz/vendor/codeigniter4/framework/system/CodeIgniter.php(824): App\Controllers\Keys->generate()
#3 /home/troxxyz/rebrand.tro-x.xyz/vendor/codeigniter4/framework/system/CodeIgniter.php(410): CodeIgniter\CodeIgniter->runController(Object(App\Controllers\Keys))
#4 /home/troxxyz/rebrand.tro-x.xyz/vendor/codeigniter4/framework/system/CodeIgniter.php(318): CodeIgniter\CodeIgniter->handleRequest(NULL, Object(Config\Cache), false)
#5 /home/troxxyz/rebrand.tro-x.xyz/public/index.php(37): CodeIgniter\CodeIgniter->run()
#6 {main}
CRITICAL - 2023-04-26 12:45:39 --> Undefined variable: idKeys
#0 /home/troxxyz/rebrand.tro-x.xyz/app/Controllers/Keys.php(547): CodeIgniter\Debug\Exceptions->errorHandler(8, 'Undefined varia...', '/home/troxxyz/r...', 547, Array)
#1 /home/troxxyz/rebrand.tro-x.xyz/app/Controllers/Keys.php(383): App\Controllers\Keys->generate_action()
#2 /home/troxxyz/rebrand.tro-x.xyz/vendor/codeigniter4/framework/system/CodeIgniter.php(824): App\Controllers\Keys->generate()
#3 /home/troxxyz/rebrand.tro-x.xyz/vendor/codeigniter4/framework/system/CodeIgniter.php(410): CodeIgniter\CodeIgniter->runController(Object(App\Controllers\Keys))
#4 /home/troxxyz/rebrand.tro-x.xyz/vendor/codeigniter4/framework/system/CodeIgniter.php(318): CodeIgniter\CodeIgniter->handleRequest(NULL, Object(Config\Cache), false)
#5 /home/troxxyz/rebrand.tro-x.xyz/public/index.php(37): CodeIgniter\CodeIgniter->run()
#6 {main}
CRITICAL - 2023-04-26 12:47:09 --> Undefined variable: idKeys
#0 /home/troxxyz/rebrand.tro-x.xyz/app/Controllers/Keys.php(547): CodeIgniter\Debug\Exceptions->errorHandler(8, 'Undefined varia...', '/home/troxxyz/r...', 547, Array)
#1 /home/troxxyz/rebrand.tro-x.xyz/app/Controllers/Keys.php(383): App\Controllers\Keys->generate_action()
#2 /home/troxxyz/rebrand.tro-x.xyz/vendor/codeigniter4/framework/system/CodeIgniter.php(824): App\Controllers\Keys->generate()
#3 /home/troxxyz/rebrand.tro-x.xyz/vendor/codeigniter4/framework/system/CodeIgniter.php(410): CodeIgniter\CodeIgniter->runController(Object(App\Controllers\Keys))
#4 /home/troxxyz/rebrand.tro-x.xyz/vendor/codeigniter4/framework/system/CodeIgniter.php(318): CodeIgniter\CodeIgniter->handleRequest(NULL, Object(Config\Cache), false)
#5 /home/troxxyz/rebrand.tro-x.xyz/public/index.php(37): CodeIgniter\CodeIgniter->run()
#6 {main}
CRITICAL - 2023-04-26 12:47:16 --> Undefined variable: idKeys
#0 /home/troxxyz/rebrand.tro-x.xyz/app/Controllers/Keys.php(547): CodeIgniter\Debug\Exceptions->errorHandler(8, 'Undefined varia...', '/home/troxxyz/r...', 547, Array)
#1 /home/troxxyz/rebrand.tro-x.xyz/app/Controllers/Keys.php(383): App\Controllers\Keys->generate_action()
#2 /home/troxxyz/rebrand.tro-x.xyz/vendor/codeigniter4/framework/system/CodeIgniter.php(824): App\Controllers\Keys->generate()
#3 /home/troxxyz/rebrand.tro-x.xyz/vendor/codeigniter4/framework/system/CodeIgniter.php(410): CodeIgniter\CodeIgniter->runController(Object(App\Controllers\Keys))
#4 /home/troxxyz/rebrand.tro-x.xyz/vendor/codeigniter4/framework/system/CodeIgniter.php(318): CodeIgniter\CodeIgniter->handleRequest(NULL, Object(Config\Cache), false)
#5 /home/troxxyz/rebrand.tro-x.xyz/public/index.php(37): CodeIgniter\CodeIgniter->run()
#6 {main}
CRITICAL - 2023-04-26 12:52:16 --> Undefined variable: idKeys
#0 /home/troxxyz/rebrand.tro-x.xyz/app/Controllers/Keys.php(547): CodeIgniter\Debug\Exceptions->errorHandler(8, 'Undefined varia...', '/home/troxxyz/r...', 547, Array)
#1 /home/troxxyz/rebrand.tro-x.xyz/app/Controllers/Keys.php(383): App\Controllers\Keys->generate_action()
#2 /home/troxxyz/rebrand.tro-x.xyz/vendor/codeigniter4/framework/system/CodeIgniter.php(824): App\Controllers\Keys->generate()
#3 /home/troxxyz/rebrand.tro-x.xyz/vendor/codeigniter4/framework/system/CodeIgniter.php(410): CodeIgniter\CodeIgniter->runController(Object(App\Controllers\Keys))
#4 /home/troxxyz/rebrand.tro-x.xyz/vendor/codeigniter4/framework/system/CodeIgniter.php(318): CodeIgniter\CodeIgniter->handleRequest(NULL, Object(Config\Cache), false)
#5 /home/troxxyz/rebrand.tro-x.xyz/public/index.php(37): CodeIgniter\CodeIgniter->run()
#6 {main}
CRITICAL - 2023-04-26 13:00:31 --> Undefined variable: idKeys
#0 /home/troxxyz/rebrand.tro-x.xyz/app/Controllers/Keys.php(547): CodeIgniter\Debug\Exceptions->errorHandler(8, 'Undefined varia...', '/home/troxxyz/r...', 547, Array)
#1 /home/troxxyz/rebrand.tro-x.xyz/app/Controllers/Keys.php(383): App\Controllers\Keys->generate_action()
#2 /home/troxxyz/rebrand.tro-x.xyz/vendor/codeigniter4/framework/system/CodeIgniter.php(824): App\Controllers\Keys->generate()
#3 /home/troxxyz/rebrand.tro-x.xyz/vendor/codeigniter4/framework/system/CodeIgniter.php(410): CodeIgniter\CodeIgniter->runController(Object(App\Controllers\Keys))
#4 /home/troxxyz/rebrand.tro-x.xyz/vendor/codeigniter4/framework/system/CodeIgniter.php(318): CodeIgniter\CodeIgniter->handleRequest(NULL, Object(Config\Cache), false)
#5 /home/troxxyz/rebrand.tro-x.xyz/public/index.php(37): CodeIgniter\CodeIgniter->run()
#6 {main}
CRITICAL - 2023-04-26 13:07:01 --> Undefined variable: data_response
#0 /home/troxxyz/rebrand.tro-x.xyz/app/Controllers/Keyz.php(517): CodeIgniter\Debug\Exceptions->errorHandler(8, 'Undefined varia...', '/home/troxxyz/r...', 517, Array)
#1 /home/troxxyz/rebrand.tro-x.xyz/app/Controllers/Keyz.php(359): App\Controllers\Keyz->generates_action()
#2 /home/troxxyz/rebrand.tro-x.xyz/vendor/codeigniter4/framework/system/CodeIgniter.php(824): App\Controllers\Keyz->generates()
#3 /home/troxxyz/rebrand.tro-x.xyz/vendor/codeigniter4/framework/system/CodeIgniter.php(410): CodeIgniter\CodeIgniter->runController(Object(App\Controllers\Keyz))
#4 /home/troxxyz/rebrand.tro-x.xyz/vendor/codeigniter4/framework/system/CodeIgniter.php(318): CodeIgniter\CodeIgniter->handleRequest(NULL, Object(Config\Cache), false)
#5 /home/troxxyz/rebrand.tro-x.xyz/public/index.php(37): CodeIgniter\CodeIgniter->run()
#6 {main}
CRITICAL - 2023-04-26 13:07:08 --> Undefined variable: data_response
#0 /home/troxxyz/rebrand.tro-x.xyz/app/Controllers/Keyz.php(517): CodeIgniter\Debug\Exceptions->errorHandler(8, 'Undefined varia...', '/home/troxxyz/r...', 517, Array)
#1 /home/troxxyz/rebrand.tro-x.xyz/app/Controllers/Keyz.php(359): App\Controllers\Keyz->generates_action()
#2 /home/troxxyz/rebrand.tro-x.xyz/vendor/codeigniter4/framework/system/CodeIgniter.php(824): App\Controllers\Keyz->generates()
#3 /home/troxxyz/rebrand.tro-x.xyz/vendor/codeigniter4/framework/system/CodeIgniter.php(410): CodeIgniter\CodeIgniter->runController(Object(App\Controllers\Keyz))
#4 /home/troxxyz/rebrand.tro-x.xyz/vendor/codeigniter4/framework/system/CodeIgniter.php(318): CodeIgniter\CodeIgniter->handleRequest(NULL, Object(Config\Cache), false)
#5 /home/troxxyz/rebrand.tro-x.xyz/public/index.php(37): CodeIgniter\CodeIgniter->run()
#6 {main}
CRITICAL - 2023-04-26 13:07:24 --> Undefined variable: data_response
#0 /home/troxxyz/rebrand.tro-x.xyz/app/Controllers/Keyz.php(517): CodeIgniter\Debug\Exceptions->errorHandler(8, 'Undefined varia...', '/home/troxxyz/r...', 517, Array)
#1 /home/troxxyz/rebrand.tro-x.xyz/app/Controllers/Keyz.php(359): App\Controllers\Keyz->generates_action()
#2 /home/troxxyz/rebrand.tro-x.xyz/vendor/codeigniter4/framework/system/CodeIgniter.php(824): App\Controllers\Keyz->generates()
#3 /home/troxxyz/rebrand.tro-x.xyz/vendor/codeigniter4/framework/system/CodeIgniter.php(410): CodeIgniter\CodeIgniter->runController(Object(App\Controllers\Keyz))
#4 /home/troxxyz/rebrand.tro-x.xyz/vendor/codeigniter4/framework/system/CodeIgniter.php(318): CodeIgniter\CodeIgniter->handleRequest(NULL, Object(Config\Cache), false)
#5 /home/troxxyz/rebrand.tro-x.xyz/public/index.php(37): CodeIgniter\CodeIgniter->run()
#6 {main}
CRITICAL - 2023-04-26 13:09:25 --> Undefined variable: idKeys
#0 /home/troxxyz/rebrand.tro-x.xyz/app/Controllers/Keys.php(547): CodeIgniter\Debug\Exceptions->errorHandler(8, 'Undefined varia...', '/home/troxxyz/r...', 547, Array)
#1 /home/troxxyz/rebrand.tro-x.xyz/app/Controllers/Keys.php(383): App\Controllers\Keys->generate_action()
#2 /home/troxxyz/rebrand.tro-x.xyz/vendor/codeigniter4/framework/system/CodeIgniter.php(824): App\Controllers\Keys->generate()
#3 /home/troxxyz/rebrand.tro-x.xyz/vendor/codeigniter4/framework/system/CodeIgniter.php(410): CodeIgniter\CodeIgniter->runController(Object(App\Controllers\Keys))
#4 /home/troxxyz/rebrand.tro-x.xyz/vendor/codeigniter4/framework/system/CodeIgniter.php(318): CodeIgniter\CodeIgniter->handleRequest(NULL, Object(Config\Cache), false)
#5 /home/troxxyz/rebrand.tro-x.xyz/public/index.php(37): CodeIgniter\CodeIgniter->run()
#6 {main}
CRITICAL - 2023-04-26 13:22:35 --> Undefined variable: idKeys
#0 /home/troxxyz/rebrand.tro-x.xyz/app/Controllers/Keys.php(547): CodeIgniter\Debug\Exceptions->errorHandler(8, 'Undefined varia...', '/home/troxxyz/r...', 547, Array)
#1 /home/troxxyz/rebrand.tro-x.xyz/app/Controllers/Keys.php(383): App\Controllers\Keys->generate_action()
#2 /home/troxxyz/rebrand.tro-x.xyz/vendor/codeigniter4/framework/system/CodeIgniter.php(824): App\Controllers\Keys->generate()
#3 /home/troxxyz/rebrand.tro-x.xyz/vendor/codeigniter4/framework/system/CodeIgniter.php(410): CodeIgniter\CodeIgniter->runController(Object(App\Controllers\Keys))
#4 /home/troxxyz/rebrand.tro-x.xyz/vendor/codeigniter4/framework/system/CodeIgniter.php(318): CodeIgniter\CodeIgniter->handleRequest(NULL, Object(Config\Cache), false)
#5 /home/troxxyz/rebrand.tro-x.xyz/public/index.php(37): CodeIgniter\CodeIgniter->run()
#6 {main}
CRITICAL - 2023-04-26 13:26:52 --> Undefined variable: idKeys
#0 /home/troxxyz/rebrand.tro-x.xyz/app/Controllers/Keys.php(547): CodeIgniter\Debug\Exceptions->errorHandler(8, 'Undefined varia...', '/home/troxxyz/r...', 547, Array)
#1 /home/troxxyz/rebrand.tro-x.xyz/app/Controllers/Keys.php(383): App\Controllers\Keys->generate_action()
#2 /home/troxxyz/rebrand.tro-x.xyz/vendor/codeigniter4/framework/system/CodeIgniter.php(824): App\Controllers\Keys->generate()
#3 /home/troxxyz/rebrand.tro-x.xyz/vendor/codeigniter4/framework/system/CodeIgniter.php(410): CodeIgniter\CodeIgniter->runController(Object(App\Controllers\Keys))
#4 /home/troxxyz/rebrand.tro-x.xyz/vendor/codeigniter4/framework/system/CodeIgniter.php(318): CodeIgniter\CodeIgniter->handleRequest(NULL, Object(Config\Cache), false)
#5 /home/troxxyz/rebrand.tro-x.xyz/public/index.php(37): CodeIgniter\CodeIgniter->run()
#6 {main}
CRITICAL - 2023-04-26 13:30:47 --> Undefined variable: idKeys
#0 /home/troxxyz/rebrand.tro-x.xyz/app/Controllers/Keys.php(547): CodeIgniter\Debug\Exceptions->errorHandler(8, 'Undefined varia...', '/home/troxxyz/r...', 547, Array)
#1 /home/troxxyz/rebrand.tro-x.xyz/app/Controllers/Keys.php(383): App\Controllers\Keys->generate_action()
#2 /home/troxxyz/rebrand.tro-x.xyz/vendor/codeigniter4/framework/system/CodeIgniter.php(824): App\Controllers\Keys->generate()
#3 /home/troxxyz/rebrand.tro-x.xyz/vendor/codeigniter4/framework/system/CodeIgniter.php(410): CodeIgniter\CodeIgniter->runController(Object(App\Controllers\Keys))
#4 /home/troxxyz/rebrand.tro-x.xyz/vendor/codeigniter4/framework/system/CodeIgniter.php(318): CodeIgniter\CodeIgniter->handleRequest(NULL, Object(Config\Cache), false)
#5 /home/troxxyz/rebrand.tro-x.xyz/public/index.php(37): CodeIgniter\CodeIgniter->run()
#6 {main}
CRITICAL - 2023-04-26 13:47:21 --> Undefined variable: idKeys
#0 /home/troxxyz/rebrand.tro-x.xyz/app/Controllers/Keys.php(547): CodeIgniter\Debug\Exceptions->errorHandler(8, 'Undefined varia...', '/home/troxxyz/r...', 547, Array)
#1 /home/troxxyz/rebrand.tro-x.xyz/app/Controllers/Keys.php(383): App\Controllers\Keys->generate_action()
#2 /home/troxxyz/rebrand.tro-x.xyz/vendor/codeigniter4/framework/system/CodeIgniter.php(824): App\Controllers\Keys->generate()
#3 /home/troxxyz/rebrand.tro-x.xyz/vendor/codeigniter4/framework/system/CodeIgniter.php(410): CodeIgniter\CodeIgniter->runController(Object(App\Controllers\Keys))
#4 /home/troxxyz/rebrand.tro-x.xyz/vendor/codeigniter4/framework/system/CodeIgniter.php(318): CodeIgniter\CodeIgniter->handleRequest(NULL, Object(Config\Cache), false)
#5 /home/troxxyz/rebrand.tro-x.xyz/public/index.php(37): CodeIgniter\CodeIgniter->run()
#6 {main}
CRITICAL - 2023-04-26 13:55:34 --> Undefined variable: idKeys
#0 /home/troxxyz/rebrand.tro-x.xyz/app/Controllers/Keys.php(547): CodeIgniter\Debug\Exceptions->errorHandler(8, 'Undefined varia...', '/home/troxxyz/r...', 547, Array)
#1 /home/troxxyz/rebrand.tro-x.xyz/app/Controllers/Keys.php(383): App\Controllers\Keys->generate_action()
#2 /home/troxxyz/rebrand.tro-x.xyz/vendor/codeigniter4/framework/system/CodeIgniter.php(824): App\Controllers\Keys->generate()
#3 /home/troxxyz/rebrand.tro-x.xyz/vendor/codeigniter4/framework/system/CodeIgniter.php(410): CodeIgniter\CodeIgniter->runController(Object(App\Controllers\Keys))
#4 /home/troxxyz/rebrand.tro-x.xyz/vendor/codeigniter4/framework/system/CodeIgniter.php(318): CodeIgniter\CodeIgniter->handleRequest(NULL, Object(Config\Cache), false)
#5 /home/troxxyz/rebrand.tro-x.xyz/public/index.php(37): CodeIgniter\CodeIgniter->run()
#6 {main}
CRITICAL - 2023-04-26 13:56:07 --> Undefined variable: idKeys
#0 /home/troxxyz/rebrand.tro-x.xyz/app/Controllers/Keys.php(547): CodeIgniter\Debug\Exceptions->errorHandler(8, 'Undefined varia...', '/home/troxxyz/r...', 547, Array)
#1 /home/troxxyz/rebrand.tro-x.xyz/app/Controllers/Keys.php(383): App\Controllers\Keys->generate_action()
#2 /home/troxxyz/rebrand.tro-x.xyz/vendor/codeigniter4/framework/system/CodeIgniter.php(824): App\Controllers\Keys->generate()
#3 /home/troxxyz/rebrand.tro-x.xyz/vendor/codeigniter4/framework/system/CodeIgniter.php(410): CodeIgniter\CodeIgniter->runController(Object(App\Controllers\Keys))
#4 /home/troxxyz/rebrand.tro-x.xyz/vendor/codeigniter4/framework/system/CodeIgniter.php(318): CodeIgniter\CodeIgniter->handleRequest(NULL, Object(Config\Cache), false)
#5 /home/troxxyz/rebrand.tro-x.xyz/public/index.php(37): CodeIgniter\CodeIgniter->run()
#6 {main}
CRITICAL - 2023-04-26 14:05:55 --> Undefined variable: idKeys
#0 /home/troxxyz/rebrand.tro-x.xyz/app/Controllers/Keys.php(547): CodeIgniter\Debug\Exceptions->errorHandler(8, 'Undefined varia...', '/home/troxxyz/r...', 547, Array)
#1 /home/troxxyz/rebrand.tro-x.xyz/app/Controllers/Keys.php(383): App\Controllers\Keys->generate_action()
#2 /home/troxxyz/rebrand.tro-x.xyz/vendor/codeigniter4/framework/system/CodeIgniter.php(824): App\Controllers\Keys->generate()
#3 /home/troxxyz/rebrand.tro-x.xyz/vendor/codeigniter4/framework/system/CodeIgniter.php(410): CodeIgniter\CodeIgniter->runController(Object(App\Controllers\Keys))
#4 /home/troxxyz/rebrand.tro-x.xyz/vendor/codeigniter4/framework/system/CodeIgniter.php(318): CodeIgniter\CodeIgniter->handleRequest(NULL, Object(Config\Cache), false)
#5 /home/troxxyz/rebrand.tro-x.xyz/public/index.php(37): CodeIgniter\CodeIgniter->run()
#6 {main}
CRITICAL - 2023-04-26 14:06:08 --> Undefined variable: idKeys
#0 /home/troxxyz/rebrand.tro-x.xyz/app/Controllers/Keys.php(547): CodeIgniter\Debug\Exceptions->errorHandler(8, 'Undefined varia...', '/home/troxxyz/r...', 547, Array)
#1 /home/troxxyz/rebrand.tro-x.xyz/app/Controllers/Keys.php(383): App\Controllers\Keys->generate_action()
#2 /home/troxxyz/rebrand.tro-x.xyz/vendor/codeigniter4/framework/system/CodeIgniter.php(824): App\Controllers\Keys->generate()
#3 /home/troxxyz/rebrand.tro-x.xyz/vendor/codeigniter4/framework/system/CodeIgniter.php(410): CodeIgniter\CodeIgniter->runController(Object(App\Controllers\Keys))
#4 /home/troxxyz/rebrand.tro-x.xyz/vendor/codeigniter4/framework/system/CodeIgniter.php(318): CodeIgniter\CodeIgniter->handleRequest(NULL, Object(Config\Cache), false)
#5 /home/troxxyz/rebrand.tro-x.xyz/public/index.php(37): CodeIgniter\CodeIgniter->run()
#6 {main}
CRITICAL - 2023-04-26 14:10:41 --> Undefined variable: idKeys
#0 /home/troxxyz/rebrand.tro-x.xyz/app/Controllers/Keys.php(547): CodeIgniter\Debug\Exceptions->errorHandler(8, 'Undefined varia...', '/home/troxxyz/r...', 547, Array)
#1 /home/troxxyz/rebrand.tro-x.xyz/app/Controllers/Keys.php(383): App\Controllers\Keys->generate_action()
#2 /home/troxxyz/rebrand.tro-x.xyz/vendor/codeigniter4/framework/system/CodeIgniter.php(824): App\Controllers\Keys->generate()
#3 /home/troxxyz/rebrand.tro-x.xyz/vendor/codeigniter4/framework/system/CodeIgniter.php(410): CodeIgniter\CodeIgniter->runController(Object(App\Controllers\Keys))
#4 /home/troxxyz/rebrand.tro-x.xyz/vendor/codeigniter4/framework/system/CodeIgniter.php(318): CodeIgniter\CodeIgniter->handleRequest(NULL, Object(Config\Cache), false)
#5 /home/troxxyz/rebrand.tro-x.xyz/public/index.php(37): CodeIgniter\CodeIgniter->run()
#6 {main}
CRITICAL - 2023-04-26 14:11:39 --> Undefined variable: idKeys
#0 /home/troxxyz/rebrand.tro-x.xyz/app/Controllers/Keys.php(547): CodeIgniter\Debug\Exceptions->errorHandler(8, 'Undefined varia...', '/home/troxxyz/r...', 547, Array)
#1 /home/troxxyz/rebrand.tro-x.xyz/app/Controllers/Keys.php(383): App\Controllers\Keys->generate_action()
#2 /home/troxxyz/rebrand.tro-x.xyz/vendor/codeigniter4/framework/system/CodeIgniter.php(824): App\Controllers\Keys->generate()
#3 /home/troxxyz/rebrand.tro-x.xyz/vendor/codeigniter4/framework/system/CodeIgniter.php(410): CodeIgniter\CodeIgniter->runController(Object(App\Controllers\Keys))
#4 /home/troxxyz/rebrand.tro-x.xyz/vendor/codeigniter4/framework/system/CodeIgniter.php(318): CodeIgniter\CodeIgniter->handleRequest(NULL, Object(Config\Cache), false)
#5 /home/troxxyz/rebrand.tro-x.xyz/public/index.php(37): CodeIgniter\CodeIgniter->run()
#6 {main}
CRITICAL - 2023-04-26 14:17:34 --> Undefined variable: idKeys
#0 /home/troxxyz/rebrand.tro-x.xyz/app/Controllers/Keys.php(547): CodeIgniter\Debug\Exceptions->errorHandler(8, 'Undefined varia...', '/home/troxxyz/r...', 547, Array)
#1 /home/troxxyz/rebrand.tro-x.xyz/app/Controllers/Keys.php(383): App\Controllers\Keys->generate_action()
#2 /home/troxxyz/rebrand.tro-x.xyz/vendor/codeigniter4/framework/system/CodeIgniter.php(824): App\Controllers\Keys->generate()
#3 /home/troxxyz/rebrand.tro-x.xyz/vendor/codeigniter4/framework/system/CodeIgniter.php(410): CodeIgniter\CodeIgniter->runController(Object(App\Controllers\Keys))
#4 /home/troxxyz/rebrand.tro-x.xyz/vendor/codeigniter4/framework/system/CodeIgniter.php(318): CodeIgniter\CodeIgniter->handleRequest(NULL, Object(Config\Cache), false)
#5 /home/troxxyz/rebrand.tro-x.xyz/public/index.php(37): CodeIgniter\CodeIgniter->run()
#6 {main}
CRITICAL - 2023-04-26 14:18:40 --> Undefined variable: idKeys
#0 /home/troxxyz/rebrand.tro-x.xyz/app/Controllers/Keys.php(547): CodeIgniter\Debug\Exceptions->errorHandler(8, 'Undefined varia...', '/home/troxxyz/r...', 547, Array)
#1 /home/troxxyz/rebrand.tro-x.xyz/app/Controllers/Keys.php(383): App\Controllers\Keys->generate_action()
#2 /home/troxxyz/rebrand.tro-x.xyz/vendor/codeigniter4/framework/system/CodeIgniter.php(824): App\Controllers\Keys->generate()
#3 /home/troxxyz/rebrand.tro-x.xyz/vendor/codeigniter4/framework/system/CodeIgniter.php(410): CodeIgniter\CodeIgniter->runController(Object(App\Controllers\Keys))
#4 /home/troxxyz/rebrand.tro-x.xyz/vendor/codeigniter4/framework/system/CodeIgniter.php(318): CodeIgniter\CodeIgniter->handleRequest(NULL, Object(Config\Cache), false)
#5 /home/troxxyz/rebrand.tro-x.xyz/public/index.php(37): CodeIgniter\CodeIgniter->run()
#6 {main}
CRITICAL - 2023-04-26 14:31:28 --> Undefined variable: idKeys
#0 /home/troxxyz/rebrand.tro-x.xyz/app/Controllers/Keys.php(547): CodeIgniter\Debug\Exceptions->errorHandler(8, 'Undefined varia...', '/home/troxxyz/r...', 547, Array)
#1 /home/troxxyz/rebrand.tro-x.xyz/app/Controllers/Keys.php(383): App\Controllers\Keys->generate_action()
#2 /home/troxxyz/rebrand.tro-x.xyz/vendor/codeigniter4/framework/system/CodeIgniter.php(824): App\Controllers\Keys->generate()
#3 /home/troxxyz/rebrand.tro-x.xyz/vendor/codeigniter4/framework/system/CodeIgniter.php(410): CodeIgniter\CodeIgniter->runController(Object(App\Controllers\Keys))
#4 /home/troxxyz/rebrand.tro-x.xyz/vendor/codeigniter4/framework/system/CodeIgniter.php(318): CodeIgniter\CodeIgniter->handleRequest(NULL, Object(Config\Cache), false)
#5 /home/troxxyz/rebrand.tro-x.xyz/public/index.php(37): CodeIgniter\CodeIgniter->run()
#6 {main}
CRITICAL - 2023-04-26 14:42:09 --> Undefined variable: idKeys
#0 /home/troxxyz/rebrand.tro-x.xyz/app/Controllers/Keys.php(547): CodeIgniter\Debug\Exceptions->errorHandler(8, 'Undefined varia...', '/home/troxxyz/r...', 547, Array)
#1 /home/troxxyz/rebrand.tro-x.xyz/app/Controllers/Keys.php(383): App\Controllers\Keys->generate_action()
#2 /home/troxxyz/rebrand.tro-x.xyz/vendor/codeigniter4/framework/system/CodeIgniter.php(824): App\Controllers\Keys->generate()
#3 /home/troxxyz/rebrand.tro-x.xyz/vendor/codeigniter4/framework/system/CodeIgniter.php(410): CodeIgniter\CodeIgniter->runController(Object(App\Controllers\Keys))
#4 /home/troxxyz/rebrand.tro-x.xyz/vendor/codeigniter4/framework/system/CodeIgniter.php(318): CodeIgniter\CodeIgniter->handleRequest(NULL, Object(Config\Cache), false)
#5 /home/troxxyz/rebrand.tro-x.xyz/public/index.php(37): CodeIgniter\CodeIgniter->run()
#6 {main}
CRITICAL - 2023-04-26 14:46:37 --> Undefined variable: idKeys
#0 /home/troxxyz/rebrand.tro-x.xyz/app/Controllers/Keys.php(547): CodeIgniter\Debug\Exceptions->errorHandler(8, 'Undefined varia...', '/home/troxxyz/r...', 547, Array)
#1 /home/troxxyz/rebrand.tro-x.xyz/app/Controllers/Keys.php(383): App\Controllers\Keys->generate_action()
#2 /home/troxxyz/rebrand.tro-x.xyz/vendor/codeigniter4/framework/system/CodeIgniter.php(824): App\Controllers\Keys->generate()
#3 /home/troxxyz/rebrand.tro-x.xyz/vendor/codeigniter4/framework/system/CodeIgniter.php(410): CodeIgniter\CodeIgniter->runController(Object(App\Controllers\Keys))
#4 /home/troxxyz/rebrand.tro-x.xyz/vendor/codeigniter4/framework/system/CodeIgniter.php(318): CodeIgniter\CodeIgniter->handleRequest(NULL, Object(Config\Cache), false)
#5 /home/troxxyz/rebrand.tro-x.xyz/public/index.php(37): CodeIgniter\CodeIgniter->run()
#6 {main}
CRITICAL - 2023-04-26 15:00:28 --> Undefined variable: idKeys
#0 /home/troxxyz/rebrand.tro-x.xyz/app/Controllers/Keys.php(547): CodeIgniter\Debug\Exceptions->errorHandler(8, 'Undefined varia...', '/home/troxxyz/r...', 547, Array)
#1 /home/troxxyz/rebrand.tro-x.xyz/app/Controllers/Keys.php(383): App\Controllers\Keys->generate_action()
#2 /home/troxxyz/rebrand.tro-x.xyz/vendor/codeigniter4/framework/system/CodeIgniter.php(824): App\Controllers\Keys->generate()
#3 /home/troxxyz/rebrand.tro-x.xyz/vendor/codeigniter4/framework/system/CodeIgniter.php(410): CodeIgniter\CodeIgniter->runController(Object(App\Controllers\Keys))
#4 /home/troxxyz/rebrand.tro-x.xyz/vendor/codeigniter4/framework/system/CodeIgniter.php(318): CodeIgniter\CodeIgniter->handleRequest(NULL, Object(Config\Cache), false)
#5 /home/troxxyz/rebrand.tro-x.xyz/public/index.php(37): CodeIgniter\CodeIgniter->run()
#6 {main}
CRITICAL - 2023-04-26 15:08:50 --> Undefined variable: idKeys
#0 /home/troxxyz/rebrand.tro-x.xyz/app/Controllers/Keys.php(547): CodeIgniter\Debug\Exceptions->errorHandler(8, 'Undefined varia...', '/home/troxxyz/r...', 547, Array)
#1 /home/troxxyz/rebrand.tro-x.xyz/app/Controllers/Keys.php(383): App\Controllers\Keys->generate_action()
#2 /home/troxxyz/rebrand.tro-x.xyz/vendor/codeigniter4/framework/system/CodeIgniter.php(824): App\Controllers\Keys->generate()
#3 /home/troxxyz/rebrand.tro-x.xyz/vendor/codeigniter4/framework/system/CodeIgniter.php(410): CodeIgniter\CodeIgniter->runController(Object(App\Controllers\Keys))
#4 /home/troxxyz/rebrand.tro-x.xyz/vendor/codeigniter4/framework/system/CodeIgniter.php(318): CodeIgniter\CodeIgniter->handleRequest(NULL, Object(Config\Cache), false)
#5 /home/troxxyz/rebrand.tro-x.xyz/public/index.php(37): CodeIgniter\CodeIgniter->run()
#6 {main}
CRITICAL - 2023-04-26 15:12:34 --> Undefined variable: idKeys
#0 /home/troxxyz/rebrand.tro-x.xyz/app/Controllers/Keys.php(547): CodeIgniter\Debug\Exceptions->errorHandler(8, 'Undefined varia...', '/home/troxxyz/r...', 547, Array)
#1 /home/troxxyz/rebrand.tro-x.xyz/app/Controllers/Keys.php(383): App\Controllers\Keys->generate_action()
#2 /home/troxxyz/rebrand.tro-x.xyz/vendor/codeigniter4/framework/system/CodeIgniter.php(824): App\Controllers\Keys->generate()
#3 /home/troxxyz/rebrand.tro-x.xyz/vendor/codeigniter4/framework/system/CodeIgniter.php(410): CodeIgniter\CodeIgniter->runController(Object(App\Controllers\Keys))
#4 /home/troxxyz/rebrand.tro-x.xyz/vendor/codeigniter4/framework/system/CodeIgniter.php(318): CodeIgniter\CodeIgniter->handleRequest(NULL, Object(Config\Cache), false)
#5 /home/troxxyz/rebrand.tro-x.xyz/public/index.php(37): CodeIgniter\CodeIgniter->run()
#6 {main}
CRITICAL - 2023-04-26 15:14:49 --> Undefined variable: idKeys
#0 /home/troxxyz/rebrand.tro-x.xyz/app/Controllers/Keys.php(547): CodeIgniter\Debug\Exceptions->errorHandler(8, 'Undefined varia...', '/home/troxxyz/r...', 547, Array)
#1 /home/troxxyz/rebrand.tro-x.xyz/app/Controllers/Keys.php(383): App\Controllers\Keys->generate_action()
#2 /home/troxxyz/rebrand.tro-x.xyz/vendor/codeigniter4/framework/system/CodeIgniter.php(824): App\Controllers\Keys->generate()
#3 /home/troxxyz/rebrand.tro-x.xyz/vendor/codeigniter4/framework/system/CodeIgniter.php(410): CodeIgniter\CodeIgniter->runController(Object(App\Controllers\Keys))
#4 /home/troxxyz/rebrand.tro-x.xyz/vendor/codeigniter4/framework/system/CodeIgniter.php(318): CodeIgniter\CodeIgniter->handleRequest(NULL, Object(Config\Cache), false)
#5 /home/troxxyz/rebrand.tro-x.xyz/public/index.php(37): CodeIgniter\CodeIgniter->run()
#6 {main}
CRITICAL - 2023-04-26 15:16:48 --> Undefined variable: idKeys
#0 /home/troxxyz/rebrand.tro-x.xyz/app/Controllers/Keys.php(547): CodeIgniter\Debug\Exceptions->errorHandler(8, 'Undefined varia...', '/home/troxxyz/r...', 547, Array)
#1 /home/troxxyz/rebrand.tro-x.xyz/app/Controllers/Keys.php(383): App\Controllers\Keys->generate_action()
#2 /home/troxxyz/rebrand.tro-x.xyz/vendor/codeigniter4/framework/system/CodeIgniter.php(824): App\Controllers\Keys->generate()
#3 /home/troxxyz/rebrand.tro-x.xyz/vendor/codeigniter4/framework/system/CodeIgniter.php(410): CodeIgniter\CodeIgniter->runController(Object(App\Controllers\Keys))
#4 /home/troxxyz/rebrand.tro-x.xyz/vendor/codeigniter4/framework/system/CodeIgniter.php(318): CodeIgniter\CodeIgniter->handleRequest(NULL, Object(Config\Cache), false)
#5 /home/troxxyz/rebrand.tro-x.xyz/public/index.php(37): CodeIgniter\CodeIgniter->run()
#6 {main}
CRITICAL - 2023-04-26 15:16:51 --> Undefined variable: idKeys
#0 /home/troxxyz/rebrand.tro-x.xyz/app/Controllers/Keys.php(547): CodeIgniter\Debug\Exceptions->errorHandler(8, 'Undefined varia...', '/home/troxxyz/r...', 547, Array)
#1 /home/troxxyz/rebrand.tro-x.xyz/app/Controllers/Keys.php(383): App\Controllers\Keys->generate_action()
#2 /home/troxxyz/rebrand.tro-x.xyz/vendor/codeigniter4/framework/system/CodeIgniter.php(824): App\Controllers\Keys->generate()
#3 /home/troxxyz/rebrand.tro-x.xyz/vendor/codeigniter4/framework/system/CodeIgniter.php(410): CodeIgniter\CodeIgniter->runController(Object(App\Controllers\Keys))
#4 /home/troxxyz/rebrand.tro-x.xyz/vendor/codeigniter4/framework/system/CodeIgniter.php(318): CodeIgniter\CodeIgniter->handleRequest(NULL, Object(Config\Cache), false)
#5 /home/troxxyz/rebrand.tro-x.xyz/public/index.php(37): CodeIgniter\CodeIgniter->run()
#6 {main}
CRITICAL - 2023-04-26 15:16:56 --> Undefined variable: idKeys
#0 /home/troxxyz/rebrand.tro-x.xyz/app/Controllers/Keys.php(547): CodeIgniter\Debug\Exceptions->errorHandler(8, 'Undefined varia...', '/home/troxxyz/r...', 547, Array)
#1 /home/troxxyz/rebrand.tro-x.xyz/app/Controllers/Keys.php(383): App\Controllers\Keys->generate_action()
#2 /home/troxxyz/rebrand.tro-x.xyz/vendor/codeigniter4/framework/system/CodeIgniter.php(824): App\Controllers\Keys->generate()
#3 /home/troxxyz/rebrand.tro-x.xyz/vendor/codeigniter4/framework/system/CodeIgniter.php(410): CodeIgniter\CodeIgniter->runController(Object(App\Controllers\Keys))
#4 /home/troxxyz/rebrand.tro-x.xyz/vendor/codeigniter4/framework/system/CodeIgniter.php(318): CodeIgniter\CodeIgniter->handleRequest(NULL, Object(Config\Cache), false)
#5 /home/troxxyz/rebrand.tro-x.xyz/public/index.php(37): CodeIgniter\CodeIgniter->run()
#6 {main}
CRITICAL - 2023-04-26 15:17:36 --> Undefined variable: idKeys
#0 /home/troxxyz/rebrand.tro-x.xyz/app/Controllers/Keys.php(547): CodeIgniter\Debug\Exceptions->errorHandler(8, 'Undefined varia...', '/home/troxxyz/r...', 547, Array)
#1 /home/troxxyz/rebrand.tro-x.xyz/app/Controllers/Keys.php(383): App\Controllers\Keys->generate_action()
#2 /home/troxxyz/rebrand.tro-x.xyz/vendor/codeigniter4/framework/system/CodeIgniter.php(824): App\Controllers\Keys->generate()
#3 /home/troxxyz/rebrand.tro-x.xyz/vendor/codeigniter4/framework/system/CodeIgniter.php(410): CodeIgniter\CodeIgniter->runController(Object(App\Controllers\Keys))
#4 /home/troxxyz/rebrand.tro-x.xyz/vendor/codeigniter4/framework/system/CodeIgniter.php(318): CodeIgniter\CodeIgniter->handleRequest(NULL, Object(Config\Cache), false)
#5 /home/troxxyz/rebrand.tro-x.xyz/public/index.php(37): CodeIgniter\CodeIgniter->run()
#6 {main}
CRITICAL - 2023-04-26 15:18:24 --> Undefined variable: idKeys
#0 /home/troxxyz/rebrand.tro-x.xyz/app/Controllers/Keys.php(547): CodeIgniter\Debug\Exceptions->errorHandler(8, 'Undefined varia...', '/home/troxxyz/r...', 547, Array)
#1 /home/troxxyz/rebrand.tro-x.xyz/app/Controllers/Keys.php(383): App\Controllers\Keys->generate_action()
#2 /home/troxxyz/rebrand.tro-x.xyz/vendor/codeigniter4/framework/system/CodeIgniter.php(824): App\Controllers\Keys->generate()
#3 /home/troxxyz/rebrand.tro-x.xyz/vendor/codeigniter4/framework/system/CodeIgniter.php(410): CodeIgniter\CodeIgniter->runController(Object(App\Controllers\Keys))
#4 /home/troxxyz/rebrand.tro-x.xyz/vendor/codeigniter4/framework/system/CodeIgniter.php(318): CodeIgniter\CodeIgniter->handleRequest(NULL, Object(Config\Cache), false)
#5 /home/troxxyz/rebrand.tro-x.xyz/public/index.php(37): CodeIgniter\CodeIgniter->run()
#6 {main}
CRITICAL - 2023-04-26 18:28:18 --> Undefined offset: 7
#0 /home/troxxyz/rebrand.tro-x.xyz/app/Helpers/nata_helper.php(84): CodeIgniter\Debug\Exceptions->errorHandler(8, 'Undefined offse...', '/home/troxxyz/r...', 84, Array)
#1 /home/troxxyz/rebrand.tro-x.xyz/app/Controllers/Keyz.php(391): getPrice(Array, '7', '20', '1')
#2 /home/troxxyz/rebrand.tro-x.xyz/app/Controllers/Keyz.php(359): App\Controllers\Keyz->generates_action()
#3 /home/troxxyz/rebrand.tro-x.xyz/vendor/codeigniter4/framework/system/CodeIgniter.php(824): App\Controllers\Keyz->generates()
#4 /home/troxxyz/rebrand.tro-x.xyz/vendor/codeigniter4/framework/system/CodeIgniter.php(410): CodeIgniter\CodeIgniter->runController(Object(App\Controllers\Keyz))
#5 /home/troxxyz/rebrand.tro-x.xyz/vendor/codeigniter4/framework/system/CodeIgniter.php(318): CodeIgniter\CodeIgniter->handleRequest(NULL, Object(Config\Cache), false)
#6 /home/troxxyz/rebrand.tro-x.xyz/public/index.php(37): CodeIgniter\CodeIgniter->run()
#7 {main}
CRITICAL - 2023-04-26 18:28:34 --> Undefined offset: 7
#0 /home/troxxyz/rebrand.tro-x.xyz/app/Helpers/nata_helper.php(84): CodeIgniter\Debug\Exceptions->errorHandler(8, 'Undefined offse...', '/home/troxxyz/r...', 84, Array)
#1 /home/troxxyz/rebrand.tro-x.xyz/app/Controllers/Keyz.php(391): getPrice(Array, '7', '20', '1')
#2 /home/troxxyz/rebrand.tro-x.xyz/app/Controllers/Keyz.php(359): App\Controllers\Keyz->generates_action()
#3 /home/troxxyz/rebrand.tro-x.xyz/vendor/codeigniter4/framework/system/CodeIgniter.php(824): App\Controllers\Keyz->generates()
#4 /home/troxxyz/rebrand.tro-x.xyz/vendor/codeigniter4/framework/system/CodeIgniter.php(410): CodeIgniter\CodeIgniter->runController(Object(App\Controllers\Keyz))
#5 /home/troxxyz/rebrand.tro-x.xyz/vendor/codeigniter4/framework/system/CodeIgniter.php(318): CodeIgniter\CodeIgniter->handleRequest(NULL, Object(Config\Cache), false)
#6 /home/troxxyz/rebrand.tro-x.xyz/public/index.php(37): CodeIgniter\CodeIgniter->run()
#7 {main}
CRITICAL - 2023-04-26 18:28:52 --> Undefined offset: 7
#0 /home/troxxyz/rebrand.tro-x.xyz/app/Helpers/nata_helper.php(84): CodeIgniter\Debug\Exceptions->errorHandler(8, 'Undefined offse...', '/home/troxxyz/r...', 84, Array)
#1 /home/troxxyz/rebrand.tro-x.xyz/app/Controllers/Keyz.php(391): getPrice(Array, '7', '20', '5')
#2 /home/troxxyz/rebrand.tro-x.xyz/app/Controllers/Keyz.php(359): App\Controllers\Keyz->generates_action()
#3 /home/troxxyz/rebrand.tro-x.xyz/vendor/codeigniter4/framework/system/CodeIgniter.php(824): App\Controllers\Keyz->generates()
#4 /home/troxxyz/rebrand.tro-x.xyz/vendor/codeigniter4/framework/system/CodeIgniter.php(410): CodeIgniter\CodeIgniter->runController(Object(App\Controllers\Keyz))
#5 /home/troxxyz/rebrand.tro-x.xyz/vendor/codeigniter4/framework/system/CodeIgniter.php(318): CodeIgniter\CodeIgniter->handleRequest(NULL, Object(Config\Cache), false)
#6 /home/troxxyz/rebrand.tro-x.xyz/public/index.php(37): CodeIgniter\CodeIgniter->run()
#7 {main}
ERROR - 2023-04-26 19:26:34 --> Unknown column 'key_reset_time' in 'where clause'
CRITICAL - 2023-04-26 19:26:34 --> Unknown column 'key_reset_time' in 'where clause'
#0 /home/troxxyz/rebrand.tro-x.xyz/vendor/codeigniter4/framework/system/Database/MySQLi/Connection.php(292): mysqli->query('SELECT COUNT(*)...', 0)
#1 /home/troxxyz/rebrand.tro-x.xyz/vendor/codeigniter4/framework/system/Database/BaseConnection.php(670): CodeIgniter\Database\MySQLi\Connection->execute('SELECT COUNT(*)...')
#2 /home/troxxyz/rebrand.tro-x.xyz/vendor/codeigniter4/framework/system/Database/BaseConnection.php(598): CodeIgniter\Database\BaseConnection->simpleQuery('SELECT COUNT(*)...')
#3 /home/troxxyz/rebrand.tro-x.xyz/vendor/codeigniter4/framework/system/Database/BaseBuilder.php(1527): CodeIgniter\Database\BaseConnection->query('SELECT COUNT(*)...', Array, false)
#4 /home/troxxyz/rebrand.tro-x.xyz/vendor/hermawan/codeigniter4-datatables/src/DataTableQuery.php(63): CodeIgniter\Database\BaseBuilder->countAllResults()
#5 /home/troxxyz/rebrand.tro-x.xyz/vendor/hermawan/codeigniter4-datatables/src/DataTable.php(174): Hermawan\DataTables\DataTableQuery->countFiltered()
#6 /home/troxxyz/rebrand.tro-x.xyz/app/Models/KeyzModel.php(83): Hermawan\DataTables\DataTable->toJson(true)
#7 /home/troxxyz/rebrand.tro-x.xyz/app/Controllers/Keyz.php(134): App\Models\KeyzModel->API_getKeyz()
#8 /home/troxxyz/rebrand.tro-x.xyz/vendor/codeigniter4/framework/system/CodeIgniter.php(824): App\Controllers\Keyz->api_get_keyz()
#9 /home/troxxyz/rebrand.tro-x.xyz/vendor/codeigniter4/framework/system/CodeIgniter.php(410): CodeIgniter\CodeIgniter->runController(Object(App\Controllers\Keyz))
#10 /home/troxxyz/rebrand.tro-x.xyz/vendor/codeigniter4/framework/system/CodeIgniter.php(318): CodeIgniter\CodeIgniter->handleRequest(NULL, Object(Config\Cache), false)
#11 /home/troxxyz/rebrand.tro-x.xyz/public/index.php(37): CodeIgniter\CodeIgniter->run()
#12 {main}
ERROR - 2023-04-26 19:29:40 --> Unknown column 'key_reset_time' in 'where clause'
CRITICAL - 2023-04-26 19:29:40 --> Unknown column 'key_reset_time' in 'where clause'
#0 /home/troxxyz/rebrand.tro-x.xyz/vendor/codeigniter4/framework/system/Database/MySQLi/Connection.php(292): mysqli->query('SELECT COUNT(*)...', 0)
#1 /home/troxxyz/rebrand.tro-x.xyz/vendor/codeigniter4/framework/system/Database/BaseConnection.php(670): CodeIgniter\Database\MySQLi\Connection->execute('SELECT COUNT(*)...')
#2 /home/troxxyz/rebrand.tro-x.xyz/vendor/codeigniter4/framework/system/Database/BaseConnection.php(598): CodeIgniter\Database\BaseConnection->simpleQuery('SELECT COUNT(*)...')
#3 /home/troxxyz/rebrand.tro-x.xyz/vendor/codeigniter4/framework/system/Database/BaseBuilder.php(1527): CodeIgniter\Database\BaseConnection->query('SELECT COUNT(*)...', Array, false)
#4 /home/troxxyz/rebrand.tro-x.xyz/vendor/hermawan/codeigniter4-datatables/src/DataTableQuery.php(63): CodeIgniter\Database\BaseBuilder->countAllResults()
#5 /home/troxxyz/rebrand.tro-x.xyz/vendor/hermawan/codeigniter4-datatables/src/DataTable.php(174): Hermawan\DataTables\DataTableQuery->countFiltered()
#6 /home/troxxyz/rebrand.tro-x.xyz/app/Models/KeyzModel.php(83): Hermawan\DataTables\DataTable->toJson(true)
#7 /home/troxxyz/rebrand.tro-x.xyz/app/Controllers/Keyz.php(134): App\Models\KeyzModel->API_getKeyz()
#8 /home/troxxyz/rebrand.tro-x.xyz/vendor/codeigniter4/framework/system/CodeIgniter.php(824): App\Controllers\Keyz->api_get_keyz()
#9 /home/troxxyz/rebrand.tro-x.xyz/vendor/codeigniter4/framework/system/CodeIgniter.php(410): CodeIgniter\CodeIgniter->runController(Object(App\Controllers\Keyz))
#10 /home/troxxyz/rebrand.tro-x.xyz/vendor/codeigniter4/framework/system/CodeIgniter.php(318): CodeIgniter\CodeIgniter->handleRequest(NULL, Object(Config\Cache), false)
#11 /home/troxxyz/rebrand.tro-x.xyz/public/index.php(37): CodeIgniter\CodeIgniter->run()
#12 {main}
ERROR - 2023-04-26 19:29:41 --> Unknown column 'key_reset_time' in 'where clause'
CRITICAL - 2023-04-26 19:29:41 --> Unknown column 'key_reset_time' in 'where clause'
#0 /home/troxxyz/rebrand.tro-x.xyz/vendor/codeigniter4/framework/system/Database/MySQLi/Connection.php(292): mysqli->query('SELECT COUNT(*)...', 0)
#1 /home/troxxyz/rebrand.tro-x.xyz/vendor/codeigniter4/framework/system/Database/BaseConnection.php(670): CodeIgniter\Database\MySQLi\Connection->execute('SELECT COUNT(*)...')
#2 /home/troxxyz/rebrand.tro-x.xyz/vendor/codeigniter4/framework/system/Database/BaseConnection.php(598): CodeIgniter\Database\BaseConnection->simpleQuery('SELECT COUNT(*)...')
#3 /home/troxxyz/rebrand.tro-x.xyz/vendor/codeigniter4/framework/system/Database/BaseBuilder.php(1527): CodeIgniter\Database\BaseConnection->query('SELECT COUNT(*)...', Array, false)
#4 /home/troxxyz/rebrand.tro-x.xyz/vendor/hermawan/codeigniter4-datatables/src/DataTableQuery.php(63): CodeIgniter\Database\BaseBuilder->countAllResults()
#5 /home/troxxyz/rebrand.tro-x.xyz/vendor/hermawan/codeigniter4-datatables/src/DataTable.php(174): Hermawan\DataTables\DataTableQuery->countFiltered()
#6 /home/troxxyz/rebrand.tro-x.xyz/app/Models/KeyzModel.php(83): Hermawan\DataTables\DataTable->toJson(true)
#7 /home/troxxyz/rebrand.tro-x.xyz/app/Controllers/Keyz.php(134): App\Models\KeyzModel->API_getKeyz()
#8 /home/troxxyz/rebrand.tro-x.xyz/vendor/codeigniter4/framework/system/CodeIgniter.php(824): App\Controllers\Keyz->api_get_keyz()
#9 /home/troxxyz/rebrand.tro-x.xyz/vendor/codeigniter4/framework/system/CodeIgniter.php(410): CodeIgniter\CodeIgniter->runController(Object(App\Controllers\Keyz))
#10 /home/troxxyz/rebrand.tro-x.xyz/vendor/codeigniter4/framework/system/CodeIgniter.php(318): CodeIgniter\CodeIgniter->handleRequest(NULL, Object(Config\Cache), false)
#11 /home/troxxyz/rebrand.tro-x.xyz/public/index.php(37): CodeIgniter\CodeIgniter->run()
#12 {main}
CRITICAL - 2023-04-26 22:02:16 --> Undefined offset: 7
#0 /home/troxxyz/rebrand.tro-x.xyz/app/Helpers/nata_helper.php(84): CodeIgniter\Debug\Exceptions->errorHandler(8, 'Undefined offse...', '/home/troxxyz/r...', 84, Array)
#1 /home/troxxyz/rebrand.tro-x.xyz/app/Controllers/Keyz.php(391): getPrice(Array, '7', '20', '\xD8\xAD\xD8\xAF\xD8\xAF \xD8\xA7\xD9\x84\xD9\x85\xD9\x81...')
#2 /home/troxxyz/rebrand.tro-x.xyz/app/Controllers/Keyz.php(359): App\Controllers\Keyz->generates_action()
#3 /home/troxxyz/rebrand.tro-x.xyz/vendor/codeigniter4/framework/system/CodeIgniter.php(824): App\Controllers\Keyz->generates()
#4 /home/troxxyz/rebrand.tro-x.xyz/vendor/codeigniter4/framework/system/CodeIgniter.php(410): CodeIgniter\CodeIgniter->runController(Object(App\Controllers\Keyz))
#5 /home/troxxyz/rebrand.tro-x.xyz/vendor/codeigniter4/framework/system/CodeIgniter.php(318): CodeIgniter\CodeIgniter->handleRequest(NULL, Object(Config\Cache), false)
#6 /home/troxxyz/rebrand.tro-x.xyz/public/index.php(37): CodeIgniter\CodeIgniter->run()
#7 {main}
