CRITICAL - 2022-11-30 01:50:51 --> Call to a member function getRandomName() on null
#0 /home/fallenxt/public_html/remblerpro/vendor/codeigniter4/framework/system/CodeIgniter.php(824): App\Controllers\Main->upload()
#1 /home/fallenxt/public_html/remblerpro/vendor/codeigniter4/framework/system/CodeIgniter.php(410): CodeIgniter\CodeIgniter->runController(Object(App\Controllers\Main))
#2 /home/fallenxt/public_html/remblerpro/vendor/codeigniter4/framework/system/CodeIgniter.php(318): CodeIgniter\CodeIgniter->handleRequest(NULL, Object(Config\Cache), false)
#3 /home/fallenxt/public_html/remblerpro/public/index.php(37): CodeIgniter\CodeIgniter->run()
#4 {main}
CRITICAL - 2022-11-30 11:17:46 --> Call to a member function getRandomName() on null
#0 /home/fallenxt/public_html/remblerpro/vendor/codeigniter4/framework/system/CodeIgniter.php(824): App\Controllers\Main->upload()
#1 /home/fallenxt/public_html/remblerpro/vendor/codeigniter4/framework/system/CodeIgniter.php(410): CodeIgniter\CodeIgniter->runController(Object(App\Controllers\Main))
#2 /home/fallenxt/public_html/remblerpro/vendor/codeigniter4/framework/system/CodeIgniter.php(318): CodeIgniter\CodeIgniter->handleRequest(NULL, Object(Config\Cache), false)
#3 /home/fallenxt/public_html/remblerpro/public/index.php(37): CodeIgniter\CodeIgniter->run()
#4 {main}
CRITICAL - 2022-11-30 11:21:10 --> Call to a member function getRandomName() on null
#0 /home/fallenxt/public_html/remblerpro/vendor/codeigniter4/framework/system/CodeIgniter.php(824): App\Controllers\Main->upload()
#1 /home/fallenxt/public_html/remblerpro/vendor/codeigniter4/framework/system/CodeIgniter.php(410): CodeIgniter\CodeIgniter->runController(Object(App\Controllers\Main))
#2 /home/fallenxt/public_html/remblerpro/vendor/codeigniter4/framework/system/CodeIgniter.php(318): CodeIgniter\CodeIgniter->handleRequest(NULL, Object(Config\Cache), false)
#3 /home/fallenxt/public_html/remblerpro/public/index.php(37): CodeIgniter\CodeIgniter->run()
#4 {main}
CRITICAL - 2022-11-30 11:21:33 --> Undefined variable: fname
#0 /home/fallenxt/public_html/remblerpro/app/Controllers/Main.php(31): CodeIgniter\Debug\Exceptions->errorHandler(8, 'Undefined varia...', '/home/fallenxt/...', 31, Array)
#1 /home/fallenxt/public_html/remblerpro/vendor/codeigniter4/framework/system/CodeIgniter.php(824): App\Controllers\Main->upload()
#2 /home/fallenxt/public_html/remblerpro/vendor/codeigniter4/framework/system/CodeIgniter.php(410): CodeIgniter\CodeIgniter->runController(Object(App\Controllers\Main))
#3 /home/fallenxt/public_html/remblerpro/vendor/codeigniter4/framework/system/CodeIgniter.php(318): CodeIgniter\CodeIgniter->handleRequest(NULL, Object(Config\Cache), false)
#4 /home/fallenxt/public_html/remblerpro/public/index.php(37): CodeIgniter\CodeIgniter->run()
#5 {main}
CRITICAL - 2022-11-30 11:21:56 --> Call to a member function move() on null
#0 /home/fallenxt/public_html/remblerpro/vendor/codeigniter4/framework/system/CodeIgniter.php(824): App\Controllers\Main->upload()
#1 /home/fallenxt/public_html/remblerpro/vendor/codeigniter4/framework/system/CodeIgniter.php(410): CodeIgniter\CodeIgniter->runController(Object(App\Controllers\Main))
#2 /home/fallenxt/public_html/remblerpro/vendor/codeigniter4/framework/system/CodeIgniter.php(318): CodeIgniter\CodeIgniter->handleRequest(NULL, Object(Config\Cache), false)
#3 /home/fallenxt/public_html/remblerpro/public/index.php(37): CodeIgniter\CodeIgniter->run()
#4 {main}
CRITICAL - 2022-11-30 11:22:03 --> Call to a member function move() on null
#0 /home/fallenxt/public_html/remblerpro/vendor/codeigniter4/framework/system/CodeIgniter.php(824): App\Controllers\Main->upload()
#1 /home/fallenxt/public_html/remblerpro/vendor/codeigniter4/framework/system/CodeIgniter.php(410): CodeIgniter\CodeIgniter->runController(Object(App\Controllers\Main))
#2 /home/fallenxt/public_html/remblerpro/vendor/codeigniter4/framework/system/CodeIgniter.php(318): CodeIgniter\CodeIgniter->handleRequest(NULL, Object(Config\Cache), false)
#3 /home/fallenxt/public_html/remblerpro/public/index.php(37): CodeIgniter\CodeIgniter->run()
#4 {main}
CRITICAL - 2022-11-30 11:25:02 --> Call to a member function move() on null
#0 /home/fallenxt/public_html/remblerpro/vendor/codeigniter4/framework/system/CodeIgniter.php(824): App\Controllers\Main->upload()
#1 /home/fallenxt/public_html/remblerpro/vendor/codeigniter4/framework/system/CodeIgniter.php(410): CodeIgniter\CodeIgniter->runController(Object(App\Controllers\Main))
#2 /home/fallenxt/public_html/remblerpro/vendor/codeigniter4/framework/system/CodeIgniter.php(318): CodeIgniter\CodeIgniter->handleRequest(NULL, Object(Config\Cache), false)
#3 /home/fallenxt/public_html/remblerpro/public/index.php(37): CodeIgniter\CodeIgniter->run()
#4 {main}
CRITICAL - 2022-11-30 11:28:49 --> Invalid file: home.php
#0 /home/fallenxt/public_html/remblerpro/vendor/codeigniter4/framework/system/View/View.php(198): CodeIgniter\Exceptions\FrameworkException::forInvalidFile('home.php')
#1 /home/fallenxt/public_html/remblerpro/vendor/codeigniter4/framework/system/Common.php(1097): CodeIgniter\View\View->render('home', Array, true)
#2 /home/fallenxt/public_html/remblerpro/app/Controllers/Main.php(20): view('home', Array)
#3 /home/fallenxt/public_html/remblerpro/vendor/codeigniter4/framework/system/CodeIgniter.php(824): App\Controllers\Main->index()
#4 /home/fallenxt/public_html/remblerpro/vendor/codeigniter4/framework/system/CodeIgniter.php(410): CodeIgniter\CodeIgniter->runController(Object(App\Controllers\Main))
#5 /home/fallenxt/public_html/remblerpro/vendor/codeigniter4/framework/system/CodeIgniter.php(318): CodeIgniter\CodeIgniter->handleRequest(NULL, Object(Config\Cache), false)
#6 /home/fallenxt/public_html/remblerpro/public/index.php(37): CodeIgniter\CodeIgniter->run()
#7 {main}
CRITICAL - 2022-11-30 11:29:08 --> Invalid file: server/home.php
#0 /home/fallenxt/public_html/remblerpro/vendor/codeigniter4/framework/system/View/View.php(198): CodeIgniter\Exceptions\FrameworkException::forInvalidFile('server/home.php')
#1 /home/fallenxt/public_html/remblerpro/vendor/codeigniter4/framework/system/Common.php(1097): CodeIgniter\View\View->render('server/home', Array, true)
#2 /home/fallenxt/public_html/remblerpro/app/Controllers/Main.php(20): view('server/home', Array)
#3 /home/fallenxt/public_html/remblerpro/vendor/codeigniter4/framework/system/CodeIgniter.php(824): App\Controllers\Main->index()
#4 /home/fallenxt/public_html/remblerpro/vendor/codeigniter4/framework/system/CodeIgniter.php(410): CodeIgniter\CodeIgniter->runController(Object(App\Controllers\Main))
#5 /home/fallenxt/public_html/remblerpro/vendor/codeigniter4/framework/system/CodeIgniter.php(318): CodeIgniter\CodeIgniter->handleRequest(NULL, Object(Config\Cache), false)
#6 /home/fallenxt/public_html/remblerpro/public/index.php(37): CodeIgniter\CodeIgniter->run()
#7 {main}
CRITICAL - 2022-11-30 16:41:26 --> Undefined variable: user
#0 /home/fallenxt/public_html/remblerpro/app/Views/Layout/Header.php(32): CodeIgniter\Debug\Exceptions->errorHandler(8, 'Undefined varia...', '/home/fallenxt/...', 32, Array)
#1 /home/fallenxt/public_html/remblerpro/vendor/codeigniter4/framework/system/View/View.php(214): include('/home/fallenxt/...')
#2 /home/fallenxt/public_html/remblerpro/vendor/codeigniter4/framework/system/View/View.php(217): CodeIgniter\View\View->CodeIgniter\View\{closure}()
#3 /home/fallenxt/public_html/remblerpro/vendor/codeigniter4/framework/system/View/View.php(432): CodeIgniter\View\View->render('Layout/Header', NULL, true)
#4 /home/fallenxt/public_html/remblerpro/app/Views/Layout/Starter.php(25): CodeIgniter\View\View->include('Layout/Header')
#5 /home/fallenxt/public_html/remblerpro/vendor/codeigniter4/framework/system/View/View.php(214): include('/home/fallenxt/...')
#6 /home/fallenxt/public_html/remblerpro/vendor/codeigniter4/framework/system/View/View.php(217): CodeIgniter\View\View->CodeIgniter\View\{closure}()
#7 /home/fallenxt/public_html/remblerpro/vendor/codeigniter4/framework/system/View/View.php(230): CodeIgniter\View\View->render('Layout/Starter', Array, true)
#8 /home/fallenxt/public_html/remblerpro/vendor/codeigniter4/framework/system/Common.php(1097): CodeIgniter\View\View->render('Server/Home', Array, true)
#9 /home/fallenxt/public_html/remblerpro/app/Controllers/Main.php(20): view('Server/Home', Array)
#10 /home/fallenxt/public_html/remblerpro/vendor/codeigniter4/framework/system/CodeIgniter.php(824): App\Controllers\Main->index()
#11 /home/fallenxt/public_html/remblerpro/vendor/codeigniter4/framework/system/CodeIgniter.php(410): CodeIgniter\CodeIgniter->runController(Object(App\Controllers\Main))
#12 /home/fallenxt/public_html/remblerpro/vendor/codeigniter4/framework/system/CodeIgniter.php(318): CodeIgniter\CodeIgniter->handleRequest(NULL, Object(Config\Cache), false)
#13 /home/fallenxt/public_html/remblerpro/public/index.php(37): CodeIgniter\CodeIgniter->run()
#14 {main}
CRITICAL - 2022-11-30 16:41:59 --> Undefined variable: user
#0 /home/fallenxt/public_html/remblerpro/app/Views/Layout/Header.php(32): CodeIgniter\Debug\Exceptions->errorHandler(8, 'Undefined varia...', '/home/fallenxt/...', 32, Array)
#1 /home/fallenxt/public_html/remblerpro/vendor/codeigniter4/framework/system/View/View.php(214): include('/home/fallenxt/...')
#2 /home/fallenxt/public_html/remblerpro/vendor/codeigniter4/framework/system/View/View.php(217): CodeIgniter\View\View->CodeIgniter\View\{closure}()
#3 /home/fallenxt/public_html/remblerpro/vendor/codeigniter4/framework/system/View/View.php(432): CodeIgniter\View\View->render('Layout/Header', NULL, true)
#4 /home/fallenxt/public_html/remblerpro/app/Views/Layout/Starter.php(25): CodeIgniter\View\View->include('Layout/Header')
#5 /home/fallenxt/public_html/remblerpro/vendor/codeigniter4/framework/system/View/View.php(214): include('/home/fallenxt/...')
#6 /home/fallenxt/public_html/remblerpro/vendor/codeigniter4/framework/system/View/View.php(217): CodeIgniter\View\View->CodeIgniter\View\{closure}()
#7 /home/fallenxt/public_html/remblerpro/vendor/codeigniter4/framework/system/View/View.php(230): CodeIgniter\View\View->render('Layout/Starter', Array, true)
#8 /home/fallenxt/public_html/remblerpro/vendor/codeigniter4/framework/system/Common.php(1097): CodeIgniter\View\View->render('Server/Home', Array, true)
#9 /home/fallenxt/public_html/remblerpro/app/Controllers/Main.php(20): view('Server/Home', Array)
#10 /home/fallenxt/public_html/remblerpro/vendor/codeigniter4/framework/system/CodeIgniter.php(824): App\Controllers\Main->index()
#11 /home/fallenxt/public_html/remblerpro/vendor/codeigniter4/framework/system/CodeIgniter.php(410): CodeIgniter\CodeIgniter->runController(Object(App\Controllers\Main))
#12 /home/fallenxt/public_html/remblerpro/vendor/codeigniter4/framework/system/CodeIgniter.php(318): CodeIgniter\CodeIgniter->handleRequest(NULL, Object(Config\Cache), false)
#13 /home/fallenxt/public_html/remblerpro/public/index.php(37): CodeIgniter\CodeIgniter->run()
#14 {main}
CRITICAL - 2022-11-30 16:42:40 --> Undefined variable: user
#0 /home/fallenxt/public_html/remblerpro/app/Views/Layout/msgStatus.php(21): CodeIgniter\Debug\Exceptions->errorHandler(8, 'Undefined varia...', '/home/fallenxt/...', 21, Array)
#1 /home/fallenxt/public_html/remblerpro/vendor/codeigniter4/framework/system/View/View.php(214): include('/home/fallenxt/...')
#2 /home/fallenxt/public_html/remblerpro/vendor/codeigniter4/framework/system/View/View.php(217): CodeIgniter\View\View->CodeIgniter\View\{closure}()
#3 /home/fallenxt/public_html/remblerpro/vendor/codeigniter4/framework/system/View/View.php(432): CodeIgniter\View\View->render('Layout/msgStatu...', NULL, true)
#4 /home/fallenxt/public_html/remblerpro/app/Views/Server/Home.php(29): CodeIgniter\View\View->include('Layout/msgStatu...')
#5 /home/fallenxt/public_html/remblerpro/vendor/codeigniter4/framework/system/View/View.php(214): include('/home/fallenxt/...')
#6 /home/fallenxt/public_html/remblerpro/vendor/codeigniter4/framework/system/View/View.php(217): CodeIgniter\View\View->CodeIgniter\View\{closure}()
#7 /home/fallenxt/public_html/remblerpro/vendor/codeigniter4/framework/system/Common.php(1097): CodeIgniter\View\View->render('Server/Home', Array, true)
#8 /home/fallenxt/public_html/remblerpro/app/Controllers/Main.php(20): view('Server/Home', Array)
#9 /home/fallenxt/public_html/remblerpro/vendor/codeigniter4/framework/system/CodeIgniter.php(824): App\Controllers\Main->index()
#10 /home/fallenxt/public_html/remblerpro/vendor/codeigniter4/framework/system/CodeIgniter.php(410): CodeIgniter\CodeIgniter->runController(Object(App\Controllers\Main))
#11 /home/fallenxt/public_html/remblerpro/vendor/codeigniter4/framework/system/CodeIgniter.php(318): CodeIgniter\CodeIgniter->handleRequest(NULL, Object(Config\Cache), false)
#12 /home/fallenxt/public_html/remblerpro/public/index.php(37): CodeIgniter\CodeIgniter->run()
#13 {main}
CRITICAL - 2022-11-30 16:43:08 --> Undefined variable: user
#0 /home/fallenxt/public_html/remblerpro/app/Views/Layout/msgStatus.php(21): CodeIgniter\Debug\Exceptions->errorHandler(8, 'Undefined varia...', '/home/fallenxt/...', 21, Array)
#1 /home/fallenxt/public_html/remblerpro/vendor/codeigniter4/framework/system/View/View.php(214): include('/home/fallenxt/...')
#2 /home/fallenxt/public_html/remblerpro/vendor/codeigniter4/framework/system/View/View.php(217): CodeIgniter\View\View->CodeIgniter\View\{closure}()
#3 /home/fallenxt/public_html/remblerpro/vendor/codeigniter4/framework/system/View/View.php(432): CodeIgniter\View\View->render('Layout/msgStatu...', NULL, true)
#4 /home/fallenxt/public_html/remblerpro/app/Views/Server/Home.php(27): CodeIgniter\View\View->include('Layout/msgStatu...')
#5 /home/fallenxt/public_html/remblerpro/vendor/codeigniter4/framework/system/View/View.php(214): include('/home/fallenxt/...')
#6 /home/fallenxt/public_html/remblerpro/vendor/codeigniter4/framework/system/View/View.php(217): CodeIgniter\View\View->CodeIgniter\View\{closure}()
#7 /home/fallenxt/public_html/remblerpro/vendor/codeigniter4/framework/system/Common.php(1097): CodeIgniter\View\View->render('Server/Home', Array, true)
#8 /home/fallenxt/public_html/remblerpro/app/Controllers/Main.php(20): view('Server/Home', Array)
#9 /home/fallenxt/public_html/remblerpro/vendor/codeigniter4/framework/system/CodeIgniter.php(824): App\Controllers\Main->index()
#10 /home/fallenxt/public_html/remblerpro/vendor/codeigniter4/framework/system/CodeIgniter.php(410): CodeIgniter\CodeIgniter->runController(Object(App\Controllers\Main))
#11 /home/fallenxt/public_html/remblerpro/vendor/codeigniter4/framework/system/CodeIgniter.php(318): CodeIgniter\CodeIgniter->handleRequest(NULL, Object(Config\Cache), false)
#12 /home/fallenxt/public_html/remblerpro/public/index.php(37): CodeIgniter\CodeIgniter->run()
#13 {main}
CRITICAL - 2022-11-30 16:43:14 --> Undefined variable: user
#0 /home/fallenxt/public_html/remblerpro/app/Views/Layout/msgStatus.php(21): CodeIgniter\Debug\Exceptions->errorHandler(8, 'Undefined varia...', '/home/fallenxt/...', 21, Array)
#1 /home/fallenxt/public_html/remblerpro/vendor/codeigniter4/framework/system/View/View.php(214): include('/home/fallenxt/...')
#2 /home/fallenxt/public_html/remblerpro/vendor/codeigniter4/framework/system/View/View.php(217): CodeIgniter\View\View->CodeIgniter\View\{closure}()
#3 /home/fallenxt/public_html/remblerpro/vendor/codeigniter4/framework/system/View/View.php(432): CodeIgniter\View\View->render('Layout/msgStatu...', NULL, true)
#4 /home/fallenxt/public_html/remblerpro/app/Views/Server/Home.php(27): CodeIgniter\View\View->include('Layout/msgStatu...')
#5 /home/fallenxt/public_html/remblerpro/vendor/codeigniter4/framework/system/View/View.php(214): include('/home/fallenxt/...')
#6 /home/fallenxt/public_html/remblerpro/vendor/codeigniter4/framework/system/View/View.php(217): CodeIgniter\View\View->CodeIgniter\View\{closure}()
#7 /home/fallenxt/public_html/remblerpro/vendor/codeigniter4/framework/system/Common.php(1097): CodeIgniter\View\View->render('Server/Home', Array, true)
#8 /home/fallenxt/public_html/remblerpro/app/Controllers/Main.php(20): view('Server/Home', Array)
#9 /home/fallenxt/public_html/remblerpro/vendor/codeigniter4/framework/system/CodeIgniter.php(824): App\Controllers\Main->index()
#10 /home/fallenxt/public_html/remblerpro/vendor/codeigniter4/framework/system/CodeIgniter.php(410): CodeIgniter\CodeIgniter->runController(Object(App\Controllers\Main))
#11 /home/fallenxt/public_html/remblerpro/vendor/codeigniter4/framework/system/CodeIgniter.php(318): CodeIgniter\CodeIgniter->handleRequest(NULL, Object(Config\Cache), false)
#12 /home/fallenxt/public_html/remblerpro/public/index.php(37): CodeIgniter\CodeIgniter->run()
#13 {main}
CRITICAL - 2022-11-30 16:44:55 --> Call to a member function getRandomName() on null
#0 /home/fallenxt/public_html/remblerpro/vendor/codeigniter4/framework/system/CodeIgniter.php(824): App\Controllers\Main->upload()
#1 /home/fallenxt/public_html/remblerpro/vendor/codeigniter4/framework/system/CodeIgniter.php(410): CodeIgniter\CodeIgniter->runController(Object(App\Controllers\Main))
#2 /home/fallenxt/public_html/remblerpro/vendor/codeigniter4/framework/system/CodeIgniter.php(318): CodeIgniter\CodeIgniter->handleRequest(NULL, Object(Config\Cache), false)
#3 /home/fallenxt/public_html/remblerpro/public/index.php(37): CodeIgniter\CodeIgniter->run()
#4 {main}
CRITICAL - 2022-11-30 16:45:19 --> Call to a member function getRandomName() on null
#0 /home/fallenxt/public_html/remblerpro/vendor/codeigniter4/framework/system/CodeIgniter.php(824): App\Controllers\Main->upload()
#1 /home/fallenxt/public_html/remblerpro/vendor/codeigniter4/framework/system/CodeIgniter.php(410): CodeIgniter\CodeIgniter->runController(Object(App\Controllers\Main))
#2 /home/fallenxt/public_html/remblerpro/vendor/codeigniter4/framework/system/CodeIgniter.php(318): CodeIgniter\CodeIgniter->handleRequest(NULL, Object(Config\Cache), false)
#3 /home/fallenxt/public_html/remblerpro/public/index.php(37): CodeIgniter\CodeIgniter->run()
#4 {main}
CRITICAL - 2022-11-30 16:49:22 --> Undefined variable: user
#0 /home/fallenxt/public_html/remblerpro/app/Views/Layout/msgStatus.php(21): CodeIgniter\Debug\Exceptions->errorHandler(8, 'Undefined varia...', '/home/fallenxt/...', 21, Array)
#1 /home/fallenxt/public_html/remblerpro/vendor/codeigniter4/framework/system/View/View.php(214): include('/home/fallenxt/...')
#2 /home/fallenxt/public_html/remblerpro/vendor/codeigniter4/framework/system/View/View.php(217): CodeIgniter\View\View->CodeIgniter\View\{closure}()
#3 /home/fallenxt/public_html/remblerpro/vendor/codeigniter4/framework/system/View/View.php(432): CodeIgniter\View\View->render('Layout/msgStatu...', NULL, true)
#4 /home/fallenxt/public_html/remblerpro/app/Views/Server/Home.php(9): CodeIgniter\View\View->include('Layout/msgStatu...')
#5 /home/fallenxt/public_html/remblerpro/vendor/codeigniter4/framework/system/View/View.php(214): include('/home/fallenxt/...')
#6 /home/fallenxt/public_html/remblerpro/vendor/codeigniter4/framework/system/View/View.php(217): CodeIgniter\View\View->CodeIgniter\View\{closure}()
#7 /home/fallenxt/public_html/remblerpro/vendor/codeigniter4/framework/system/Common.php(1097): CodeIgniter\View\View->render('Server/Home', Array, true)
#8 /home/fallenxt/public_html/remblerpro/app/Controllers/Main.php(20): view('Server/Home', Array)
#9 /home/fallenxt/public_html/remblerpro/vendor/codeigniter4/framework/system/CodeIgniter.php(824): App\Controllers\Main->index()
#10 /home/fallenxt/public_html/remblerpro/vendor/codeigniter4/framework/system/CodeIgniter.php(410): CodeIgniter\CodeIgniter->runController(Object(App\Controllers\Main))
#11 /home/fallenxt/public_html/remblerpro/vendor/codeigniter4/framework/system/CodeIgniter.php(318): CodeIgniter\CodeIgniter->handleRequest(NULL, Object(Config\Cache), false)
#12 /home/fallenxt/public_html/remblerpro/public/index.php(37): CodeIgniter\CodeIgniter->run()
#13 {main}
CRITICAL - 2022-11-30 16:50:57 --> Call to a member function getRandomName() on null
#0 /home/fallenxt/public_html/remblerpro/vendor/codeigniter4/framework/system/CodeIgniter.php(824): App\Controllers\Main->upload()
#1 /home/fallenxt/public_html/remblerpro/vendor/codeigniter4/framework/system/CodeIgniter.php(410): CodeIgniter\CodeIgniter->runController(Object(App\Controllers\Main))
#2 /home/fallenxt/public_html/remblerpro/vendor/codeigniter4/framework/system/CodeIgniter.php(318): CodeIgniter\CodeIgniter->handleRequest(NULL, Object(Config\Cache), false)
#3 /home/fallenxt/public_html/remblerpro/public/index.php(37): CodeIgniter\CodeIgniter->run()
#4 {main}
CRITICAL - 2022-11-30 16:51:06 --> Undefined variable: session
#0 /home/fallenxt/public_html/remblerpro/app/Views/Server/Server.php(196): CodeIgniter\Debug\Exceptions->errorHandler(8, 'Undefined varia...', '/home/fallenxt/...', 196, Array)
#1 /home/fallenxt/public_html/remblerpro/vendor/codeigniter4/framework/system/View/View.php(214): include('/home/fallenxt/...')
#2 /home/fallenxt/public_html/remblerpro/vendor/codeigniter4/framework/system/View/View.php(217): CodeIgniter\View\View->CodeIgniter\View\{closure}()
#3 /home/fallenxt/public_html/remblerpro/vendor/codeigniter4/framework/system/Common.php(1097): CodeIgniter\View\View->render('Server/Server', Array, true)
#4 /home/fallenxt/public_html/remblerpro/app/Controllers/User.php(360): view('Server/Server', Array)
#5 /home/fallenxt/public_html/remblerpro/vendor/codeigniter4/framework/system/CodeIgniter.php(824): App\Controllers\User->Server()
#6 /home/fallenxt/public_html/remblerpro/vendor/codeigniter4/framework/system/CodeIgniter.php(410): CodeIgniter\CodeIgniter->runController(Object(App\Controllers\User))
#7 /home/fallenxt/public_html/remblerpro/vendor/codeigniter4/framework/system/CodeIgniter.php(318): CodeIgniter\CodeIgniter->handleRequest(NULL, Object(Config\Cache), false)
#8 /home/fallenxt/public_html/remblerpro/public/index.php(37): CodeIgniter\CodeIgniter->run()
#9 {main}
CRITICAL - 2022-11-30 16:51:47 --> Undefined variable: session
#0 /home/fallenxt/public_html/remblerpro/app/Views/Server/Server.php(201): CodeIgniter\Debug\Exceptions->errorHandler(8, 'Undefined varia...', '/home/fallenxt/...', 201, Array)
#1 /home/fallenxt/public_html/remblerpro/vendor/codeigniter4/framework/system/View/View.php(214): include('/home/fallenxt/...')
#2 /home/fallenxt/public_html/remblerpro/vendor/codeigniter4/framework/system/View/View.php(217): CodeIgniter\View\View->CodeIgniter\View\{closure}()
#3 /home/fallenxt/public_html/remblerpro/vendor/codeigniter4/framework/system/Common.php(1097): CodeIgniter\View\View->render('Server/Server', Array, true)
#4 /home/fallenxt/public_html/remblerpro/app/Controllers/User.php(360): view('Server/Server', Array)
#5 /home/fallenxt/public_html/remblerpro/vendor/codeigniter4/framework/system/CodeIgniter.php(824): App\Controllers\User->Server()
#6 /home/fallenxt/public_html/remblerpro/vendor/codeigniter4/framework/system/CodeIgniter.php(410): CodeIgniter\CodeIgniter->runController(Object(App\Controllers\User))
#7 /home/fallenxt/public_html/remblerpro/vendor/codeigniter4/framework/system/CodeIgniter.php(318): CodeIgniter\CodeIgniter->handleRequest(NULL, Object(Config\Cache), false)
#8 /home/fallenxt/public_html/remblerpro/public/index.php(37): CodeIgniter\CodeIgniter->run()
#9 {main}
CRITICAL - 2022-11-30 16:51:53 --> Undefined variable: session
#0 /home/fallenxt/public_html/remblerpro/app/Views/Server/Server.php(201): CodeIgniter\Debug\Exceptions->errorHandler(8, 'Undefined varia...', '/home/fallenxt/...', 201, Array)
#1 /home/fallenxt/public_html/remblerpro/vendor/codeigniter4/framework/system/View/View.php(214): include('/home/fallenxt/...')
#2 /home/fallenxt/public_html/remblerpro/vendor/codeigniter4/framework/system/View/View.php(217): CodeIgniter\View\View->CodeIgniter\View\{closure}()
#3 /home/fallenxt/public_html/remblerpro/vendor/codeigniter4/framework/system/Common.php(1097): CodeIgniter\View\View->render('Server/Server', Array, true)
#4 /home/fallenxt/public_html/remblerpro/app/Controllers/User.php(360): view('Server/Server', Array)
#5 /home/fallenxt/public_html/remblerpro/vendor/codeigniter4/framework/system/CodeIgniter.php(824): App\Controllers\User->Server()
#6 /home/fallenxt/public_html/remblerpro/vendor/codeigniter4/framework/system/CodeIgniter.php(410): CodeIgniter\CodeIgniter->runController(Object(App\Controllers\User))
#7 /home/fallenxt/public_html/remblerpro/vendor/codeigniter4/framework/system/CodeIgniter.php(318): CodeIgniter\CodeIgniter->handleRequest(NULL, Object(Config\Cache), false)
#8 /home/fallenxt/public_html/remblerpro/public/index.php(37): CodeIgniter\CodeIgniter->run()
#9 {main}
CRITICAL - 2022-11-30 18:50:37 --> Undefined variable: user
#0 /home/fallenxt/public_html/remblerpro/app/Views/Layout/Header.php(32): CodeIgniter\Debug\Exceptions->errorHandler(8, 'Undefined varia...', '/home/fallenxt/...', 32, Array)
#1 /home/fallenxt/public_html/remblerpro/vendor/codeigniter4/framework/system/View/View.php(214): include('/home/fallenxt/...')
#2 /home/fallenxt/public_html/remblerpro/vendor/codeigniter4/framework/system/View/View.php(217): CodeIgniter\View\View->CodeIgniter\View\{closure}()
#3 /home/fallenxt/public_html/remblerpro/vendor/codeigniter4/framework/system/View/View.php(432): CodeIgniter\View\View->render('Layout/Header', NULL, true)
#4 /home/fallenxt/public_html/remblerpro/app/Views/Layout/Starter.php(25): CodeIgniter\View\View->include('Layout/Header')
#5 /home/fallenxt/public_html/remblerpro/vendor/codeigniter4/framework/system/View/View.php(214): include('/home/fallenxt/...')
#6 /home/fallenxt/public_html/remblerpro/vendor/codeigniter4/framework/system/View/View.php(217): CodeIgniter\View\View->CodeIgniter\View\{closure}()
#7 /home/fallenxt/public_html/remblerpro/vendor/codeigniter4/framework/system/View/View.php(230): CodeIgniter\View\View->render('Layout/Starter', Array, true)
#8 /home/fallenxt/public_html/remblerpro/vendor/codeigniter4/framework/system/Common.php(1097): CodeIgniter\View\View->render('Server/Home', Array, true)
#9 /home/fallenxt/public_html/remblerpro/app/Controllers/Main.php(20): view('Server/Home', Array)
#10 /home/fallenxt/public_html/remblerpro/vendor/codeigniter4/framework/system/CodeIgniter.php(824): App\Controllers\Main->index()
#11 /home/fallenxt/public_html/remblerpro/vendor/codeigniter4/framework/system/CodeIgniter.php(410): CodeIgniter\CodeIgniter->runController(Object(App\Controllers\Main))
#12 /home/fallenxt/public_html/remblerpro/vendor/codeigniter4/framework/system/CodeIgniter.php(318): CodeIgniter\CodeIgniter->handleRequest(NULL, Object(Config\Cache), false)
#13 /home/fallenxt/public_html/remblerpro/public/index.php(37): CodeIgniter\CodeIgniter->run()
#14 {main}
CRITICAL - 2022-11-30 18:56:38 --> Undefined variable: user
#0 /home/fallenxt/public_html/remblerpro/app/Views/Layout/Header.php(32): CodeIgniter\Debug\Exceptions->errorHandler(8, 'Undefined varia...', '/home/fallenxt/...', 32, Array)
#1 /home/fallenxt/public_html/remblerpro/vendor/codeigniter4/framework/system/View/View.php(214): include('/home/fallenxt/...')
#2 /home/fallenxt/public_html/remblerpro/vendor/codeigniter4/framework/system/View/View.php(217): CodeIgniter\View\View->CodeIgniter\View\{closure}()
#3 /home/fallenxt/public_html/remblerpro/vendor/codeigniter4/framework/system/View/View.php(432): CodeIgniter\View\View->render('Layout/Header', NULL, true)
#4 /home/fallenxt/public_html/remblerpro/app/Views/Layout/Starter.php(25): CodeIgniter\View\View->include('Layout/Header')
#5 /home/fallenxt/public_html/remblerpro/vendor/codeigniter4/framework/system/View/View.php(214): include('/home/fallenxt/...')
#6 /home/fallenxt/public_html/remblerpro/vendor/codeigniter4/framework/system/View/View.php(217): CodeIgniter\View\View->CodeIgniter\View\{closure}()
#7 /home/fallenxt/public_html/remblerpro/vendor/codeigniter4/framework/system/View/View.php(230): CodeIgniter\View\View->render('Layout/Starter', Array, true)
#8 /home/fallenxt/public_html/remblerpro/vendor/codeigniter4/framework/system/Common.php(1097): CodeIgniter\View\View->render('Server/Home', Array, true)
#9 /home/fallenxt/public_html/remblerpro/app/Controllers/Main.php(29): view('Server/Home', Array)
#10 /home/fallenxt/public_html/remblerpro/vendor/codeigniter4/framework/system/CodeIgniter.php(824): App\Controllers\Main->index()
#11 /home/fallenxt/public_html/remblerpro/vendor/codeigniter4/framework/system/CodeIgniter.php(410): CodeIgniter\CodeIgniter->runController(Object(App\Controllers\Main))
#12 /home/fallenxt/public_html/remblerpro/vendor/codeigniter4/framework/system/CodeIgniter.php(318): CodeIgniter\CodeIgniter->handleRequest(NULL, Object(Config\Cache), false)
#13 /home/fallenxt/public_html/remblerpro/public/index.php(37): CodeIgniter\CodeIgniter->run()
#14 {main}
CRITICAL - 2022-11-30 18:56:41 --> Undefined variable: user
#0 /home/fallenxt/public_html/remblerpro/app/Views/Layout/Header.php(32): CodeIgniter\Debug\Exceptions->errorHandler(8, 'Undefined varia...', '/home/fallenxt/...', 32, Array)
#1 /home/fallenxt/public_html/remblerpro/vendor/codeigniter4/framework/system/View/View.php(214): include('/home/fallenxt/...')
#2 /home/fallenxt/public_html/remblerpro/vendor/codeigniter4/framework/system/View/View.php(217): CodeIgniter\View\View->CodeIgniter\View\{closure}()
#3 /home/fallenxt/public_html/remblerpro/vendor/codeigniter4/framework/system/View/View.php(432): CodeIgniter\View\View->render('Layout/Header', NULL, true)
#4 /home/fallenxt/public_html/remblerpro/app/Views/Layout/Starter.php(25): CodeIgniter\View\View->include('Layout/Header')
#5 /home/fallenxt/public_html/remblerpro/vendor/codeigniter4/framework/system/View/View.php(214): include('/home/fallenxt/...')
#6 /home/fallenxt/public_html/remblerpro/vendor/codeigniter4/framework/system/View/View.php(217): CodeIgniter\View\View->CodeIgniter\View\{closure}()
#7 /home/fallenxt/public_html/remblerpro/vendor/codeigniter4/framework/system/View/View.php(230): CodeIgniter\View\View->render('Layout/Starter', Array, true)
#8 /home/fallenxt/public_html/remblerpro/vendor/codeigniter4/framework/system/Common.php(1097): CodeIgniter\View\View->render('Server/Home', Array, true)
#9 /home/fallenxt/public_html/remblerpro/app/Controllers/Main.php(29): view('Server/Home', Array)
#10 /home/fallenxt/public_html/remblerpro/vendor/codeigniter4/framework/system/CodeIgniter.php(824): App\Controllers\Main->index()
#11 /home/fallenxt/public_html/remblerpro/vendor/codeigniter4/framework/system/CodeIgniter.php(410): CodeIgniter\CodeIgniter->runController(Object(App\Controllers\Main))
#12 /home/fallenxt/public_html/remblerpro/vendor/codeigniter4/framework/system/CodeIgniter.php(318): CodeIgniter\CodeIgniter->handleRequest(NULL, Object(Config\Cache), false)
#13 /home/fallenxt/public_html/remblerpro/public/index.php(37): CodeIgniter\CodeIgniter->run()
#14 {main}
CRITICAL - 2022-11-30 18:57:23 --> Undefined variable: user
#0 /home/fallenxt/public_html/remblerpro/app/Views/Layout/Header.php(32): CodeIgniter\Debug\Exceptions->errorHandler(8, 'Undefined varia...', '/home/fallenxt/...', 32, Array)
#1 /home/fallenxt/public_html/remblerpro/vendor/codeigniter4/framework/system/View/View.php(214): include('/home/fallenxt/...')
#2 /home/fallenxt/public_html/remblerpro/vendor/codeigniter4/framework/system/View/View.php(217): CodeIgniter\View\View->CodeIgniter\View\{closure}()
#3 /home/fallenxt/public_html/remblerpro/vendor/codeigniter4/framework/system/View/View.php(432): CodeIgniter\View\View->render('Layout/Header', NULL, true)
#4 /home/fallenxt/public_html/remblerpro/app/Views/Layout/Starter.php(25): CodeIgniter\View\View->include('Layout/Header')
#5 /home/fallenxt/public_html/remblerpro/vendor/codeigniter4/framework/system/View/View.php(214): include('/home/fallenxt/...')
#6 /home/fallenxt/public_html/remblerpro/vendor/codeigniter4/framework/system/View/View.php(217): CodeIgniter\View\View->CodeIgniter\View\{closure}()
#7 /home/fallenxt/public_html/remblerpro/vendor/codeigniter4/framework/system/View/View.php(230): CodeIgniter\View\View->render('Layout/Starter', Array, true)
#8 /home/fallenxt/public_html/remblerpro/vendor/codeigniter4/framework/system/Common.php(1097): CodeIgniter\View\View->render('Server/Home', Array, true)
#9 /home/fallenxt/public_html/remblerpro/app/Controllers/Main.php(33): view('Server/Home', Array)
#10 /home/fallenxt/public_html/remblerpro/vendor/codeigniter4/framework/system/CodeIgniter.php(824): App\Controllers\Main->index()
#11 /home/fallenxt/public_html/remblerpro/vendor/codeigniter4/framework/system/CodeIgniter.php(410): CodeIgniter\CodeIgniter->runController(Object(App\Controllers\Main))
#12 /home/fallenxt/public_html/remblerpro/vendor/codeigniter4/framework/system/CodeIgniter.php(318): CodeIgniter\CodeIgniter->handleRequest(NULL, Object(Config\Cache), false)
#13 /home/fallenxt/public_html/remblerpro/public/index.php(37): CodeIgniter\CodeIgniter->run()
#14 {main}
CRITICAL - 2022-11-30 18:57:27 --> Undefined variable: user
#0 /home/fallenxt/public_html/remblerpro/app/Views/Layout/Header.php(32): CodeIgniter\Debug\Exceptions->errorHandler(8, 'Undefined varia...', '/home/fallenxt/...', 32, Array)
#1 /home/fallenxt/public_html/remblerpro/vendor/codeigniter4/framework/system/View/View.php(214): include('/home/fallenxt/...')
#2 /home/fallenxt/public_html/remblerpro/vendor/codeigniter4/framework/system/View/View.php(217): CodeIgniter\View\View->CodeIgniter\View\{closure}()
#3 /home/fallenxt/public_html/remblerpro/vendor/codeigniter4/framework/system/View/View.php(432): CodeIgniter\View\View->render('Layout/Header', NULL, true)
#4 /home/fallenxt/public_html/remblerpro/app/Views/Layout/Starter.php(25): CodeIgniter\View\View->include('Layout/Header')
#5 /home/fallenxt/public_html/remblerpro/vendor/codeigniter4/framework/system/View/View.php(214): include('/home/fallenxt/...')
#6 /home/fallenxt/public_html/remblerpro/vendor/codeigniter4/framework/system/View/View.php(217): CodeIgniter\View\View->CodeIgniter\View\{closure}()
#7 /home/fallenxt/public_html/remblerpro/vendor/codeigniter4/framework/system/View/View.php(230): CodeIgniter\View\View->render('Layout/Starter', Array, true)
#8 /home/fallenxt/public_html/remblerpro/vendor/codeigniter4/framework/system/Common.php(1097): CodeIgniter\View\View->render('Server/Home', Array, true)
#9 /home/fallenxt/public_html/remblerpro/app/Controllers/Main.php(33): view('Server/Home', Array)
#10 /home/fallenxt/public_html/remblerpro/vendor/codeigniter4/framework/system/CodeIgniter.php(824): App\Controllers\Main->index()
#11 /home/fallenxt/public_html/remblerpro/vendor/codeigniter4/framework/system/CodeIgniter.php(410): CodeIgniter\CodeIgniter->runController(Object(App\Controllers\Main))
#12 /home/fallenxt/public_html/remblerpro/vendor/codeigniter4/framework/system/CodeIgniter.php(318): CodeIgniter\CodeIgniter->handleRequest(NULL, Object(Config\Cache), false)
#13 /home/fallenxt/public_html/remblerpro/public/index.php(37): CodeIgniter\CodeIgniter->run()
#14 {main}
CRITICAL - 2022-11-30 18:58:14 --> Undefined variable: user
#0 /home/fallenxt/public_html/remblerpro/app/Views/Layout/Header.php(32): CodeIgniter\Debug\Exceptions->errorHandler(8, 'Undefined varia...', '/home/fallenxt/...', 32, Array)
#1 /home/fallenxt/public_html/remblerpro/vendor/codeigniter4/framework/system/View/View.php(214): include('/home/fallenxt/...')
#2 /home/fallenxt/public_html/remblerpro/vendor/codeigniter4/framework/system/View/View.php(217): CodeIgniter\View\View->CodeIgniter\View\{closure}()
#3 /home/fallenxt/public_html/remblerpro/vendor/codeigniter4/framework/system/View/View.php(432): CodeIgniter\View\View->render('Layout/Header', NULL, true)
#4 /home/fallenxt/public_html/remblerpro/app/Views/Layout/Starter.php(25): CodeIgniter\View\View->include('Layout/Header')
#5 /home/fallenxt/public_html/remblerpro/vendor/codeigniter4/framework/system/View/View.php(214): include('/home/fallenxt/...')
#6 /home/fallenxt/public_html/remblerpro/vendor/codeigniter4/framework/system/View/View.php(217): CodeIgniter\View\View->CodeIgniter\View\{closure}()
#7 /home/fallenxt/public_html/remblerpro/vendor/codeigniter4/framework/system/View/View.php(230): CodeIgniter\View\View->render('Layout/Starter', Array, true)
#8 /home/fallenxt/public_html/remblerpro/vendor/codeigniter4/framework/system/Common.php(1097): CodeIgniter\View\View->render('Server/Home', Array, true)
#9 /home/fallenxt/public_html/remblerpro/app/Controllers/Main.php(45): view('Server/Home', Array)
#10 /home/fallenxt/public_html/remblerpro/vendor/codeigniter4/framework/system/CodeIgniter.php(824): App\Controllers\Main->index()
#11 /home/fallenxt/public_html/remblerpro/vendor/codeigniter4/framework/system/CodeIgniter.php(410): CodeIgniter\CodeIgniter->runController(Object(App\Controllers\Main))
#12 /home/fallenxt/public_html/remblerpro/vendor/codeigniter4/framework/system/CodeIgniter.php(318): CodeIgniter\CodeIgniter->handleRequest(NULL, Object(Config\Cache), false)
#13 /home/fallenxt/public_html/remblerpro/public/index.php(37): CodeIgniter\CodeIgniter->run()
#14 {main}
CRITICAL - 2022-11-30 18:58:23 --> Undefined variable: user
#0 /home/fallenxt/public_html/remblerpro/app/Views/Layout/Header.php(32): CodeIgniter\Debug\Exceptions->errorHandler(8, 'Undefined varia...', '/home/fallenxt/...', 32, Array)
#1 /home/fallenxt/public_html/remblerpro/vendor/codeigniter4/framework/system/View/View.php(214): include('/home/fallenxt/...')
#2 /home/fallenxt/public_html/remblerpro/vendor/codeigniter4/framework/system/View/View.php(217): CodeIgniter\View\View->CodeIgniter\View\{closure}()
#3 /home/fallenxt/public_html/remblerpro/vendor/codeigniter4/framework/system/View/View.php(432): CodeIgniter\View\View->render('Layout/Header', NULL, true)
#4 /home/fallenxt/public_html/remblerpro/app/Views/Layout/Starter.php(25): CodeIgniter\View\View->include('Layout/Header')
#5 /home/fallenxt/public_html/remblerpro/vendor/codeigniter4/framework/system/View/View.php(214): include('/home/fallenxt/...')
#6 /home/fallenxt/public_html/remblerpro/vendor/codeigniter4/framework/system/View/View.php(217): CodeIgniter\View\View->CodeIgniter\View\{closure}()
#7 /home/fallenxt/public_html/remblerpro/vendor/codeigniter4/framework/system/View/View.php(230): CodeIgniter\View\View->render('Layout/Starter', Array, true)
#8 /home/fallenxt/public_html/remblerpro/vendor/codeigniter4/framework/system/Common.php(1097): CodeIgniter\View\View->render('Server/Home', Array, true)
#9 /home/fallenxt/public_html/remblerpro/app/Controllers/Main.php(45): view('Server/Home', Array)
#10 /home/fallenxt/public_html/remblerpro/vendor/codeigniter4/framework/system/CodeIgniter.php(824): App\Controllers\Main->index()
#11 /home/fallenxt/public_html/remblerpro/vendor/codeigniter4/framework/system/CodeIgniter.php(410): CodeIgniter\CodeIgniter->runController(Object(App\Controllers\Main))
#12 /home/fallenxt/public_html/remblerpro/vendor/codeigniter4/framework/system/CodeIgniter.php(318): CodeIgniter\CodeIgniter->handleRequest(NULL, Object(Config\Cache), false)
#13 /home/fallenxt/public_html/remblerpro/public/index.php(37): CodeIgniter\CodeIgniter->run()
#14 {main}
CRITICAL - 2022-11-30 18:59:34 --> Undefined variable: user
#0 /home/fallenxt/public_html/remblerpro/app/Views/Layout/Header.php(32): CodeIgniter\Debug\Exceptions->errorHandler(8, 'Undefined varia...', '/home/fallenxt/...', 32, Array)
#1 /home/fallenxt/public_html/remblerpro/vendor/codeigniter4/framework/system/View/View.php(214): include('/home/fallenxt/...')
#2 /home/fallenxt/public_html/remblerpro/vendor/codeigniter4/framework/system/View/View.php(217): CodeIgniter\View\View->CodeIgniter\View\{closure}()
#3 /home/fallenxt/public_html/remblerpro/vendor/codeigniter4/framework/system/View/View.php(432): CodeIgniter\View\View->render('Layout/Header', NULL, true)
#4 /home/fallenxt/public_html/remblerpro/app/Views/Layout/Starter.php(25): CodeIgniter\View\View->include('Layout/Header')
#5 /home/fallenxt/public_html/remblerpro/vendor/codeigniter4/framework/system/View/View.php(214): include('/home/fallenxt/...')
#6 /home/fallenxt/public_html/remblerpro/vendor/codeigniter4/framework/system/View/View.php(217): CodeIgniter\View\View->CodeIgniter\View\{closure}()
#7 /home/fallenxt/public_html/remblerpro/vendor/codeigniter4/framework/system/View/View.php(230): CodeIgniter\View\View->render('Layout/Starter', Array, true)
#8 /home/fallenxt/public_html/remblerpro/vendor/codeigniter4/framework/system/Common.php(1097): CodeIgniter\View\View->render('Server/Home', Array, true)
#9 /home/fallenxt/public_html/remblerpro/app/Controllers/Main.php(45): view('Server/Home', Array)
#10 /home/fallenxt/public_html/remblerpro/vendor/codeigniter4/framework/system/CodeIgniter.php(824): App\Controllers\Main->index()
#11 /home/fallenxt/public_html/remblerpro/vendor/codeigniter4/framework/system/CodeIgniter.php(410): CodeIgniter\CodeIgniter->runController(Object(App\Controllers\Main))
#12 /home/fallenxt/public_html/remblerpro/vendor/codeigniter4/framework/system/CodeIgniter.php(318): CodeIgniter\CodeIgniter->handleRequest(NULL, Object(Config\Cache), false)
#13 /home/fallenxt/public_html/remblerpro/public/index.php(37): CodeIgniter\CodeIgniter->run()
#14 {main}
CRITICAL - 2022-11-30 18:59:43 --> Undefined variable: user
#0 /home/fallenxt/public_html/remblerpro/app/Views/Layout/Header.php(32): CodeIgniter\Debug\Exceptions->errorHandler(8, 'Undefined varia...', '/home/fallenxt/...', 32, Array)
#1 /home/fallenxt/public_html/remblerpro/vendor/codeigniter4/framework/system/View/View.php(214): include('/home/fallenxt/...')
#2 /home/fallenxt/public_html/remblerpro/vendor/codeigniter4/framework/system/View/View.php(217): CodeIgniter\View\View->CodeIgniter\View\{closure}()
#3 /home/fallenxt/public_html/remblerpro/vendor/codeigniter4/framework/system/View/View.php(432): CodeIgniter\View\View->render('Layout/Header', NULL, true)
#4 /home/fallenxt/public_html/remblerpro/app/Views/Layout/Starter.php(25): CodeIgniter\View\View->include('Layout/Header')
#5 /home/fallenxt/public_html/remblerpro/vendor/codeigniter4/framework/system/View/View.php(214): include('/home/fallenxt/...')
#6 /home/fallenxt/public_html/remblerpro/vendor/codeigniter4/framework/system/View/View.php(217): CodeIgniter\View\View->CodeIgniter\View\{closure}()
#7 /home/fallenxt/public_html/remblerpro/vendor/codeigniter4/framework/system/View/View.php(230): CodeIgniter\View\View->render('Layout/Starter', Array, true)
#8 /home/fallenxt/public_html/remblerpro/vendor/codeigniter4/framework/system/Common.php(1097): CodeIgniter\View\View->render('Server/Home', Array, true)
#9 /home/fallenxt/public_html/remblerpro/app/Controllers/Main.php(45): view('Server/Home', Array)
#10 /home/fallenxt/public_html/remblerpro/vendor/codeigniter4/framework/system/CodeIgniter.php(824): App\Controllers\Main->index()
#11 /home/fallenxt/public_html/remblerpro/vendor/codeigniter4/framework/system/CodeIgniter.php(410): CodeIgniter\CodeIgniter->runController(Object(App\Controllers\Main))
#12 /home/fallenxt/public_html/remblerpro/vendor/codeigniter4/framework/system/CodeIgniter.php(318): CodeIgniter\CodeIgniter->handleRequest(NULL, Object(Config\Cache), false)
#13 /home/fallenxt/public_html/remblerpro/public/index.php(37): CodeIgniter\CodeIgniter->run()
#14 {main}
CRITICAL - 2022-11-30 19:04:30 --> Call to a member function getRandomName() on null
#0 /home/fallenxt/public_html/remblerpro/vendor/codeigniter4/framework/system/CodeIgniter.php(824): App\Controllers\User->upload()
#1 /home/fallenxt/public_html/remblerpro/vendor/codeigniter4/framework/system/CodeIgniter.php(410): CodeIgniter\CodeIgniter->runController(Object(App\Controllers\User))
#2 /home/fallenxt/public_html/remblerpro/vendor/codeigniter4/framework/system/CodeIgniter.php(318): CodeIgniter\CodeIgniter->handleRequest(NULL, Object(Config\Cache), false)
#3 /home/fallenxt/public_html/remblerpro/public/index.php(37): CodeIgniter\CodeIgniter->run()
#4 {main}
CRITICAL - 2022-11-30 19:05:39 --> Call to a member function getRandomName() on null
#0 /home/fallenxt/public_html/remblerpro/vendor/codeigniter4/framework/system/CodeIgniter.php(824): App\Controllers\User->upload()
#1 /home/fallenxt/public_html/remblerpro/vendor/codeigniter4/framework/system/CodeIgniter.php(410): CodeIgniter\CodeIgniter->runController(Object(App\Controllers\User))
#2 /home/fallenxt/public_html/remblerpro/vendor/codeigniter4/framework/system/CodeIgniter.php(318): CodeIgniter\CodeIgniter->handleRequest(NULL, Object(Config\Cache), false)
#3 /home/fallenxt/public_html/remblerpro/public/index.php(37): CodeIgniter\CodeIgniter->run()
#4 {main}
CRITICAL - 2022-11-30 19:06:27 --> Undefined variable: user
#0 /home/fallenxt/public_html/remblerpro/app/Views/Layout/Header.php(32): CodeIgniter\Debug\Exceptions->errorHandler(8, 'Undefined varia...', '/home/fallenxt/...', 32, Array)
#1 /home/fallenxt/public_html/remblerpro/vendor/codeigniter4/framework/system/View/View.php(214): include('/home/fallenxt/...')
#2 /home/fallenxt/public_html/remblerpro/vendor/codeigniter4/framework/system/View/View.php(217): CodeIgniter\View\View->CodeIgniter\View\{closure}()
#3 /home/fallenxt/public_html/remblerpro/vendor/codeigniter4/framework/system/View/View.php(432): CodeIgniter\View\View->render('Layout/Header', NULL, true)
#4 /home/fallenxt/public_html/remblerpro/app/Views/Layout/Starter.php(25): CodeIgniter\View\View->include('Layout/Header')
#5 /home/fallenxt/public_html/remblerpro/vendor/codeigniter4/framework/system/View/View.php(214): include('/home/fallenxt/...')
#6 /home/fallenxt/public_html/remblerpro/vendor/codeigniter4/framework/system/View/View.php(217): CodeIgniter\View\View->CodeIgniter\View\{closure}()
#7 /home/fallenxt/public_html/remblerpro/vendor/codeigniter4/framework/system/View/View.php(230): CodeIgniter\View\View->render('Layout/Starter', Array, true)
#8 /home/fallenxt/public_html/remblerpro/vendor/codeigniter4/framework/system/Common.php(1097): CodeIgniter\View\View->render('Server/Home', Array, true)
#9 /home/fallenxt/public_html/remblerpro/app/Controllers/Main.php(20): view('Server/Home', Array)
#10 /home/fallenxt/public_html/remblerpro/vendor/codeigniter4/framework/system/CodeIgniter.php(824): App\Controllers\Main->index()
#11 /home/fallenxt/public_html/remblerpro/vendor/codeigniter4/framework/system/CodeIgniter.php(410): CodeIgniter\CodeIgniter->runController(Object(App\Controllers\Main))
#12 /home/fallenxt/public_html/remblerpro/vendor/codeigniter4/framework/system/CodeIgniter.php(318): CodeIgniter\CodeIgniter->handleRequest(NULL, Object(Config\Cache), false)
#13 /home/fallenxt/public_html/remblerpro/public/index.php(37): CodeIgniter\CodeIgniter->run()
#14 {main}
CRITICAL - 2022-11-30 19:12:42 --> Undefined variable: user
#0 /home/fallenxt/public_html/remblerpro/app/Views/Layout/Header.php(32): CodeIgniter\Debug\Exceptions->errorHandler(8, 'Undefined varia...', '/home/fallenxt/...', 32, Array)
#1 /home/fallenxt/public_html/remblerpro/vendor/codeigniter4/framework/system/View/View.php(214): include('/home/fallenxt/...')
#2 /home/fallenxt/public_html/remblerpro/vendor/codeigniter4/framework/system/View/View.php(217): CodeIgniter\View\View->CodeIgniter\View\{closure}()
#3 /home/fallenxt/public_html/remblerpro/vendor/codeigniter4/framework/system/View/View.php(432): CodeIgniter\View\View->render('Layout/Header', NULL, true)
#4 /home/fallenxt/public_html/remblerpro/app/Views/Layout/Starter.php(25): CodeIgniter\View\View->include('Layout/Header')
#5 /home/fallenxt/public_html/remblerpro/vendor/codeigniter4/framework/system/View/View.php(214): include('/home/fallenxt/...')
#6 /home/fallenxt/public_html/remblerpro/vendor/codeigniter4/framework/system/View/View.php(217): CodeIgniter\View\View->CodeIgniter\View\{closure}()
#7 /home/fallenxt/public_html/remblerpro/vendor/codeigniter4/framework/system/View/View.php(230): CodeIgniter\View\View->render('Layout/Starter', Array, true)
#8 /home/fallenxt/public_html/remblerpro/vendor/codeigniter4/framework/system/Common.php(1097): CodeIgniter\View\View->render('Server/Home', Array, true)
#9 /home/fallenxt/public_html/remblerpro/app/Controllers/Main.php(46): view('Server/Home', Array)
#10 /home/fallenxt/public_html/remblerpro/vendor/codeigniter4/framework/system/CodeIgniter.php(824): App\Controllers\Main->index()
#11 /home/fallenxt/public_html/remblerpro/vendor/codeigniter4/framework/system/CodeIgniter.php(410): CodeIgniter\CodeIgniter->runController(Object(App\Controllers\Main))
#12 /home/fallenxt/public_html/remblerpro/vendor/codeigniter4/framework/system/CodeIgniter.php(318): CodeIgniter\CodeIgniter->handleRequest(NULL, Object(Config\Cache), false)
#13 /home/fallenxt/public_html/remblerpro/public/index.php(37): CodeIgniter\CodeIgniter->run()
#14 {main}
CRITICAL - 2022-11-30 19:14:33 --> Undefined variable: user
#0 /home/fallenxt/public_html/remblerpro/app/Views/Layout/Header.php(32): CodeIgniter\Debug\Exceptions->errorHandler(8, 'Undefined varia...', '/home/fallenxt/...', 32, Array)
#1 /home/fallenxt/public_html/remblerpro/vendor/codeigniter4/framework/system/View/View.php(214): include('/home/fallenxt/...')
#2 /home/fallenxt/public_html/remblerpro/vendor/codeigniter4/framework/system/View/View.php(217): CodeIgniter\View\View->CodeIgniter\View\{closure}()
#3 /home/fallenxt/public_html/remblerpro/vendor/codeigniter4/framework/system/View/View.php(432): CodeIgniter\View\View->render('Layout/Header', NULL, true)
#4 /home/fallenxt/public_html/remblerpro/app/Views/Layout/Starter.php(25): CodeIgniter\View\View->include('Layout/Header')
#5 /home/fallenxt/public_html/remblerpro/vendor/codeigniter4/framework/system/View/View.php(214): include('/home/fallenxt/...')
#6 /home/fallenxt/public_html/remblerpro/vendor/codeigniter4/framework/system/View/View.php(217): CodeIgniter\View\View->CodeIgniter\View\{closure}()
#7 /home/fallenxt/public_html/remblerpro/vendor/codeigniter4/framework/system/View/View.php(230): CodeIgniter\View\View->render('Layout/Starter', Array, true)
#8 /home/fallenxt/public_html/remblerpro/vendor/codeigniter4/framework/system/Common.php(1097): CodeIgniter\View\View->render('Server/Home', Array, true)
#9 /home/fallenxt/public_html/remblerpro/app/Controllers/Main.php(47): view('Server/Home', Array)
#10 /home/fallenxt/public_html/remblerpro/vendor/codeigniter4/framework/system/CodeIgniter.php(824): App\Controllers\Main->index()
#11 /home/fallenxt/public_html/remblerpro/vendor/codeigniter4/framework/system/CodeIgniter.php(410): CodeIgniter\CodeIgniter->runController(Object(App\Controllers\Main))
#12 /home/fallenxt/public_html/remblerpro/vendor/codeigniter4/framework/system/CodeIgniter.php(318): CodeIgniter\CodeIgniter->handleRequest(NULL, Object(Config\Cache), false)
#13 /home/fallenxt/public_html/remblerpro/public/index.php(37): CodeIgniter\CodeIgniter->run()
#14 {main}
CRITICAL - 2022-11-30 19:15:58 --> Undefined variable: user
#0 /home/fallenxt/public_html/remblerpro/app/Views/Layout/Header.php(32): CodeIgniter\Debug\Exceptions->errorHandler(8, 'Undefined varia...', '/home/fallenxt/...', 32, Array)
#1 /home/fallenxt/public_html/remblerpro/vendor/codeigniter4/framework/system/View/View.php(214): include('/home/fallenxt/...')
#2 /home/fallenxt/public_html/remblerpro/vendor/codeigniter4/framework/system/View/View.php(217): CodeIgniter\View\View->CodeIgniter\View\{closure}()
#3 /home/fallenxt/public_html/remblerpro/vendor/codeigniter4/framework/system/View/View.php(432): CodeIgniter\View\View->render('Layout/Header', NULL, true)
#4 /home/fallenxt/public_html/remblerpro/app/Views/Layout/Starter.php(25): CodeIgniter\View\View->include('Layout/Header')
#5 /home/fallenxt/public_html/remblerpro/vendor/codeigniter4/framework/system/View/View.php(214): include('/home/fallenxt/...')
#6 /home/fallenxt/public_html/remblerpro/vendor/codeigniter4/framework/system/View/View.php(217): CodeIgniter\View\View->CodeIgniter\View\{closure}()
#7 /home/fallenxt/public_html/remblerpro/vendor/codeigniter4/framework/system/View/View.php(230): CodeIgniter\View\View->render('Layout/Starter', Array, true)
#8 /home/fallenxt/public_html/remblerpro/vendor/codeigniter4/framework/system/Common.php(1097): CodeIgniter\View\View->render('Server/Home', Array, true)
#9 /home/fallenxt/public_html/remblerpro/app/Controllers/Main.php(47): view('Server/Home', Array)
#10 /home/fallenxt/public_html/remblerpro/vendor/codeigniter4/framework/system/CodeIgniter.php(824): App\Controllers\Main->index()
#11 /home/fallenxt/public_html/remblerpro/vendor/codeigniter4/framework/system/CodeIgniter.php(410): CodeIgniter\CodeIgniter->runController(Object(App\Controllers\Main))
#12 /home/fallenxt/public_html/remblerpro/vendor/codeigniter4/framework/system/CodeIgniter.php(318): CodeIgniter\CodeIgniter->handleRequest(NULL, Object(Config\Cache), false)
#13 /home/fallenxt/public_html/remblerpro/public/index.php(37): CodeIgniter\CodeIgniter->run()
#14 {main}
CRITICAL - 2022-11-30 19:18:38 --> Undefined variable: user
#0 /home/fallenxt/public_html/remblerpro/app/Views/Layout/Header.php(32): CodeIgniter\Debug\Exceptions->errorHandler(8, 'Undefined varia...', '/home/fallenxt/...', 32, Array)
#1 /home/fallenxt/public_html/remblerpro/vendor/codeigniter4/framework/system/View/View.php(214): include('/home/fallenxt/...')
#2 /home/fallenxt/public_html/remblerpro/vendor/codeigniter4/framework/system/View/View.php(217): CodeIgniter\View\View->CodeIgniter\View\{closure}()
#3 /home/fallenxt/public_html/remblerpro/vendor/codeigniter4/framework/system/View/View.php(432): CodeIgniter\View\View->render('Layout/Header', NULL, true)
#4 /home/fallenxt/public_html/remblerpro/app/Views/Layout/Starter.php(25): CodeIgniter\View\View->include('Layout/Header')
#5 /home/fallenxt/public_html/remblerpro/vendor/codeigniter4/framework/system/View/View.php(214): include('/home/fallenxt/...')
#6 /home/fallenxt/public_html/remblerpro/vendor/codeigniter4/framework/system/View/View.php(217): CodeIgniter\View\View->CodeIgniter\View\{closure}()
#7 /home/fallenxt/public_html/remblerpro/vendor/codeigniter4/framework/system/View/View.php(230): CodeIgniter\View\View->render('Layout/Starter', Array, true)
#8 /home/fallenxt/public_html/remblerpro/vendor/codeigniter4/framework/system/Common.php(1097): CodeIgniter\View\View->render('Server/Home', Array, true)
#9 /home/fallenxt/public_html/remblerpro/app/Controllers/Main.php(21): view('Server/Home', Array)
#10 /home/fallenxt/public_html/remblerpro/vendor/codeigniter4/framework/system/CodeIgniter.php(824): App\Controllers\Main->index()
#11 /home/fallenxt/public_html/remblerpro/vendor/codeigniter4/framework/system/CodeIgniter.php(410): CodeIgniter\CodeIgniter->runController(Object(App\Controllers\Main))
#12 /home/fallenxt/public_html/remblerpro/vendor/codeigniter4/framework/system/CodeIgniter.php(318): CodeIgniter\CodeIgniter->handleRequest(NULL, Object(Config\Cache), false)
#13 /home/fallenxt/public_html/remblerpro/public/index.php(37): CodeIgniter\CodeIgniter->run()
#14 {main}
CRITICAL - 2022-11-30 19:25:19 --> Cannot use App\Models\CodeModel as CodeModel because the name is already in use
#0 [internal function]: CodeIgniter\Debug\Exceptions->shutdownHandler()
#1 {main}
CRITICAL - 2022-11-30 19:25:40 --> Cannot use App\Models\UserModel as UserModel because the name is already in use
#0 [internal function]: CodeIgniter\Debug\Exceptions->shutdownHandler()
#1 {main}
CRITICAL - 2022-11-30 19:25:52 --> Undefined variable: user
#0 /home/fallenxt/public_html/remblerpro/app/Views/Layout/Header.php(32): CodeIgniter\Debug\Exceptions->errorHandler(8, 'Undefined varia...', '/home/fallenxt/...', 32, Array)
#1 /home/fallenxt/public_html/remblerpro/vendor/codeigniter4/framework/system/View/View.php(214): include('/home/fallenxt/...')
#2 /home/fallenxt/public_html/remblerpro/vendor/codeigniter4/framework/system/View/View.php(217): CodeIgniter\View\View->CodeIgniter\View\{closure}()
#3 /home/fallenxt/public_html/remblerpro/vendor/codeigniter4/framework/system/View/View.php(432): CodeIgniter\View\View->render('Layout/Header', NULL, true)
#4 /home/fallenxt/public_html/remblerpro/app/Views/Layout/Starter.php(25): CodeIgniter\View\View->include('Layout/Header')
#5 /home/fallenxt/public_html/remblerpro/vendor/codeigniter4/framework/system/View/View.php(214): include('/home/fallenxt/...')
#6 /home/fallenxt/public_html/remblerpro/vendor/codeigniter4/framework/system/View/View.php(217): CodeIgniter\View\View->CodeIgniter\View\{closure}()
#7 /home/fallenxt/public_html/remblerpro/vendor/codeigniter4/framework/system/View/View.php(230): CodeIgniter\View\View->render('Layout/Starter', Array, true)
#8 /home/fallenxt/public_html/remblerpro/vendor/codeigniter4/framework/system/Common.php(1097): CodeIgniter\View\View->render('Server/Home', Array, true)
#9 /home/fallenxt/public_html/remblerpro/app/Controllers/Main.php(31): view('Server/Home', Array)
#10 /home/fallenxt/public_html/remblerpro/vendor/codeigniter4/framework/system/CodeIgniter.php(824): App\Controllers\Main->index()
#11 /home/fallenxt/public_html/remblerpro/vendor/codeigniter4/framework/system/CodeIgniter.php(410): CodeIgniter\CodeIgniter->runController(Object(App\Controllers\Main))
#12 /home/fallenxt/public_html/remblerpro/vendor/codeigniter4/framework/system/CodeIgniter.php(318): CodeIgniter\CodeIgniter->handleRequest(NULL, Object(Config\Cache), false)
#13 /home/fallenxt/public_html/remblerpro/public/index.php(37): CodeIgniter\CodeIgniter->run()
#14 {main}
CRITICAL - 2022-11-30 19:27:00 --> Undefined variable: user
#0 /home/fallenxt/public_html/remblerpro/app/Views/Layout/Header.php(32): CodeIgniter\Debug\Exceptions->errorHandler(8, 'Undefined varia...', '/home/fallenxt/...', 32, Array)
#1 /home/fallenxt/public_html/remblerpro/vendor/codeigniter4/framework/system/View/View.php(214): include('/home/fallenxt/...')
#2 /home/fallenxt/public_html/remblerpro/vendor/codeigniter4/framework/system/View/View.php(217): CodeIgniter\View\View->CodeIgniter\View\{closure}()
#3 /home/fallenxt/public_html/remblerpro/vendor/codeigniter4/framework/system/View/View.php(432): CodeIgniter\View\View->render('Layout/Header', NULL, true)
#4 /home/fallenxt/public_html/remblerpro/app/Views/Layout/Starter.php(25): CodeIgniter\View\View->include('Layout/Header')
#5 /home/fallenxt/public_html/remblerpro/vendor/codeigniter4/framework/system/View/View.php(214): include('/home/fallenxt/...')
#6 /home/fallenxt/public_html/remblerpro/vendor/codeigniter4/framework/system/View/View.php(217): CodeIgniter\View\View->CodeIgniter\View\{closure}()
#7 /home/fallenxt/public_html/remblerpro/vendor/codeigniter4/framework/system/View/View.php(230): CodeIgniter\View\View->render('Layout/Starter', Array, true)
#8 /home/fallenxt/public_html/remblerpro/vendor/codeigniter4/framework/system/Common.php(1097): CodeIgniter\View\View->render('Server/Home', Array, true)
#9 /home/fallenxt/public_html/remblerpro/app/Controllers/Main.php(39): view('Server/Home', Array)
#10 /home/fallenxt/public_html/remblerpro/vendor/codeigniter4/framework/system/CodeIgniter.php(824): App\Controllers\Main->index()
#11 /home/fallenxt/public_html/remblerpro/vendor/codeigniter4/framework/system/CodeIgniter.php(410): CodeIgniter\CodeIgniter->runController(Object(App\Controllers\Main))
#12 /home/fallenxt/public_html/remblerpro/vendor/codeigniter4/framework/system/CodeIgniter.php(318): CodeIgniter\CodeIgniter->handleRequest(NULL, Object(Config\Cache), false)
#13 /home/fallenxt/public_html/remblerpro/public/index.php(37): CodeIgniter\CodeIgniter->run()
#14 {main}
CRITICAL - 2022-11-30 19:27:03 --> Undefined variable: user
#0 /home/fallenxt/public_html/remblerpro/app/Views/Layout/Header.php(32): CodeIgniter\Debug\Exceptions->errorHandler(8, 'Undefined varia...', '/home/fallenxt/...', 32, Array)
#1 /home/fallenxt/public_html/remblerpro/vendor/codeigniter4/framework/system/View/View.php(214): include('/home/fallenxt/...')
#2 /home/fallenxt/public_html/remblerpro/vendor/codeigniter4/framework/system/View/View.php(217): CodeIgniter\View\View->CodeIgniter\View\{closure}()
#3 /home/fallenxt/public_html/remblerpro/vendor/codeigniter4/framework/system/View/View.php(432): CodeIgniter\View\View->render('Layout/Header', NULL, true)
#4 /home/fallenxt/public_html/remblerpro/app/Views/Layout/Starter.php(25): CodeIgniter\View\View->include('Layout/Header')
#5 /home/fallenxt/public_html/remblerpro/vendor/codeigniter4/framework/system/View/View.php(214): include('/home/fallenxt/...')
#6 /home/fallenxt/public_html/remblerpro/vendor/codeigniter4/framework/system/View/View.php(217): CodeIgniter\View\View->CodeIgniter\View\{closure}()
#7 /home/fallenxt/public_html/remblerpro/vendor/codeigniter4/framework/system/View/View.php(230): CodeIgniter\View\View->render('Layout/Starter', Array, true)
#8 /home/fallenxt/public_html/remblerpro/vendor/codeigniter4/framework/system/Common.php(1097): CodeIgniter\View\View->render('Server/Home', Array, true)
#9 /home/fallenxt/public_html/remblerpro/app/Controllers/Main.php(39): view('Server/Home', Array)
#10 /home/fallenxt/public_html/remblerpro/vendor/codeigniter4/framework/system/CodeIgniter.php(824): App\Controllers\Main->index()
#11 /home/fallenxt/public_html/remblerpro/vendor/codeigniter4/framework/system/CodeIgniter.php(410): CodeIgniter\CodeIgniter->runController(Object(App\Controllers\Main))
#12 /home/fallenxt/public_html/remblerpro/vendor/codeigniter4/framework/system/CodeIgniter.php(318): CodeIgniter\CodeIgniter->handleRequest(NULL, Object(Config\Cache), false)
#13 /home/fallenxt/public_html/remblerpro/public/index.php(37): CodeIgniter\CodeIgniter->run()
#14 {main}
CRITICAL - 2022-11-30 19:27:42 --> Undefined variable: user
#0 /home/fallenxt/public_html/remblerpro/app/Views/Layout/Header.php(32): CodeIgniter\Debug\Exceptions->errorHandler(8, 'Undefined varia...', '/home/fallenxt/...', 32, Array)
#1 /home/fallenxt/public_html/remblerpro/vendor/codeigniter4/framework/system/View/View.php(214): include('/home/fallenxt/...')
#2 /home/fallenxt/public_html/remblerpro/vendor/codeigniter4/framework/system/View/View.php(217): CodeIgniter\View\View->CodeIgniter\View\{closure}()
#3 /home/fallenxt/public_html/remblerpro/vendor/codeigniter4/framework/system/View/View.php(432): CodeIgniter\View\View->render('Layout/Header', NULL, true)
#4 /home/fallenxt/public_html/remblerpro/app/Views/Layout/Starter.php(25): CodeIgniter\View\View->include('Layout/Header')
#5 /home/fallenxt/public_html/remblerpro/vendor/codeigniter4/framework/system/View/View.php(214): include('/home/fallenxt/...')
#6 /home/fallenxt/public_html/remblerpro/vendor/codeigniter4/framework/system/View/View.php(217): CodeIgniter\View\View->CodeIgniter\View\{closure}()
#7 /home/fallenxt/public_html/remblerpro/vendor/codeigniter4/framework/system/View/View.php(230): CodeIgniter\View\View->render('Layout/Starter', Array, true)
#8 /home/fallenxt/public_html/remblerpro/vendor/codeigniter4/framework/system/Common.php(1097): CodeIgniter\View\View->render('Server/Home', Array, true)
#9 /home/fallenxt/public_html/remblerpro/app/Controllers/Main.php(41): view('Server/Home', Array)
#10 /home/fallenxt/public_html/remblerpro/vendor/codeigniter4/framework/system/CodeIgniter.php(824): App\Controllers\Main->index()
#11 /home/fallenxt/public_html/remblerpro/vendor/codeigniter4/framework/system/CodeIgniter.php(410): CodeIgniter\CodeIgniter->runController(Object(App\Controllers\Main))
#12 /home/fallenxt/public_html/remblerpro/vendor/codeigniter4/framework/system/CodeIgniter.php(318): CodeIgniter\CodeIgniter->handleRequest(NULL, Object(Config\Cache), false)
#13 /home/fallenxt/public_html/remblerpro/public/index.php(37): CodeIgniter\CodeIgniter->run()
#14 {main}
CRITICAL - 2022-11-30 19:28:34 --> Cannot use Config\Services as Services because the name is already in use
#0 [internal function]: CodeIgniter\Debug\Exceptions->shutdownHandler()
#1 {main}
CRITICAL - 2022-11-30 19:28:55 --> Undefined variable: user
#0 /home/fallenxt/public_html/remblerpro/app/Views/Layout/Header.php(32): CodeIgniter\Debug\Exceptions->errorHandler(8, 'Undefined varia...', '/home/fallenxt/...', 32, Array)
#1 /home/fallenxt/public_html/remblerpro/vendor/codeigniter4/framework/system/View/View.php(214): include('/home/fallenxt/...')
#2 /home/fallenxt/public_html/remblerpro/vendor/codeigniter4/framework/system/View/View.php(217): CodeIgniter\View\View->CodeIgniter\View\{closure}()
#3 /home/fallenxt/public_html/remblerpro/vendor/codeigniter4/framework/system/View/View.php(432): CodeIgniter\View\View->render('Layout/Header', NULL, true)
#4 /home/fallenxt/public_html/remblerpro/app/Views/Layout/Starter.php(25): CodeIgniter\View\View->include('Layout/Header')
#5 /home/fallenxt/public_html/remblerpro/vendor/codeigniter4/framework/system/View/View.php(214): include('/home/fallenxt/...')
#6 /home/fallenxt/public_html/remblerpro/vendor/codeigniter4/framework/system/View/View.php(217): CodeIgniter\View\View->CodeIgniter\View\{closure}()
#7 /home/fallenxt/public_html/remblerpro/vendor/codeigniter4/framework/system/View/View.php(230): CodeIgniter\View\View->render('Layout/Starter', Array, true)
#8 /home/fallenxt/public_html/remblerpro/vendor/codeigniter4/framework/system/Common.php(1097): CodeIgniter\View\View->render('Server/Home', Array, true)
#9 /home/fallenxt/public_html/remblerpro/app/Controllers/Main.php(41): view('Server/Home', Array)
#10 /home/fallenxt/public_html/remblerpro/vendor/codeigniter4/framework/system/CodeIgniter.php(824): App\Controllers\Main->index()
#11 /home/fallenxt/public_html/remblerpro/vendor/codeigniter4/framework/system/CodeIgniter.php(410): CodeIgniter\CodeIgniter->runController(Object(App\Controllers\Main))
#12 /home/fallenxt/public_html/remblerpro/vendor/codeigniter4/framework/system/CodeIgniter.php(318): CodeIgniter\CodeIgniter->handleRequest(NULL, Object(Config\Cache), false)
#13 /home/fallenxt/public_html/remblerpro/public/index.php(37): CodeIgniter\CodeIgniter->run()
#14 {main}
CRITICAL - 2022-11-30 19:30:45 --> Class 'App\Controllers\HistoryModel' not found
#0 /home/fallenxt/public_html/remblerpro/vendor/codeigniter4/framework/system/CodeIgniter.php(824): App\Controllers\Main->index()
#1 /home/fallenxt/public_html/remblerpro/vendor/codeigniter4/framework/system/CodeIgniter.php(410): CodeIgniter\CodeIgniter->runController(Object(App\Controllers\Main))
#2 /home/fallenxt/public_html/remblerpro/vendor/codeigniter4/framework/system/CodeIgniter.php(318): CodeIgniter\CodeIgniter->handleRequest(NULL, Object(Config\Cache), false)
#3 /home/fallenxt/public_html/remblerpro/public/index.php(37): CodeIgniter\CodeIgniter->run()
#4 {main}
CRITICAL - 2022-11-30 19:31:08 --> Undefined variable: user
#0 /home/fallenxt/public_html/remblerpro/app/Views/Layout/Header.php(32): CodeIgniter\Debug\Exceptions->errorHandler(8, 'Undefined varia...', '/home/fallenxt/...', 32, Array)
#1 /home/fallenxt/public_html/remblerpro/vendor/codeigniter4/framework/system/View/View.php(214): include('/home/fallenxt/...')
#2 /home/fallenxt/public_html/remblerpro/vendor/codeigniter4/framework/system/View/View.php(217): CodeIgniter\View\View->CodeIgniter\View\{closure}()
#3 /home/fallenxt/public_html/remblerpro/vendor/codeigniter4/framework/system/View/View.php(432): CodeIgniter\View\View->render('Layout/Header', NULL, true)
#4 /home/fallenxt/public_html/remblerpro/app/Views/Layout/Starter.php(25): CodeIgniter\View\View->include('Layout/Header')
#5 /home/fallenxt/public_html/remblerpro/vendor/codeigniter4/framework/system/View/View.php(214): include('/home/fallenxt/...')
#6 /home/fallenxt/public_html/remblerpro/vendor/codeigniter4/framework/system/View/View.php(217): CodeIgniter\View\View->CodeIgniter\View\{closure}()
#7 /home/fallenxt/public_html/remblerpro/vendor/codeigniter4/framework/system/View/View.php(230): CodeIgniter\View\View->render('Layout/Starter', Array, true)
#8 /home/fallenxt/public_html/remblerpro/vendor/codeigniter4/framework/system/Common.php(1097): CodeIgniter\View\View->render('Server/Home', Array, true)
#9 /home/fallenxt/public_html/remblerpro/app/Controllers/Main.php(30): view('Server/Home', Array)
#10 /home/fallenxt/public_html/remblerpro/vendor/codeigniter4/framework/system/CodeIgniter.php(824): App\Controllers\Main->index()
#11 /home/fallenxt/public_html/remblerpro/vendor/codeigniter4/framework/system/CodeIgniter.php(410): CodeIgniter\CodeIgniter->runController(Object(App\Controllers\Main))
#12 /home/fallenxt/public_html/remblerpro/vendor/codeigniter4/framework/system/CodeIgniter.php(318): CodeIgniter\CodeIgniter->handleRequest(NULL, Object(Config\Cache), false)
#13 /home/fallenxt/public_html/remblerpro/public/index.php(37): CodeIgniter\CodeIgniter->run()
#14 {main}
CRITICAL - 2022-11-30 19:32:33 --> Cannot use App\Models\UserModel as UserModel because the name is already in use
#0 [internal function]: CodeIgniter\Debug\Exceptions->shutdownHandler()
#1 {main}
CRITICAL - 2022-11-30 19:32:46 --> Cannot use CodeIgniter\Config\Services as Services because the name is already in use
#0 [internal function]: CodeIgniter\Debug\Exceptions->shutdownHandler()
#1 {main}
CRITICAL - 2022-11-30 19:33:00 --> Cannot use CodeIgniter\Controller as Controller because the name is already in use
#0 [internal function]: CodeIgniter\Debug\Exceptions->shutdownHandler()
#1 {main}
CRITICAL - 2022-11-30 19:33:11 --> Undefined variable: user
#0 /home/fallenxt/public_html/remblerpro/app/Views/Layout/Header.php(32): CodeIgniter\Debug\Exceptions->errorHandler(8, 'Undefined varia...', '/home/fallenxt/...', 32, Array)
#1 /home/fallenxt/public_html/remblerpro/vendor/codeigniter4/framework/system/View/View.php(214): include('/home/fallenxt/...')
#2 /home/fallenxt/public_html/remblerpro/vendor/codeigniter4/framework/system/View/View.php(217): CodeIgniter\View\View->CodeIgniter\View\{closure}()
#3 /home/fallenxt/public_html/remblerpro/vendor/codeigniter4/framework/system/View/View.php(432): CodeIgniter\View\View->render('Layout/Header', NULL, true)
#4 /home/fallenxt/public_html/remblerpro/app/Views/Layout/Starter.php(25): CodeIgniter\View\View->include('Layout/Header')
#5 /home/fallenxt/public_html/remblerpro/vendor/codeigniter4/framework/system/View/View.php(214): include('/home/fallenxt/...')
#6 /home/fallenxt/public_html/remblerpro/vendor/codeigniter4/framework/system/View/View.php(217): CodeIgniter\View\View->CodeIgniter\View\{closure}()
#7 /home/fallenxt/public_html/remblerpro/vendor/codeigniter4/framework/system/View/View.php(230): CodeIgniter\View\View->render('Layout/Starter', Array, true)
#8 /home/fallenxt/public_html/remblerpro/vendor/codeigniter4/framework/system/Common.php(1097): CodeIgniter\View\View->render('Server/Home', Array, true)
#9 /home/fallenxt/public_html/remblerpro/app/Controllers/Main.php(34): view('Server/Home', Array)
#10 /home/fallenxt/public_html/remblerpro/vendor/codeigniter4/framework/system/CodeIgniter.php(824): App\Controllers\Main->index()
#11 /home/fallenxt/public_html/remblerpro/vendor/codeigniter4/framework/system/CodeIgniter.php(410): CodeIgniter\CodeIgniter->runController(Object(App\Controllers\Main))
#12 /home/fallenxt/public_html/remblerpro/vendor/codeigniter4/framework/system/CodeIgniter.php(318): CodeIgniter\CodeIgniter->handleRequest(NULL, Object(Config\Cache), false)
#13 /home/fallenxt/public_html/remblerpro/public/index.php(37): CodeIgniter\CodeIgniter->run()
#14 {main}
CRITICAL - 2022-11-30 22:35:04 --> Undefined variable: user
#0 /home/fallenxt/public_html/remblerpro/app/Views/Layout/Header.php(32): CodeIgniter\Debug\Exceptions->errorHandler(8, 'Undefined varia...', '/home/fallenxt/...', 32, Array)
#1 /home/fallenxt/public_html/remblerpro/vendor/codeigniter4/framework/system/View/View.php(214): include('/home/fallenxt/...')
#2 /home/fallenxt/public_html/remblerpro/vendor/codeigniter4/framework/system/View/View.php(217): CodeIgniter\View\View->CodeIgniter\View\{closure}()
#3 /home/fallenxt/public_html/remblerpro/vendor/codeigniter4/framework/system/View/View.php(432): CodeIgniter\View\View->render('Layout/Header', NULL, true)
#4 /home/fallenxt/public_html/remblerpro/app/Views/Layout/Starter.php(25): CodeIgniter\View\View->include('Layout/Header')
#5 /home/fallenxt/public_html/remblerpro/vendor/codeigniter4/framework/system/View/View.php(214): include('/home/fallenxt/...')
#6 /home/fallenxt/public_html/remblerpro/vendor/codeigniter4/framework/system/View/View.php(217): CodeIgniter\View\View->CodeIgniter\View\{closure}()
#7 /home/fallenxt/public_html/remblerpro/vendor/codeigniter4/framework/system/View/View.php(230): CodeIgniter\View\View->render('Layout/Starter', Array, true)
#8 /home/fallenxt/public_html/remblerpro/vendor/codeigniter4/framework/system/Common.php(1097): CodeIgniter\View\View->render('Server/Home', Array, true)
#9 /home/fallenxt/public_html/remblerpro/app/Controllers/Main.php(34): view('Server/Home', Array)
#10 /home/fallenxt/public_html/remblerpro/vendor/codeigniter4/framework/system/CodeIgniter.php(824): App\Controllers\Main->index()
#11 /home/fallenxt/public_html/remblerpro/vendor/codeigniter4/framework/system/CodeIgniter.php(410): CodeIgniter\CodeIgniter->runController(Object(App\Controllers\Main))
#12 /home/fallenxt/public_html/remblerpro/vendor/codeigniter4/framework/system/CodeIgniter.php(318): CodeIgniter\CodeIgniter->handleRequest(NULL, Object(Config\Cache), false)
#13 /home/fallenxt/public_html/remblerpro/public/index.php(37): CodeIgniter\CodeIgniter->run()
#14 {main}
