CRITICAL - 2023-04-28 15:24:42 --> Undefined variable: data_response
#0 /home/troxxyz/rebrand.tro-x.xyz/app/Controllers/Keyz.php(517): CodeIgniter\Debug\Exceptions->errorHandler(8, 'Undefined varia...', '/home/troxxyz/r...', 517, Array)
#1 /home/troxxyz/rebrand.tro-x.xyz/app/Controllers/Keyz.php(359): App\Controllers\Keyz->generates_action()
#2 /home/troxxyz/rebrand.tro-x.xyz/vendor/codeigniter4/framework/system/CodeIgniter.php(824): App\Controllers\Keyz->generates()
#3 /home/troxxyz/rebrand.tro-x.xyz/vendor/codeigniter4/framework/system/CodeIgniter.php(410): CodeIgniter\CodeIgniter->runController(Object(App\Controllers\Keyz))
#4 /home/troxxyz/rebrand.tro-x.xyz/vendor/codeigniter4/framework/system/CodeIgniter.php(318): CodeIgniter\CodeIgniter->handleRequest(NULL, Object(Config\Cache), false)
#5 /home/troxxyz/rebrand.tro-x.xyz/public/index.php(37): CodeIgniter\CodeIgniter->run()
#6 {main}
CRITICAL - 2023-04-28 15:52:11 --> Trying to get property 'level' of non-object
#0 /home/troxxyz/rebrand.tro-x.xyz/app/Models/UserModel.php(72): CodeIgniter\Debug\Exceptions->errorHandler(8, 'Trying to get p...', '/home/troxxyz/r...', 72, Array)
#1 /home/troxxyz/rebrand.tro-x.xyz/app/Filters/AuthFilter.php(19): App\Models\UserModel->checkAuthFilter()
#2 /home/troxxyz/rebrand.tro-x.xyz/vendor/codeigniter4/framework/system/Filters/Filters.php(173): App\Filters\AuthFilter->before(Object(CodeIgniter\HTTP\IncomingRequest), NULL)
#3 /home/troxxyz/rebrand.tro-x.xyz/vendor/codeigniter4/framework/system/CodeIgniter.php(384): CodeIgniter\Filters\Filters->run('dashboard', 'before')
#4 /home/troxxyz/rebrand.tro-x.xyz/vendor/codeigniter4/framework/system/CodeIgniter.php(318): CodeIgniter\CodeIgniter->handleRequest(NULL, Object(Config\Cache), false)
#5 /home/troxxyz/rebrand.tro-x.xyz/public/index.php(37): CodeIgniter\CodeIgniter->run()
#6 {main}
CRITICAL - 2023-04-28 15:52:15 --> Trying to get property 'level' of non-object
#0 /home/troxxyz/rebrand.tro-x.xyz/app/Models/UserModel.php(72): CodeIgniter\Debug\Exceptions->errorHandler(8, 'Trying to get p...', '/home/troxxyz/r...', 72, Array)
#1 /home/troxxyz/rebrand.tro-x.xyz/app/Filters/AuthFilter.php(19): App\Models\UserModel->checkAuthFilter()
#2 /home/troxxyz/rebrand.tro-x.xyz/vendor/codeigniter4/framework/system/Filters/Filters.php(173): App\Filters\AuthFilter->before(Object(CodeIgniter\HTTP\IncomingRequest), NULL)
#3 /home/troxxyz/rebrand.tro-x.xyz/vendor/codeigniter4/framework/system/CodeIgniter.php(384): CodeIgniter\Filters\Filters->run('dashboard', 'before')
#4 /home/troxxyz/rebrand.tro-x.xyz/vendor/codeigniter4/framework/system/CodeIgniter.php(318): CodeIgniter\CodeIgniter->handleRequest(NULL, Object(Config\Cache), false)
#5 /home/troxxyz/rebrand.tro-x.xyz/public/index.php(37): CodeIgniter\CodeIgniter->run()
#6 {main}
CRITICAL - 2023-04-28 15:52:17 --> Trying to get property 'level' of non-object
#0 /home/troxxyz/rebrand.tro-x.xyz/app/Models/UserModel.php(72): CodeIgniter\Debug\Exceptions->errorHandler(8, 'Trying to get p...', '/home/troxxyz/r...', 72, Array)
#1 /home/troxxyz/rebrand.tro-x.xyz/app/Filters/AuthFilter.php(19): App\Models\UserModel->checkAuthFilter()
#2 /home/troxxyz/rebrand.tro-x.xyz/vendor/codeigniter4/framework/system/Filters/Filters.php(173): App\Filters\AuthFilter->before(Object(CodeIgniter\HTTP\IncomingRequest), NULL)
#3 /home/troxxyz/rebrand.tro-x.xyz/vendor/codeigniter4/framework/system/CodeIgniter.php(384): CodeIgniter\Filters\Filters->run('dashboard', 'before')
#4 /home/troxxyz/rebrand.tro-x.xyz/vendor/codeigniter4/framework/system/CodeIgniter.php(318): CodeIgniter\CodeIgniter->handleRequest(NULL, Object(Config\Cache), false)
#5 /home/troxxyz/rebrand.tro-x.xyz/public/index.php(37): CodeIgniter\CodeIgniter->run()
#6 {main}
CRITICAL - 2023-04-28 15:52:26 --> Trying to get property 'level' of non-object
#0 /home/troxxyz/rebrand.tro-x.xyz/app/Models/UserModel.php(72): CodeIgniter\Debug\Exceptions->errorHandler(8, 'Trying to get p...', '/home/troxxyz/r...', 72, Array)
#1 /home/troxxyz/rebrand.tro-x.xyz/app/Filters/AuthFilter.php(19): App\Models\UserModel->checkAuthFilter()
#2 /home/troxxyz/rebrand.tro-x.xyz/vendor/codeigniter4/framework/system/Filters/Filters.php(173): App\Filters\AuthFilter->before(Object(CodeIgniter\HTTP\IncomingRequest), NULL)
#3 /home/troxxyz/rebrand.tro-x.xyz/vendor/codeigniter4/framework/system/CodeIgniter.php(384): CodeIgniter\Filters\Filters->run('dashboard', 'before')
#4 /home/troxxyz/rebrand.tro-x.xyz/vendor/codeigniter4/framework/system/CodeIgniter.php(318): CodeIgniter\CodeIgniter->handleRequest(NULL, Object(Config\Cache), false)
#5 /home/troxxyz/rebrand.tro-x.xyz/public/index.php(37): CodeIgniter\CodeIgniter->run()
#6 {main}
