CRITICAL - 2022-08-03 11:23:13 --> Undefined index: HTTP_USER_AGENT
#0 /home/linuxedu/public_html/fallenx.tech/app/Views/Auth/login.php(35): CodeIgniter\Debug\Exceptions->errorHandler(8, 'Undefined index...', '/home/linuxedu/...', 35, Array)
#1 /home/linuxedu/public_html/fallenx.tech/vendor/codeigniter4/framework/system/View/View.php(214): include('/home/linuxedu/...')
#2 /home/linuxedu/public_html/fallenx.tech/vendor/codeigniter4/framework/system/View/View.php(217): CodeIgniter\View\View->CodeIgniter\View\{closure}()
#3 /home/linuxedu/public_html/fallenx.tech/vendor/codeigniter4/framework/system/Common.php(1097): CodeIgniter\View\View->render('Auth/login', Array, true)
#4 /home/linuxedu/public_html/fallenx.tech/app/Controllers/Auth.php(37): view('Auth/login', Array)
#5 /home/linuxedu/public_html/fallenx.tech/vendor/codeigniter4/framework/system/CodeIgniter.php(824): App\Controllers\Auth->login()
#6 /home/linuxedu/public_html/fallenx.tech/vendor/codeigniter4/framework/system/CodeIgniter.php(410): CodeIgniter\CodeIgniter->runController(Object(App\Controllers\Auth))
#7 /home/linuxedu/public_html/fallenx.tech/vendor/codeigniter4/framework/system/CodeIgniter.php(318): CodeIgniter\CodeIgniter->handleRequest(NULL, Object(Config\Cache), false)
#8 /home/linuxedu/public_html/fallenx.tech/index.php(37): CodeIgniter\CodeIgniter->run()
#9 {main}
CRITICAL - 2022-08-03 12:15:10 --> mysqli_connect(): (HY000/1040): Too many connections
#0 [internal function]: CodeIgniter\Debug\Exceptions->errorHandler(2, 'mysqli_connect(...', '/home/linuxedu/...', 8, Array)
#1 /home/linuxedu/public_html/fallenx.tech/app/Controllers/conn.php(8): mysqli_connect('localhost', 'linuxedu_fallen...', 'linuxedu_fallen...', 'linuxedu_fallen...')
#2 /home/linuxedu/public_html/fallenx.tech/app/Controllers/Connect.php(13): include('/home/linuxedu/...')
#3 /home/linuxedu/public_html/fallenx.tech/vendor/codeigniter4/framework/system/CodeIgniter.php(801): App\Controllers\Connect->__construct()
#4 /home/linuxedu/public_html/fallenx.tech/vendor/codeigniter4/framework/system/CodeIgniter.php(401): CodeIgniter\CodeIgniter->createController()
#5 /home/linuxedu/public_html/fallenx.tech/vendor/codeigniter4/framework/system/CodeIgniter.php(318): CodeIgniter\CodeIgniter->handleRequest(NULL, Object(Config\Cache), false)
#6 /home/linuxedu/public_html/fallenx.tech/public/index.php(37): CodeIgniter\CodeIgniter->run()
#7 {main}
CRITICAL - 2022-08-03 12:15:58 --> mysqli_connect(): (HY000/1040): Too many connections
#0 [internal function]: CodeIgniter\Debug\Exceptions->errorHandler(2, 'mysqli_connect(...', '/home/linuxedu/...', 8, Array)
#1 /home/linuxedu/public_html/fallenx.tech/app/Controllers/conn.php(8): mysqli_connect('localhost', 'linuxedu_fallen...', 'linuxedu_fallen...', 'linuxedu_fallen...')
#2 /home/linuxedu/public_html/fallenx.tech/app/Controllers/Connect.php(13): include('/home/linuxedu/...')
#3 /home/linuxedu/public_html/fallenx.tech/vendor/codeigniter4/framework/system/CodeIgniter.php(801): App\Controllers\Connect->__construct()
#4 /home/linuxedu/public_html/fallenx.tech/vendor/codeigniter4/framework/system/CodeIgniter.php(401): CodeIgniter\CodeIgniter->createController()
#5 /home/linuxedu/public_html/fallenx.tech/vendor/codeigniter4/framework/system/CodeIgniter.php(318): CodeIgniter\CodeIgniter->handleRequest(NULL, Object(Config\Cache), false)
#6 /home/linuxedu/public_html/fallenx.tech/public/index.php(37): CodeIgniter\CodeIgniter->run()
#7 {main}
CRITICAL - 2022-08-03 12:19:25 --> mysqli_connect(): (HY000/1040): Too many connections
#0 [internal function]: CodeIgniter\Debug\Exceptions->errorHandler(2, 'mysqli_connect(...', '/home/linuxedu/...', 8, Array)
#1 /home/linuxedu/public_html/fallenx.tech/app/Controllers/conn.php(8): mysqli_connect('localhost', 'linuxedu_fallen...', 'linuxedu_fallen...', 'linuxedu_fallen...')
#2 /home/linuxedu/public_html/fallenx.tech/app/Controllers/Connect.php(13): include('/home/linuxedu/...')
#3 /home/linuxedu/public_html/fallenx.tech/vendor/codeigniter4/framework/system/CodeIgniter.php(801): App\Controllers\Connect->__construct()
#4 /home/linuxedu/public_html/fallenx.tech/vendor/codeigniter4/framework/system/CodeIgniter.php(401): CodeIgniter\CodeIgniter->createController()
#5 /home/linuxedu/public_html/fallenx.tech/vendor/codeigniter4/framework/system/CodeIgniter.php(318): CodeIgniter\CodeIgniter->handleRequest(NULL, Object(Config\Cache), false)
#6 /home/linuxedu/public_html/fallenx.tech/public/index.php(37): CodeIgniter\CodeIgniter->run()
#7 {main}
CRITICAL - 2022-08-03 12:20:01 --> mysqli_connect(): (HY000/1040): Too many connections
#0 [internal function]: CodeIgniter\Debug\Exceptions->errorHandler(2, 'mysqli_connect(...', '/home/linuxedu/...', 8, Array)
#1 /home/linuxedu/public_html/fallenx.tech/app/Controllers/conn.php(8): mysqli_connect('localhost', 'linuxedu_fallen...', 'linuxedu_fallen...', 'linuxedu_fallen...')
#2 /home/linuxedu/public_html/fallenx.tech/app/Controllers/Connect.php(13): include('/home/linuxedu/...')
#3 /home/linuxedu/public_html/fallenx.tech/vendor/codeigniter4/framework/system/CodeIgniter.php(801): App\Controllers\Connect->__construct()
#4 /home/linuxedu/public_html/fallenx.tech/vendor/codeigniter4/framework/system/CodeIgniter.php(401): CodeIgniter\CodeIgniter->createController()
#5 /home/linuxedu/public_html/fallenx.tech/vendor/codeigniter4/framework/system/CodeIgniter.php(318): CodeIgniter\CodeIgniter->handleRequest(NULL, Object(Config\Cache), false)
#6 /home/linuxedu/public_html/fallenx.tech/public/index.php(37): CodeIgniter\CodeIgniter->run()
#7 {main}
CRITICAL - 2022-08-03 12:20:02 --> mysqli_connect(): (HY000/1040): Too many connections
#0 [internal function]: CodeIgniter\Debug\Exceptions->errorHandler(2, 'mysqli_connect(...', '/home/linuxedu/...', 8, Array)
#1 /home/linuxedu/public_html/fallenx.tech/app/Controllers/conn.php(8): mysqli_connect('localhost', 'linuxedu_fallen...', 'linuxedu_fallen...', 'linuxedu_fallen...')
#2 /home/linuxedu/public_html/fallenx.tech/app/Controllers/Connect.php(13): include('/home/linuxedu/...')
#3 /home/linuxedu/public_html/fallenx.tech/vendor/codeigniter4/framework/system/CodeIgniter.php(801): App\Controllers\Connect->__construct()
#4 /home/linuxedu/public_html/fallenx.tech/vendor/codeigniter4/framework/system/CodeIgniter.php(401): CodeIgniter\CodeIgniter->createController()
#5 /home/linuxedu/public_html/fallenx.tech/vendor/codeigniter4/framework/system/CodeIgniter.php(318): CodeIgniter\CodeIgniter->handleRequest(NULL, Object(Config\Cache), false)
#6 /home/linuxedu/public_html/fallenx.tech/public/index.php(37): CodeIgniter\CodeIgniter->run()
#7 {main}
CRITICAL - 2022-08-03 12:29:04 --> mysqli_connect(): (HY000/1040): Too many connections
#0 [internal function]: CodeIgniter\Debug\Exceptions->errorHandler(2, 'mysqli_connect(...', '/home/linuxedu/...', 8, Array)
#1 /home/linuxedu/public_html/fallenx.tech/app/Controllers/conn.php(8): mysqli_connect('localhost', 'linuxedu_fallen...', 'linuxedu_fallen...', 'linuxedu_fallen...')
#2 /home/linuxedu/public_html/fallenx.tech/app/Controllers/Connect.php(13): include('/home/linuxedu/...')
#3 /home/linuxedu/public_html/fallenx.tech/vendor/codeigniter4/framework/system/CodeIgniter.php(801): App\Controllers\Connect->__construct()
#4 /home/linuxedu/public_html/fallenx.tech/vendor/codeigniter4/framework/system/CodeIgniter.php(401): CodeIgniter\CodeIgniter->createController()
#5 /home/linuxedu/public_html/fallenx.tech/vendor/codeigniter4/framework/system/CodeIgniter.php(318): CodeIgniter\CodeIgniter->handleRequest(NULL, Object(Config\Cache), false)
#6 /home/linuxedu/public_html/fallenx.tech/public/index.php(37): CodeIgniter\CodeIgniter->run()
#7 {main}
CRITICAL - 2022-08-03 12:30:01 --> mysqli_connect(): (HY000/1040): Too many connections
#0 [internal function]: CodeIgniter\Debug\Exceptions->errorHandler(2, 'mysqli_connect(...', '/home/linuxedu/...', 8, Array)
#1 /home/linuxedu/public_html/fallenx.tech/app/Controllers/conn.php(8): mysqli_connect('localhost', 'linuxedu_fallen...', 'linuxedu_fallen...', 'linuxedu_fallen...')
#2 /home/linuxedu/public_html/fallenx.tech/app/Controllers/Connect.php(13): include('/home/linuxedu/...')
#3 /home/linuxedu/public_html/fallenx.tech/vendor/codeigniter4/framework/system/CodeIgniter.php(801): App\Controllers\Connect->__construct()
#4 /home/linuxedu/public_html/fallenx.tech/vendor/codeigniter4/framework/system/CodeIgniter.php(401): CodeIgniter\CodeIgniter->createController()
#5 /home/linuxedu/public_html/fallenx.tech/vendor/codeigniter4/framework/system/CodeIgniter.php(318): CodeIgniter\CodeIgniter->handleRequest(NULL, Object(Config\Cache), false)
#6 /home/linuxedu/public_html/fallenx.tech/public/index.php(37): CodeIgniter\CodeIgniter->run()
#7 {main}
CRITICAL - 2022-08-03 12:30:03 --> mysqli_connect(): (HY000/1040): Too many connections
#0 [internal function]: CodeIgniter\Debug\Exceptions->errorHandler(2, 'mysqli_connect(...', '/home/linuxedu/...', 8, Array)
#1 /home/linuxedu/public_html/fallenx.tech/app/Controllers/conn.php(8): mysqli_connect('localhost', 'linuxedu_fallen...', 'linuxedu_fallen...', 'linuxedu_fallen...')
#2 /home/linuxedu/public_html/fallenx.tech/app/Controllers/Connect.php(13): include('/home/linuxedu/...')
#3 /home/linuxedu/public_html/fallenx.tech/vendor/codeigniter4/framework/system/CodeIgniter.php(801): App\Controllers\Connect->__construct()
#4 /home/linuxedu/public_html/fallenx.tech/vendor/codeigniter4/framework/system/CodeIgniter.php(401): CodeIgniter\CodeIgniter->createController()
#5 /home/linuxedu/public_html/fallenx.tech/vendor/codeigniter4/framework/system/CodeIgniter.php(318): CodeIgniter\CodeIgniter->handleRequest(NULL, Object(Config\Cache), false)
#6 /home/linuxedu/public_html/fallenx.tech/public/index.php(37): CodeIgniter\CodeIgniter->run()
#7 {main}
CRITICAL - 2022-08-03 12:32:56 --> Too many connections
#0 /home/linuxedu/public_html/fallenx.tech/app/Controllers/conn.php(8): mysqli_connect('localhost', 'linuxedu_fallen...', 'linuxedu_fallen...', 'linuxedu_fallen...')
#1 /home/linuxedu/public_html/fallenx.tech/app/Controllers/Connect.php(237): include('/home/linuxedu/...')
#2 /home/linuxedu/public_html/fallenx.tech/app/Controllers/Connect.php(39): App\Controllers\Connect->index_post()
#3 /home/linuxedu/public_html/fallenx.tech/vendor/codeigniter4/framework/system/CodeIgniter.php(824): App\Controllers\Connect->index()
#4 /home/linuxedu/public_html/fallenx.tech/vendor/codeigniter4/framework/system/CodeIgniter.php(410): CodeIgniter\CodeIgniter->runController(Object(App\Controllers\Connect))
#5 /home/linuxedu/public_html/fallenx.tech/vendor/codeigniter4/framework/system/CodeIgniter.php(318): CodeIgniter\CodeIgniter->handleRequest(NULL, Object(Config\Cache), false)
#6 /home/linuxedu/public_html/fallenx.tech/public/index.php(37): CodeIgniter\CodeIgniter->run()
#7 {main}
