ERROR - 2023-04-03 12:21:24 --> Table 'troxxyz_rebrand.modname' doesn't exist
CRITICAL - 2023-04-03 12:21:24 --> Table 'troxxyz_rebrand.modname' doesn't exist
#0 /home/troxxyz/rebrand.tro-x.xyz/vendor/codeigniter4/framework/system/Database/MySQLi/Connection.php(292): mysqli->query('SELECT *\nFROM `...', 0)
#1 /home/troxxyz/rebrand.tro-x.xyz/vendor/codeigniter4/framework/system/Database/BaseConnection.php(670): CodeIgniter\Database\MySQLi\Connection->execute('SELECT *\nFROM `...')
#2 /home/troxxyz/rebrand.tro-x.xyz/vendor/codeigniter4/framework/system/Database/BaseConnection.php(598): CodeIgniter\Database\BaseConnection->simpleQuery('SELECT *\nFROM `...')
#3 /home/troxxyz/rebrand.tro-x.xyz/vendor/codeigniter4/framework/system/Database/BaseBuilder.php(1443): CodeIgniter\Database\BaseConnection->query('SELECT *\nFROM `...', Array, false)
#4 /home/troxxyz/rebrand.tro-x.xyz/vendor/codeigniter4/framework/system/Model.php(210): CodeIgniter\Database\BaseBuilder->get()
#5 /home/troxxyz/rebrand.tro-x.xyz/vendor/codeigniter4/framework/system/BaseModel.php(622): CodeIgniter\Model->doFirst()
#6 /home/troxxyz/rebrand.tro-x.xyz/app/Controllers/User.php(357): CodeIgniter\BaseModel->first()
#7 /home/troxxyz/rebrand.tro-x.xyz/vendor/codeigniter4/framework/system/CodeIgniter.php(824): App\Controllers\User->Server()
#8 /home/troxxyz/rebrand.tro-x.xyz/vendor/codeigniter4/framework/system/CodeIgniter.php(410): CodeIgniter\CodeIgniter->runController(Object(App\Controllers\User))
#9 /home/troxxyz/rebrand.tro-x.xyz/vendor/codeigniter4/framework/system/CodeIgniter.php(318): CodeIgniter\CodeIgniter->handleRequest(NULL, Object(Config\Cache), false)
#10 /home/troxxyz/rebrand.tro-x.xyz/public/index.php(37): CodeIgniter\CodeIgniter->run()
#11 {main}
ERROR - 2023-04-03 12:21:24 --> Table 'troxxyz_rebrand.users' doesn't exist
CRITICAL - 2023-04-03 12:21:24 --> Table 'troxxyz_rebrand.users' doesn't exist
#0 /home/troxxyz/rebrand.tro-x.xyz/vendor/codeigniter4/framework/system/Database/MySQLi/Connection.php(292): mysqli->query('SELECT *\nFROM `...', 0)
#1 /home/troxxyz/rebrand.tro-x.xyz/vendor/codeigniter4/framework/system/Database/BaseConnection.php(670): CodeIgniter\Database\MySQLi\Connection->execute('SELECT *\nFROM `...')
#2 /home/troxxyz/rebrand.tro-x.xyz/vendor/codeigniter4/framework/system/Database/BaseConnection.php(598): CodeIgniter\Database\BaseConnection->simpleQuery('SELECT *\nFROM `...')
#3 /home/troxxyz/rebrand.tro-x.xyz/vendor/codeigniter4/framework/system/Database/BaseBuilder.php(1443): CodeIgniter\Database\BaseConnection->query('SELECT *\nFROM `...', Array, false)
#4 /home/troxxyz/rebrand.tro-x.xyz/vendor/codeigniter4/framework/system/Model.php(723): CodeIgniter\Database\BaseBuilder->get()
#5 /home/troxxyz/rebrand.tro-x.xyz/app/Models/UserModel.php(30): CodeIgniter\Model->__call('get', Array)
#6 /home/troxxyz/rebrand.tro-x.xyz/app/Models/UserModel.php(71): App\Models\UserModel->getUser('1')
#7 /home/troxxyz/rebrand.tro-x.xyz/app/Filters/AuthFilter.php(19): App\Models\UserModel->checkAuthFilter()
#8 /home/troxxyz/rebrand.tro-x.xyz/vendor/codeigniter4/framework/system/Filters/Filters.php(173): App\Filters\AuthFilter->before(Object(CodeIgniter\HTTP\IncomingRequest), NULL)
#9 /home/troxxyz/rebrand.tro-x.xyz/vendor/codeigniter4/framework/system/CodeIgniter.php(384): CodeIgniter\Filters\Filters->run('keys/api', 'before')
#10 /home/troxxyz/rebrand.tro-x.xyz/vendor/codeigniter4/framework/system/CodeIgniter.php(318): CodeIgniter\CodeIgniter->handleRequest(NULL, Object(Config\Cache), false)
#11 /home/troxxyz/rebrand.tro-x.xyz/public/index.php(37): CodeIgniter\CodeIgniter->run()
#12 {main}
ERROR - 2023-04-03 12:22:07 --> Table 'troxxyz_rebrand.users' doesn't exist
CRITICAL - 2023-04-03 12:22:07 --> Table 'troxxyz_rebrand.users' doesn't exist
#0 /home/troxxyz/rebrand.tro-x.xyz/vendor/codeigniter4/framework/system/Database/MySQLi/Connection.php(292): mysqli->query('SELECT *\nFROM `...', 0)
#1 /home/troxxyz/rebrand.tro-x.xyz/vendor/codeigniter4/framework/system/Database/BaseConnection.php(670): CodeIgniter\Database\MySQLi\Connection->execute('SELECT *\nFROM `...')
#2 /home/troxxyz/rebrand.tro-x.xyz/vendor/codeigniter4/framework/system/Database/BaseConnection.php(598): CodeIgniter\Database\BaseConnection->simpleQuery('SELECT *\nFROM `...')
#3 /home/troxxyz/rebrand.tro-x.xyz/vendor/codeigniter4/framework/system/Database/BaseBuilder.php(1443): CodeIgniter\Database\BaseConnection->query('SELECT *\nFROM `...', Array, false)
#4 /home/troxxyz/rebrand.tro-x.xyz/vendor/codeigniter4/framework/system/Model.php(723): CodeIgniter\Database\BaseBuilder->get()
#5 /home/troxxyz/rebrand.tro-x.xyz/app/Models/UserModel.php(30): CodeIgniter\Model->__call('get', Array)
#6 /home/troxxyz/rebrand.tro-x.xyz/app/Models/UserModel.php(71): App\Models\UserModel->getUser('1')
#7 /home/troxxyz/rebrand.tro-x.xyz/app/Filters/AuthFilter.php(19): App\Models\UserModel->checkAuthFilter()
#8 /home/troxxyz/rebrand.tro-x.xyz/vendor/codeigniter4/framework/system/Filters/Filters.php(173): App\Filters\AuthFilter->before(Object(CodeIgniter\HTTP\IncomingRequest), NULL)
#9 /home/troxxyz/rebrand.tro-x.xyz/vendor/codeigniter4/framework/system/CodeIgniter.php(384): CodeIgniter\Filters\Filters->run('Server', 'before')
#10 /home/troxxyz/rebrand.tro-x.xyz/vendor/codeigniter4/framework/system/CodeIgniter.php(318): CodeIgniter\CodeIgniter->handleRequest(NULL, Object(Config\Cache), false)
#11 /home/troxxyz/rebrand.tro-x.xyz/public/index.php(37): CodeIgniter\CodeIgniter->run()
#12 {main}
ERROR - 2023-04-03 12:22:11 --> Table 'troxxyz_rebrand.users' doesn't exist
CRITICAL - 2023-04-03 12:22:11 --> Table 'troxxyz_rebrand.users' doesn't exist
#0 /home/troxxyz/rebrand.tro-x.xyz/vendor/codeigniter4/framework/system/Database/MySQLi/Connection.php(292): mysqli->query('SELECT *\nFROM `...', 0)
#1 /home/troxxyz/rebrand.tro-x.xyz/vendor/codeigniter4/framework/system/Database/BaseConnection.php(670): CodeIgniter\Database\MySQLi\Connection->execute('SELECT *\nFROM `...')
#2 /home/troxxyz/rebrand.tro-x.xyz/vendor/codeigniter4/framework/system/Database/BaseConnection.php(598): CodeIgniter\Database\BaseConnection->simpleQuery('SELECT *\nFROM `...')
#3 /home/troxxyz/rebrand.tro-x.xyz/vendor/codeigniter4/framework/system/Database/BaseBuilder.php(1443): CodeIgniter\Database\BaseConnection->query('SELECT *\nFROM `...', Array, false)
#4 /home/troxxyz/rebrand.tro-x.xyz/vendor/codeigniter4/framework/system/Model.php(723): CodeIgniter\Database\BaseBuilder->get()
#5 /home/troxxyz/rebrand.tro-x.xyz/app/Models/UserModel.php(30): CodeIgniter\Model->__call('get', Array)
#6 /home/troxxyz/rebrand.tro-x.xyz/app/Models/UserModel.php(71): App\Models\UserModel->getUser('1')
#7 /home/troxxyz/rebrand.tro-x.xyz/app/Filters/AuthFilter.php(19): App\Models\UserModel->checkAuthFilter()
#8 /home/troxxyz/rebrand.tro-x.xyz/vendor/codeigniter4/framework/system/Filters/Filters.php(173): App\Filters\AuthFilter->before(Object(CodeIgniter\HTTP\IncomingRequest), NULL)
#9 /home/troxxyz/rebrand.tro-x.xyz/vendor/codeigniter4/framework/system/CodeIgniter.php(384): CodeIgniter\Filters\Filters->run('Server', 'before')
#10 /home/troxxyz/rebrand.tro-x.xyz/vendor/codeigniter4/framework/system/CodeIgniter.php(318): CodeIgniter\CodeIgniter->handleRequest(NULL, Object(Config\Cache), false)
#11 /home/troxxyz/rebrand.tro-x.xyz/public/index.php(37): CodeIgniter\CodeIgniter->run()
#12 {main}
ERROR - 2023-04-03 12:22:14 --> Table 'troxxyz_rebrand.users' doesn't exist
CRITICAL - 2023-04-03 12:22:14 --> Table 'troxxyz_rebrand.users' doesn't exist
#0 /home/troxxyz/rebrand.tro-x.xyz/vendor/codeigniter4/framework/system/Database/MySQLi/Connection.php(292): mysqli->query('SELECT *\nFROM `...', 0)
#1 /home/troxxyz/rebrand.tro-x.xyz/vendor/codeigniter4/framework/system/Database/BaseConnection.php(670): CodeIgniter\Database\MySQLi\Connection->execute('SELECT *\nFROM `...')
#2 /home/troxxyz/rebrand.tro-x.xyz/vendor/codeigniter4/framework/system/Database/BaseConnection.php(598): CodeIgniter\Database\BaseConnection->simpleQuery('SELECT *\nFROM `...')
#3 /home/troxxyz/rebrand.tro-x.xyz/vendor/codeigniter4/framework/system/Database/BaseBuilder.php(1443): CodeIgniter\Database\BaseConnection->query('SELECT *\nFROM `...', Array, false)
#4 /home/troxxyz/rebrand.tro-x.xyz/vendor/codeigniter4/framework/system/Model.php(723): CodeIgniter\Database\BaseBuilder->get()
#5 /home/troxxyz/rebrand.tro-x.xyz/app/Models/UserModel.php(30): CodeIgniter\Model->__call('get', Array)
#6 /home/troxxyz/rebrand.tro-x.xyz/app/Models/UserModel.php(71): App\Models\UserModel->getUser('1')
#7 /home/troxxyz/rebrand.tro-x.xyz/app/Filters/AuthFilter.php(19): App\Models\UserModel->checkAuthFilter()
#8 /home/troxxyz/rebrand.tro-x.xyz/vendor/codeigniter4/framework/system/Filters/Filters.php(173): App\Filters\AuthFilter->before(Object(CodeIgniter\HTTP\IncomingRequest), NULL)
#9 /home/troxxyz/rebrand.tro-x.xyz/vendor/codeigniter4/framework/system/CodeIgniter.php(384): CodeIgniter\Filters\Filters->run('Server', 'before')
#10 /home/troxxyz/rebrand.tro-x.xyz/vendor/codeigniter4/framework/system/CodeIgniter.php(318): CodeIgniter\CodeIgniter->handleRequest(NULL, Object(Config\Cache), false)
#11 /home/troxxyz/rebrand.tro-x.xyz/public/index.php(37): CodeIgniter\CodeIgniter->run()
#12 {main}
ERROR - 2023-04-03 12:22:17 --> Table 'troxxyz_rebrand.users' doesn't exist
CRITICAL - 2023-04-03 12:22:17 --> Table 'troxxyz_rebrand.users' doesn't exist
#0 /home/troxxyz/rebrand.tro-x.xyz/vendor/codeigniter4/framework/system/Database/MySQLi/Connection.php(292): mysqli->query('SELECT *\nFROM `...', 0)
#1 /home/troxxyz/rebrand.tro-x.xyz/vendor/codeigniter4/framework/system/Database/BaseConnection.php(670): CodeIgniter\Database\MySQLi\Connection->execute('SELECT *\nFROM `...')
#2 /home/troxxyz/rebrand.tro-x.xyz/vendor/codeigniter4/framework/system/Database/BaseConnection.php(598): CodeIgniter\Database\BaseConnection->simpleQuery('SELECT *\nFROM `...')
#3 /home/troxxyz/rebrand.tro-x.xyz/vendor/codeigniter4/framework/system/Database/BaseBuilder.php(1443): CodeIgniter\Database\BaseConnection->query('SELECT *\nFROM `...', Array, false)
#4 /home/troxxyz/rebrand.tro-x.xyz/vendor/codeigniter4/framework/system/Model.php(723): CodeIgniter\Database\BaseBuilder->get()
#5 /home/troxxyz/rebrand.tro-x.xyz/app/Models/UserModel.php(30): CodeIgniter\Model->__call('get', Array)
#6 /home/troxxyz/rebrand.tro-x.xyz/app/Models/UserModel.php(71): App\Models\UserModel->getUser('1')
#7 /home/troxxyz/rebrand.tro-x.xyz/app/Filters/AuthFilter.php(19): App\Models\UserModel->checkAuthFilter()
#8 /home/troxxyz/rebrand.tro-x.xyz/vendor/codeigniter4/framework/system/Filters/Filters.php(173): App\Filters\AuthFilter->before(Object(CodeIgniter\HTTP\IncomingRequest), NULL)
#9 /home/troxxyz/rebrand.tro-x.xyz/vendor/codeigniter4/framework/system/CodeIgniter.php(384): CodeIgniter\Filters\Filters->run('dashboard', 'before')
#10 /home/troxxyz/rebrand.tro-x.xyz/vendor/codeigniter4/framework/system/CodeIgniter.php(318): CodeIgniter\CodeIgniter->handleRequest(NULL, Object(Config\Cache), false)
#11 /home/troxxyz/rebrand.tro-x.xyz/public/index.php(37): CodeIgniter\CodeIgniter->run()
#12 {main}
ERROR - 2023-04-03 12:22:20 --> Table 'troxxyz_rebrand.users' doesn't exist
CRITICAL - 2023-04-03 12:22:20 --> Table 'troxxyz_rebrand.users' doesn't exist
#0 /home/troxxyz/rebrand.tro-x.xyz/vendor/codeigniter4/framework/system/Database/MySQLi/Connection.php(292): mysqli->query('SELECT *\nFROM `...', 0)
#1 /home/troxxyz/rebrand.tro-x.xyz/vendor/codeigniter4/framework/system/Database/BaseConnection.php(670): CodeIgniter\Database\MySQLi\Connection->execute('SELECT *\nFROM `...')
#2 /home/troxxyz/rebrand.tro-x.xyz/vendor/codeigniter4/framework/system/Database/BaseConnection.php(598): CodeIgniter\Database\BaseConnection->simpleQuery('SELECT *\nFROM `...')
#3 /home/troxxyz/rebrand.tro-x.xyz/vendor/codeigniter4/framework/system/Database/BaseBuilder.php(1443): CodeIgniter\Database\BaseConnection->query('SELECT *\nFROM `...', Array, false)
#4 /home/troxxyz/rebrand.tro-x.xyz/vendor/codeigniter4/framework/system/Model.php(723): CodeIgniter\Database\BaseBuilder->get()
#5 /home/troxxyz/rebrand.tro-x.xyz/app/Models/UserModel.php(30): CodeIgniter\Model->__call('get', Array)
#6 /home/troxxyz/rebrand.tro-x.xyz/app/Models/UserModel.php(71): App\Models\UserModel->getUser('1')
#7 /home/troxxyz/rebrand.tro-x.xyz/app/Filters/AuthFilter.php(19): App\Models\UserModel->checkAuthFilter()
#8 /home/troxxyz/rebrand.tro-x.xyz/vendor/codeigniter4/framework/system/Filters/Filters.php(173): App\Filters\AuthFilter->before(Object(CodeIgniter\HTTP\IncomingRequest), NULL)
#9 /home/troxxyz/rebrand.tro-x.xyz/vendor/codeigniter4/framework/system/CodeIgniter.php(384): CodeIgniter\Filters\Filters->run('dashboard', 'before')
#10 /home/troxxyz/rebrand.tro-x.xyz/vendor/codeigniter4/framework/system/CodeIgniter.php(318): CodeIgniter\CodeIgniter->handleRequest(NULL, Object(Config\Cache), false)
#11 /home/troxxyz/rebrand.tro-x.xyz/public/index.php(37): CodeIgniter\CodeIgniter->run()
#12 {main}
ERROR - 2023-04-03 12:22:24 --> Table 'troxxyz_rebrand.users' doesn't exist
CRITICAL - 2023-04-03 12:22:24 --> Table 'troxxyz_rebrand.users' doesn't exist
#0 /home/troxxyz/rebrand.tro-x.xyz/vendor/codeigniter4/framework/system/Database/MySQLi/Connection.php(292): mysqli->query('SELECT *\nFROM `...', 0)
#1 /home/troxxyz/rebrand.tro-x.xyz/vendor/codeigniter4/framework/system/Database/BaseConnection.php(670): CodeIgniter\Database\MySQLi\Connection->execute('SELECT *\nFROM `...')
#2 /home/troxxyz/rebrand.tro-x.xyz/vendor/codeigniter4/framework/system/Database/BaseConnection.php(598): CodeIgniter\Database\BaseConnection->simpleQuery('SELECT *\nFROM `...')
#3 /home/troxxyz/rebrand.tro-x.xyz/vendor/codeigniter4/framework/system/Database/BaseBuilder.php(1443): CodeIgniter\Database\BaseConnection->query('SELECT *\nFROM `...', Array, false)
#4 /home/troxxyz/rebrand.tro-x.xyz/vendor/codeigniter4/framework/system/Model.php(723): CodeIgniter\Database\BaseBuilder->get()
#5 /home/troxxyz/rebrand.tro-x.xyz/app/Models/UserModel.php(30): CodeIgniter\Model->__call('get', Array)
#6 /home/troxxyz/rebrand.tro-x.xyz/app/Models/UserModel.php(71): App\Models\UserModel->getUser('1')
#7 /home/troxxyz/rebrand.tro-x.xyz/app/Filters/AuthFilter.php(19): App\Models\UserModel->checkAuthFilter()
#8 /home/troxxyz/rebrand.tro-x.xyz/vendor/codeigniter4/framework/system/Filters/Filters.php(173): App\Filters\AuthFilter->before(Object(CodeIgniter\HTTP\IncomingRequest), NULL)
#9 /home/troxxyz/rebrand.tro-x.xyz/vendor/codeigniter4/framework/system/CodeIgniter.php(384): CodeIgniter\Filters\Filters->run('dashboard', 'before')
#10 /home/troxxyz/rebrand.tro-x.xyz/vendor/codeigniter4/framework/system/CodeIgniter.php(318): CodeIgniter\CodeIgniter->handleRequest(NULL, Object(Config\Cache), false)
#11 /home/troxxyz/rebrand.tro-x.xyz/public/index.php(37): CodeIgniter\CodeIgniter->run()
#12 {main}
ERROR - 2023-04-03 12:22:27 --> Table 'troxxyz_rebrand.users' doesn't exist
CRITICAL - 2023-04-03 12:22:27 --> Table 'troxxyz_rebrand.users' doesn't exist
#0 /home/troxxyz/rebrand.tro-x.xyz/vendor/codeigniter4/framework/system/Database/MySQLi/Connection.php(292): mysqli->query('SELECT *\nFROM `...', 0)
#1 /home/troxxyz/rebrand.tro-x.xyz/vendor/codeigniter4/framework/system/Database/BaseConnection.php(670): CodeIgniter\Database\MySQLi\Connection->execute('SELECT *\nFROM `...')
#2 /home/troxxyz/rebrand.tro-x.xyz/vendor/codeigniter4/framework/system/Database/BaseConnection.php(598): CodeIgniter\Database\BaseConnection->simpleQuery('SELECT *\nFROM `...')
#3 /home/troxxyz/rebrand.tro-x.xyz/vendor/codeigniter4/framework/system/Database/BaseBuilder.php(1443): CodeIgniter\Database\BaseConnection->query('SELECT *\nFROM `...', Array, false)
#4 /home/troxxyz/rebrand.tro-x.xyz/vendor/codeigniter4/framework/system/Model.php(723): CodeIgniter\Database\BaseBuilder->get()
#5 /home/troxxyz/rebrand.tro-x.xyz/app/Models/UserModel.php(30): CodeIgniter\Model->__call('get', Array)
#6 /home/troxxyz/rebrand.tro-x.xyz/app/Models/UserModel.php(71): App\Models\UserModel->getUser('1')
#7 /home/troxxyz/rebrand.tro-x.xyz/app/Filters/AuthFilter.php(19): App\Models\UserModel->checkAuthFilter()
#8 /home/troxxyz/rebrand.tro-x.xyz/vendor/codeigniter4/framework/system/Filters/Filters.php(173): App\Filters\AuthFilter->before(Object(CodeIgniter\HTTP\IncomingRequest), NULL)
#9 /home/troxxyz/rebrand.tro-x.xyz/vendor/codeigniter4/framework/system/CodeIgniter.php(384): CodeIgniter\Filters\Filters->run('dashboard', 'before')
#10 /home/troxxyz/rebrand.tro-x.xyz/vendor/codeigniter4/framework/system/CodeIgniter.php(318): CodeIgniter\CodeIgniter->handleRequest(NULL, Object(Config\Cache), false)
#11 /home/troxxyz/rebrand.tro-x.xyz/public/index.php(37): CodeIgniter\CodeIgniter->run()
#12 {main}
CRITICAL - 2023-04-03 12:56:19 --> Undefined variable: idKeys
#0 /home/troxxyz/rebrand.tro-x.xyz/app/Controllers/Keys.php(547): CodeIgniter\Debug\Exceptions->errorHandler(8, 'Undefined varia...', '/home/troxxyz/r...', 547, Array)
#1 /home/troxxyz/rebrand.tro-x.xyz/app/Controllers/Keys.php(383): App\Controllers\Keys->generate_action()
#2 /home/troxxyz/rebrand.tro-x.xyz/vendor/codeigniter4/framework/system/CodeIgniter.php(824): App\Controllers\Keys->generate()
#3 /home/troxxyz/rebrand.tro-x.xyz/vendor/codeigniter4/framework/system/CodeIgniter.php(410): CodeIgniter\CodeIgniter->runController(Object(App\Controllers\Keys))
#4 /home/troxxyz/rebrand.tro-x.xyz/vendor/codeigniter4/framework/system/CodeIgniter.php(318): CodeIgniter\CodeIgniter->handleRequest(NULL, Object(Config\Cache), false)
#5 /home/troxxyz/rebrand.tro-x.xyz/public/index.php(37): CodeIgniter\CodeIgniter->run()
#6 {main}
CRITICAL - 2023-04-03 12:56:31 --> Undefined variable: idKeys
#0 /home/troxxyz/rebrand.tro-x.xyz/app/Controllers/Keys.php(547): CodeIgniter\Debug\Exceptions->errorHandler(8, 'Undefined varia...', '/home/troxxyz/r...', 547, Array)
#1 /home/troxxyz/rebrand.tro-x.xyz/app/Controllers/Keys.php(383): App\Controllers\Keys->generate_action()
#2 /home/troxxyz/rebrand.tro-x.xyz/vendor/codeigniter4/framework/system/CodeIgniter.php(824): App\Controllers\Keys->generate()
#3 /home/troxxyz/rebrand.tro-x.xyz/vendor/codeigniter4/framework/system/CodeIgniter.php(410): CodeIgniter\CodeIgniter->runController(Object(App\Controllers\Keys))
#4 /home/troxxyz/rebrand.tro-x.xyz/vendor/codeigniter4/framework/system/CodeIgniter.php(318): CodeIgniter\CodeIgniter->handleRequest(NULL, Object(Config\Cache), false)
#5 /home/troxxyz/rebrand.tro-x.xyz/public/index.php(37): CodeIgniter\CodeIgniter->run()
#6 {main}
CRITICAL - 2023-04-03 12:56:44 --> Undefined variable: data_response
#0 /home/troxxyz/rebrand.tro-x.xyz/app/Controllers/Keyz.php(517): CodeIgniter\Debug\Exceptions->errorHandler(8, 'Undefined varia...', '/home/troxxyz/r...', 517, Array)
#1 /home/troxxyz/rebrand.tro-x.xyz/app/Controllers/Keyz.php(359): App\Controllers\Keyz->generates_action()
#2 /home/troxxyz/rebrand.tro-x.xyz/vendor/codeigniter4/framework/system/CodeIgniter.php(824): App\Controllers\Keyz->generates()
#3 /home/troxxyz/rebrand.tro-x.xyz/vendor/codeigniter4/framework/system/CodeIgniter.php(410): CodeIgniter\CodeIgniter->runController(Object(App\Controllers\Keyz))
#4 /home/troxxyz/rebrand.tro-x.xyz/vendor/codeigniter4/framework/system/CodeIgniter.php(318): CodeIgniter\CodeIgniter->handleRequest(NULL, Object(Config\Cache), false)
#5 /home/troxxyz/rebrand.tro-x.xyz/public/index.php(37): CodeIgniter\CodeIgniter->run()
#6 {main}
CRITICAL - 2023-04-03 12:57:01 --> Undefined variable: data_response
#0 /home/troxxyz/rebrand.tro-x.xyz/app/Controllers/Keyz.php(517): CodeIgniter\Debug\Exceptions->errorHandler(8, 'Undefined varia...', '/home/troxxyz/r...', 517, Array)
#1 /home/troxxyz/rebrand.tro-x.xyz/app/Controllers/Keyz.php(359): App\Controllers\Keyz->generates_action()
#2 /home/troxxyz/rebrand.tro-x.xyz/vendor/codeigniter4/framework/system/CodeIgniter.php(824): App\Controllers\Keyz->generates()
#3 /home/troxxyz/rebrand.tro-x.xyz/vendor/codeigniter4/framework/system/CodeIgniter.php(410): CodeIgniter\CodeIgniter->runController(Object(App\Controllers\Keyz))
#4 /home/troxxyz/rebrand.tro-x.xyz/vendor/codeigniter4/framework/system/CodeIgniter.php(318): CodeIgniter\CodeIgniter->handleRequest(NULL, Object(Config\Cache), false)
#5 /home/troxxyz/rebrand.tro-x.xyz/public/index.php(37): CodeIgniter\CodeIgniter->run()
#6 {main}
CRITICAL - 2023-04-03 12:57:13 --> Undefined variable: idKeys
#0 /home/troxxyz/rebrand.tro-x.xyz/app/Controllers/Keys.php(547): CodeIgniter\Debug\Exceptions->errorHandler(8, 'Undefined varia...', '/home/troxxyz/r...', 547, Array)
#1 /home/troxxyz/rebrand.tro-x.xyz/app/Controllers/Keys.php(383): App\Controllers\Keys->generate_action()
#2 /home/troxxyz/rebrand.tro-x.xyz/vendor/codeigniter4/framework/system/CodeIgniter.php(824): App\Controllers\Keys->generate()
#3 /home/troxxyz/rebrand.tro-x.xyz/vendor/codeigniter4/framework/system/CodeIgniter.php(410): CodeIgniter\CodeIgniter->runController(Object(App\Controllers\Keys))
#4 /home/troxxyz/rebrand.tro-x.xyz/vendor/codeigniter4/framework/system/CodeIgniter.php(318): CodeIgniter\CodeIgniter->handleRequest(NULL, Object(Config\Cache), false)
#5 /home/troxxyz/rebrand.tro-x.xyz/public/index.php(37): CodeIgniter\CodeIgniter->run()
#6 {main}
CRITICAL - 2023-04-03 12:57:34 --> Undefined variable: idKeys
#0 /home/troxxyz/rebrand.tro-x.xyz/app/Controllers/Keys.php(547): CodeIgniter\Debug\Exceptions->errorHandler(8, 'Undefined varia...', '/home/troxxyz/r...', 547, Array)
#1 /home/troxxyz/rebrand.tro-x.xyz/app/Controllers/Keys.php(383): App\Controllers\Keys->generate_action()
#2 /home/troxxyz/rebrand.tro-x.xyz/vendor/codeigniter4/framework/system/CodeIgniter.php(824): App\Controllers\Keys->generate()
#3 /home/troxxyz/rebrand.tro-x.xyz/vendor/codeigniter4/framework/system/CodeIgniter.php(410): CodeIgniter\CodeIgniter->runController(Object(App\Controllers\Keys))
#4 /home/troxxyz/rebrand.tro-x.xyz/vendor/codeigniter4/framework/system/CodeIgniter.php(318): CodeIgniter\CodeIgniter->handleRequest(NULL, Object(Config\Cache), false)
#5 /home/troxxyz/rebrand.tro-x.xyz/public/index.php(37): CodeIgniter\CodeIgniter->run()
#6 {main}
CRITICAL - 2023-04-03 12:58:53 --> Undefined variable: idKeys
#0 /home/troxxyz/rebrand.tro-x.xyz/app/Controllers/Keys.php(547): CodeIgniter\Debug\Exceptions->errorHandler(8, 'Undefined varia...', '/home/troxxyz/r...', 547, Array)
#1 /home/troxxyz/rebrand.tro-x.xyz/app/Controllers/Keys.php(383): App\Controllers\Keys->generate_action()
#2 /home/troxxyz/rebrand.tro-x.xyz/vendor/codeigniter4/framework/system/CodeIgniter.php(824): App\Controllers\Keys->generate()
#3 /home/troxxyz/rebrand.tro-x.xyz/vendor/codeigniter4/framework/system/CodeIgniter.php(410): CodeIgniter\CodeIgniter->runController(Object(App\Controllers\Keys))
#4 /home/troxxyz/rebrand.tro-x.xyz/vendor/codeigniter4/framework/system/CodeIgniter.php(318): CodeIgniter\CodeIgniter->handleRequest(NULL, Object(Config\Cache), false)
#5 /home/troxxyz/rebrand.tro-x.xyz/public/index.php(37): CodeIgniter\CodeIgniter->run()
#6 {main}
CRITICAL - 2023-04-03 12:59:04 --> Undefined variable: data_response
#0 /home/troxxyz/rebrand.tro-x.xyz/app/Controllers/Keyz.php(517): CodeIgniter\Debug\Exceptions->errorHandler(8, 'Undefined varia...', '/home/troxxyz/r...', 517, Array)
#1 /home/troxxyz/rebrand.tro-x.xyz/app/Controllers/Keyz.php(359): App\Controllers\Keyz->generates_action()
#2 /home/troxxyz/rebrand.tro-x.xyz/vendor/codeigniter4/framework/system/CodeIgniter.php(824): App\Controllers\Keyz->generates()
#3 /home/troxxyz/rebrand.tro-x.xyz/vendor/codeigniter4/framework/system/CodeIgniter.php(410): CodeIgniter\CodeIgniter->runController(Object(App\Controllers\Keyz))
#4 /home/troxxyz/rebrand.tro-x.xyz/vendor/codeigniter4/framework/system/CodeIgniter.php(318): CodeIgniter\CodeIgniter->handleRequest(NULL, Object(Config\Cache), false)
#5 /home/troxxyz/rebrand.tro-x.xyz/public/index.php(37): CodeIgniter\CodeIgniter->run()
#6 {main}
CRITICAL - 2023-04-03 13:00:55 --> Undefined variable: data_response
#0 /home/troxxyz/rebrand.tro-x.xyz/app/Controllers/Keyz.php(517): CodeIgniter\Debug\Exceptions->errorHandler(8, 'Undefined varia...', '/home/troxxyz/r...', 517, Array)
#1 /home/troxxyz/rebrand.tro-x.xyz/app/Controllers/Keyz.php(359): App\Controllers\Keyz->generates_action()
#2 /home/troxxyz/rebrand.tro-x.xyz/vendor/codeigniter4/framework/system/CodeIgniter.php(824): App\Controllers\Keyz->generates()
#3 /home/troxxyz/rebrand.tro-x.xyz/vendor/codeigniter4/framework/system/CodeIgniter.php(410): CodeIgniter\CodeIgniter->runController(Object(App\Controllers\Keyz))
#4 /home/troxxyz/rebrand.tro-x.xyz/vendor/codeigniter4/framework/system/CodeIgniter.php(318): CodeIgniter\CodeIgniter->handleRequest(NULL, Object(Config\Cache), false)
#5 /home/troxxyz/rebrand.tro-x.xyz/public/index.php(37): CodeIgniter\CodeIgniter->run()
#6 {main}
