CRITICAL - 2022-07-06 05:28:04 --> Undefined variable: idKeys
#0 /home/linuxedu/public_html/offvep.tk/app/Controllers/Keys.php(457): CodeIgniter\Debug\Exceptions->errorHandler(8, 'Undefined varia...', '/home/linuxedu/...', 457, Array)
#1 /home/linuxedu/public_html/offvep.tk/app/Controllers/Keys.php(306): App\Controllers\Keys->generate_action()
#2 /home/linuxedu/public_html/offvep.tk/vendor/codeigniter4/framework/system/CodeIgniter.php(824): App\Controllers\Keys->generate()
#3 /home/linuxedu/public_html/offvep.tk/vendor/codeigniter4/framework/system/CodeIgniter.php(410): CodeIgniter\CodeIgniter->runController(Object(App\Controllers\Keys))
#4 /home/linuxedu/public_html/offvep.tk/vendor/codeigniter4/framework/system/CodeIgniter.php(318): CodeIgniter\CodeIgniter->handleRequest(NULL, Object(Config\Cache), false)
#5 /home/linuxedu/public_html/offvep.tk/public/index.php(37): CodeIgniter\CodeIgniter->run()
#6 {main}
CRITICAL - 2022-07-06 14:00:55 --> mysqli_connect(): (HY000/1040): Too many connections
#0 [internal function]: CodeIgniter\Debug\Exceptions->errorHandler(2, 'mysqli_connect(...', '/home/linuxedu/...', 8, Array)
#1 /home/linuxedu/public_html/offvep.tk/app/Controllers/conn.php(8): mysqli_connect('localhost', 'linuxedu_old', 'linuxedu_old', 'linuxedu_old')
#2 /home/linuxedu/public_html/offvep.tk/app/Controllers/Connect.php(13): include('/home/linuxedu/...')
#3 /home/linuxedu/public_html/offvep.tk/vendor/codeigniter4/framework/system/CodeIgniter.php(801): App\Controllers\Connect->__construct()
#4 /home/linuxedu/public_html/offvep.tk/vendor/codeigniter4/framework/system/CodeIgniter.php(401): CodeIgniter\CodeIgniter->createController()
#5 /home/linuxedu/public_html/offvep.tk/vendor/codeigniter4/framework/system/CodeIgniter.php(318): CodeIgniter\CodeIgniter->handleRequest(NULL, Object(Config\Cache), false)
#6 /home/linuxedu/public_html/offvep.tk/public/index.php(37): CodeIgniter\CodeIgniter->run()
#7 {main}
CRITICAL - 2022-07-06 18:01:02 --> mysqli_connect(): (HY000/1040): Too many connections
#0 [internal function]: CodeIgniter\Debug\Exceptions->errorHandler(2, 'mysqli_connect(...', '/home/linuxedu/...', 8, Array)
#1 /home/linuxedu/public_html/offvep.tk/app/Controllers/conn.php(8): mysqli_connect('localhost', 'linuxedu_old', 'linuxedu_old', 'linuxedu_old')
#2 /home/linuxedu/public_html/offvep.tk/app/Controllers/Connect.php(13): include('/home/linuxedu/...')
#3 /home/linuxedu/public_html/offvep.tk/vendor/codeigniter4/framework/system/CodeIgniter.php(801): App\Controllers\Connect->__construct()
#4 /home/linuxedu/public_html/offvep.tk/vendor/codeigniter4/framework/system/CodeIgniter.php(401): CodeIgniter\CodeIgniter->createController()
#5 /home/linuxedu/public_html/offvep.tk/vendor/codeigniter4/framework/system/CodeIgniter.php(318): CodeIgniter\CodeIgniter->handleRequest(NULL, Object(Config\Cache), false)
#6 /home/linuxedu/public_html/offvep.tk/public/index.php(37): CodeIgniter\CodeIgniter->run()
#7 {main}
CRITICAL - 2022-07-06 18:03:03 --> mysqli_connect(): (HY000/1040): Too many connections
#0 [internal function]: CodeIgniter\Debug\Exceptions->errorHandler(2, 'mysqli_connect(...', '/home/linuxedu/...', 8, Array)
#1 /home/linuxedu/public_html/offvep.tk/app/Controllers/conn.php(8): mysqli_connect('localhost', 'linuxedu_old', 'linuxedu_old', 'linuxedu_old')
#2 /home/linuxedu/public_html/offvep.tk/app/Controllers/Connect.php(13): include('/home/linuxedu/...')
#3 /home/linuxedu/public_html/offvep.tk/vendor/codeigniter4/framework/system/CodeIgniter.php(801): App\Controllers\Connect->__construct()
#4 /home/linuxedu/public_html/offvep.tk/vendor/codeigniter4/framework/system/CodeIgniter.php(401): CodeIgniter\CodeIgniter->createController()
#5 /home/linuxedu/public_html/offvep.tk/vendor/codeigniter4/framework/system/CodeIgniter.php(318): CodeIgniter\CodeIgniter->handleRequest(NULL, Object(Config\Cache), false)
#6 /home/linuxedu/public_html/offvep.tk/public/index.php(37): CodeIgniter\CodeIgniter->run()
#7 {main}
CRITICAL - 2022-07-06 18:03:57 --> mysqli_connect(): (HY000/1040): Too many connections
#0 [internal function]: CodeIgniter\Debug\Exceptions->errorHandler(2, 'mysqli_connect(...', '/home/linuxedu/...', 8, Array)
#1 /home/linuxedu/public_html/offvep.tk/app/Controllers/conn.php(8): mysqli_connect('localhost', 'linuxedu_old', 'linuxedu_old', 'linuxedu_old')
#2 /home/linuxedu/public_html/offvep.tk/app/Controllers/Connect.php(13): include('/home/linuxedu/...')
#3 /home/linuxedu/public_html/offvep.tk/vendor/codeigniter4/framework/system/CodeIgniter.php(801): App\Controllers\Connect->__construct()
#4 /home/linuxedu/public_html/offvep.tk/vendor/codeigniter4/framework/system/CodeIgniter.php(401): CodeIgniter\CodeIgniter->createController()
#5 /home/linuxedu/public_html/offvep.tk/vendor/codeigniter4/framework/system/CodeIgniter.php(318): CodeIgniter\CodeIgniter->handleRequest(NULL, Object(Config\Cache), false)
#6 /home/linuxedu/public_html/offvep.tk/public/index.php(37): CodeIgniter\CodeIgniter->run()
#7 {main}
CRITICAL - 2022-07-06 18:09:02 --> mysqli_connect(): (HY000/1040): Too many connections
#0 [internal function]: CodeIgniter\Debug\Exceptions->errorHandler(2, 'mysqli_connect(...', '/home/linuxedu/...', 8, Array)
#1 /home/linuxedu/public_html/offvep.tk/app/Controllers/conn.php(8): mysqli_connect('localhost', 'linuxedu_old', 'linuxedu_old', 'linuxedu_old')
#2 /home/linuxedu/public_html/offvep.tk/app/Controllers/Connect.php(13): include('/home/linuxedu/...')
#3 /home/linuxedu/public_html/offvep.tk/vendor/codeigniter4/framework/system/CodeIgniter.php(801): App\Controllers\Connect->__construct()
#4 /home/linuxedu/public_html/offvep.tk/vendor/codeigniter4/framework/system/CodeIgniter.php(401): CodeIgniter\CodeIgniter->createController()
#5 /home/linuxedu/public_html/offvep.tk/vendor/codeigniter4/framework/system/CodeIgniter.php(318): CodeIgniter\CodeIgniter->handleRequest(NULL, Object(Config\Cache), false)
#6 /home/linuxedu/public_html/offvep.tk/public/index.php(37): CodeIgniter\CodeIgniter->run()
#7 {main}
CRITICAL - 2022-07-06 18:12:01 --> mysqli_connect(): (08004/1040): Too many connections
#0 [internal function]: CodeIgniter\Debug\Exceptions->errorHandler(2, 'mysqli_connect(...', '/home/linuxedu/...', 8, Array)
#1 /home/linuxedu/public_html/offvep.tk/app/Controllers/conn.php(8): mysqli_connect('localhost', 'linuxedu_old', 'linuxedu_old', 'linuxedu_old')
#2 /home/linuxedu/public_html/offvep.tk/app/Controllers/Connect.php(13): include('/home/linuxedu/...')
#3 /home/linuxedu/public_html/offvep.tk/vendor/codeigniter4/framework/system/CodeIgniter.php(801): App\Controllers\Connect->__construct()
#4 /home/linuxedu/public_html/offvep.tk/vendor/codeigniter4/framework/system/CodeIgniter.php(401): CodeIgniter\CodeIgniter->createController()
#5 /home/linuxedu/public_html/offvep.tk/vendor/codeigniter4/framework/system/CodeIgniter.php(318): CodeIgniter\CodeIgniter->handleRequest(NULL, Object(Config\Cache), false)
#6 /home/linuxedu/public_html/offvep.tk/public/index.php(37): CodeIgniter\CodeIgniter->run()
#7 {main}
CRITICAL - 2022-07-06 18:12:02 --> mysqli_connect(): (HY000/1040): Too many connections
#0 [internal function]: CodeIgniter\Debug\Exceptions->errorHandler(2, 'mysqli_connect(...', '/home/linuxedu/...', 8, Array)
#1 /home/linuxedu/public_html/offvep.tk/app/Controllers/conn.php(8): mysqli_connect('localhost', 'linuxedu_old', 'linuxedu_old', 'linuxedu_old')
#2 /home/linuxedu/public_html/offvep.tk/app/Controllers/Connect.php(13): include('/home/linuxedu/...')
#3 /home/linuxedu/public_html/offvep.tk/vendor/codeigniter4/framework/system/CodeIgniter.php(801): App\Controllers\Connect->__construct()
#4 /home/linuxedu/public_html/offvep.tk/vendor/codeigniter4/framework/system/CodeIgniter.php(401): CodeIgniter\CodeIgniter->createController()
#5 /home/linuxedu/public_html/offvep.tk/vendor/codeigniter4/framework/system/CodeIgniter.php(318): CodeIgniter\CodeIgniter->handleRequest(NULL, Object(Config\Cache), false)
#6 /home/linuxedu/public_html/offvep.tk/public/index.php(37): CodeIgniter\CodeIgniter->run()
#7 {main}
CRITICAL - 2022-07-06 22:04:20 --> Too many connections
#0 /home/linuxedu/public_html/offvep.tk/app/Controllers/conn.php(8): mysqli_connect('localhost', 'linuxedu_old', 'linuxedu_old', 'linuxedu_old')
#1 /home/linuxedu/public_html/offvep.tk/app/Controllers/Connect.php(237): include('/home/linuxedu/...')
#2 /home/linuxedu/public_html/offvep.tk/app/Controllers/Connect.php(39): App\Controllers\Connect->index_post()
#3 /home/linuxedu/public_html/offvep.tk/vendor/codeigniter4/framework/system/CodeIgniter.php(824): App\Controllers\Connect->index()
#4 /home/linuxedu/public_html/offvep.tk/vendor/codeigniter4/framework/system/CodeIgniter.php(410): CodeIgniter\CodeIgniter->runController(Object(App\Controllers\Connect))
#5 /home/linuxedu/public_html/offvep.tk/vendor/codeigniter4/framework/system/CodeIgniter.php(318): CodeIgniter\CodeIgniter->handleRequest(NULL, Object(Config\Cache), false)
#6 /home/linuxedu/public_html/offvep.tk/public/index.php(37): CodeIgniter\CodeIgniter->run()
#7 {main}
CRITICAL - 2022-07-06 22:06:19 --> mysqli_connect(): (HY000/1040): Too many connections
#0 [internal function]: CodeIgniter\Debug\Exceptions->errorHandler(2, 'mysqli_connect(...', '/home/linuxedu/...', 8, Array)
#1 /home/linuxedu/public_html/offvep.tk/app/Controllers/conn.php(8): mysqli_connect('localhost', 'linuxedu_old', 'linuxedu_old', 'linuxedu_old')
#2 /home/linuxedu/public_html/offvep.tk/app/Controllers/Connect.php(13): include('/home/linuxedu/...')
#3 /home/linuxedu/public_html/offvep.tk/vendor/codeigniter4/framework/system/CodeIgniter.php(801): App\Controllers\Connect->__construct()
#4 /home/linuxedu/public_html/offvep.tk/vendor/codeigniter4/framework/system/CodeIgniter.php(401): CodeIgniter\CodeIgniter->createController()
#5 /home/linuxedu/public_html/offvep.tk/vendor/codeigniter4/framework/system/CodeIgniter.php(318): CodeIgniter\CodeIgniter->handleRequest(NULL, Object(Config\Cache), false)
#6 /home/linuxedu/public_html/offvep.tk/public/index.php(37): CodeIgniter\CodeIgniter->run()
#7 {main}
CRITICAL - 2022-07-06 22:06:20 --> mysqli_connect(): (HY000/1040): Too many connections
#0 [internal function]: CodeIgniter\Debug\Exceptions->errorHandler(2, 'mysqli_connect(...', '/home/linuxedu/...', 8, Array)
#1 /home/linuxedu/public_html/offvep.tk/app/Controllers/conn.php(8): mysqli_connect('localhost', 'linuxedu_old', 'linuxedu_old', 'linuxedu_old')
#2 /home/linuxedu/public_html/offvep.tk/app/Controllers/Connect.php(13): include('/home/linuxedu/...')
#3 /home/linuxedu/public_html/offvep.tk/vendor/codeigniter4/framework/system/CodeIgniter.php(801): App\Controllers\Connect->__construct()
#4 /home/linuxedu/public_html/offvep.tk/vendor/codeigniter4/framework/system/CodeIgniter.php(401): CodeIgniter\CodeIgniter->createController()
#5 /home/linuxedu/public_html/offvep.tk/vendor/codeigniter4/framework/system/CodeIgniter.php(318): CodeIgniter\CodeIgniter->handleRequest(NULL, Object(Config\Cache), false)
#6 /home/linuxedu/public_html/offvep.tk/public/index.php(37): CodeIgniter\CodeIgniter->run()
#7 {main}
CRITICAL - 2022-07-06 22:06:21 --> mysqli_connect(): (HY000/1040): Too many connections
#0 [internal function]: CodeIgniter\Debug\Exceptions->errorHandler(2, 'mysqli_connect(...', '/home/linuxedu/...', 8, Array)
#1 /home/linuxedu/public_html/offvep.tk/app/Controllers/conn.php(8): mysqli_connect('localhost', 'linuxedu_old', 'linuxedu_old', 'linuxedu_old')
#2 /home/linuxedu/public_html/offvep.tk/app/Controllers/Connect.php(13): include('/home/linuxedu/...')
#3 /home/linuxedu/public_html/offvep.tk/vendor/codeigniter4/framework/system/CodeIgniter.php(801): App\Controllers\Connect->__construct()
#4 /home/linuxedu/public_html/offvep.tk/vendor/codeigniter4/framework/system/CodeIgniter.php(401): CodeIgniter\CodeIgniter->createController()
#5 /home/linuxedu/public_html/offvep.tk/vendor/codeigniter4/framework/system/CodeIgniter.php(318): CodeIgniter\CodeIgniter->handleRequest(NULL, Object(Config\Cache), false)
#6 /home/linuxedu/public_html/offvep.tk/public/index.php(37): CodeIgniter\CodeIgniter->run()
#7 {main}
CRITICAL - 2022-07-06 22:06:22 --> mysqli_connect(): (HY000/1040): Too many connections
#0 [internal function]: CodeIgniter\Debug\Exceptions->errorHandler(2, 'mysqli_connect(...', '/home/linuxedu/...', 8, Array)
#1 /home/linuxedu/public_html/offvep.tk/app/Controllers/conn.php(8): mysqli_connect('localhost', 'linuxedu_old', 'linuxedu_old', 'linuxedu_old')
#2 /home/linuxedu/public_html/offvep.tk/app/Controllers/Connect.php(13): include('/home/linuxedu/...')
#3 /home/linuxedu/public_html/offvep.tk/vendor/codeigniter4/framework/system/CodeIgniter.php(801): App\Controllers\Connect->__construct()
#4 /home/linuxedu/public_html/offvep.tk/vendor/codeigniter4/framework/system/CodeIgniter.php(401): CodeIgniter\CodeIgniter->createController()
#5 /home/linuxedu/public_html/offvep.tk/vendor/codeigniter4/framework/system/CodeIgniter.php(318): CodeIgniter\CodeIgniter->handleRequest(NULL, Object(Config\Cache), false)
#6 /home/linuxedu/public_html/offvep.tk/public/index.php(37): CodeIgniter\CodeIgniter->run()
#7 {main}
CRITICAL - 2022-07-06 22:06:23 --> mysqli_connect(): (08004/1040): Too many connections
#0 [internal function]: CodeIgniter\Debug\Exceptions->errorHandler(2, 'mysqli_connect(...', '/home/linuxedu/...', 8, Array)
#1 /home/linuxedu/public_html/offvep.tk/app/Controllers/conn.php(8): mysqli_connect('localhost', 'linuxedu_old', 'linuxedu_old', 'linuxedu_old')
#2 /home/linuxedu/public_html/offvep.tk/app/Controllers/Connect.php(13): include('/home/linuxedu/...')
#3 /home/linuxedu/public_html/offvep.tk/vendor/codeigniter4/framework/system/CodeIgniter.php(801): App\Controllers\Connect->__construct()
#4 /home/linuxedu/public_html/offvep.tk/vendor/codeigniter4/framework/system/CodeIgniter.php(401): CodeIgniter\CodeIgniter->createController()
#5 /home/linuxedu/public_html/offvep.tk/vendor/codeigniter4/framework/system/CodeIgniter.php(318): CodeIgniter\CodeIgniter->handleRequest(NULL, Object(Config\Cache), false)
#6 /home/linuxedu/public_html/offvep.tk/public/index.php(37): CodeIgniter\CodeIgniter->run()
#7 {main}
CRITICAL - 2022-07-06 22:06:25 --> mysqli_connect(): (HY000/1040): Too many connections
#0 [internal function]: CodeIgniter\Debug\Exceptions->errorHandler(2, 'mysqli_connect(...', '/home/linuxedu/...', 8, Array)
#1 /home/linuxedu/public_html/offvep.tk/app/Controllers/conn.php(8): mysqli_connect('localhost', 'linuxedu_old', 'linuxedu_old', 'linuxedu_old')
#2 /home/linuxedu/public_html/offvep.tk/app/Controllers/Connect.php(13): include('/home/linuxedu/...')
#3 /home/linuxedu/public_html/offvep.tk/vendor/codeigniter4/framework/system/CodeIgniter.php(801): App\Controllers\Connect->__construct()
#4 /home/linuxedu/public_html/offvep.tk/vendor/codeigniter4/framework/system/CodeIgniter.php(401): CodeIgniter\CodeIgniter->createController()
#5 /home/linuxedu/public_html/offvep.tk/vendor/codeigniter4/framework/system/CodeIgniter.php(318): CodeIgniter\CodeIgniter->handleRequest(NULL, Object(Config\Cache), false)
#6 /home/linuxedu/public_html/offvep.tk/public/index.php(37): CodeIgniter\CodeIgniter->run()
#7 {main}
CRITICAL - 2022-07-06 22:06:26 --> mysqli_connect(): (HY000/1040): Too many connections
#0 [internal function]: CodeIgniter\Debug\Exceptions->errorHandler(2, 'mysqli_connect(...', '/home/linuxedu/...', 8, Array)
#1 /home/linuxedu/public_html/offvep.tk/app/Controllers/conn.php(8): mysqli_connect('localhost', 'linuxedu_old', 'linuxedu_old', 'linuxedu_old')
#2 /home/linuxedu/public_html/offvep.tk/app/Controllers/Connect.php(13): include('/home/linuxedu/...')
#3 /home/linuxedu/public_html/offvep.tk/vendor/codeigniter4/framework/system/CodeIgniter.php(801): App\Controllers\Connect->__construct()
#4 /home/linuxedu/public_html/offvep.tk/vendor/codeigniter4/framework/system/CodeIgniter.php(401): CodeIgniter\CodeIgniter->createController()
#5 /home/linuxedu/public_html/offvep.tk/vendor/codeigniter4/framework/system/CodeIgniter.php(318): CodeIgniter\CodeIgniter->handleRequest(NULL, Object(Config\Cache), false)
#6 /home/linuxedu/public_html/offvep.tk/public/index.php(37): CodeIgniter\CodeIgniter->run()
#7 {main}
CRITICAL - 2022-07-06 22:06:45 --> mysqli_connect(): (HY000/1040): Too many connections
#0 [internal function]: CodeIgniter\Debug\Exceptions->errorHandler(2, 'mysqli_connect(...', '/home/linuxedu/...', 8, Array)
#1 /home/linuxedu/public_html/offvep.tk/app/Controllers/conn.php(8): mysqli_connect('localhost', 'linuxedu_old', 'linuxedu_old', 'linuxedu_old')
#2 /home/linuxedu/public_html/offvep.tk/app/Controllers/Connect.php(13): include('/home/linuxedu/...')
#3 /home/linuxedu/public_html/offvep.tk/vendor/codeigniter4/framework/system/CodeIgniter.php(801): App\Controllers\Connect->__construct()
#4 /home/linuxedu/public_html/offvep.tk/vendor/codeigniter4/framework/system/CodeIgniter.php(401): CodeIgniter\CodeIgniter->createController()
#5 /home/linuxedu/public_html/offvep.tk/vendor/codeigniter4/framework/system/CodeIgniter.php(318): CodeIgniter\CodeIgniter->handleRequest(NULL, Object(Config\Cache), false)
#6 /home/linuxedu/public_html/offvep.tk/public/index.php(37): CodeIgniter\CodeIgniter->run()
#7 {main}
CRITICAL - 2022-07-06 22:08:38 --> mysqli_connect(): (HY000/1040): Too many connections
#0 [internal function]: CodeIgniter\Debug\Exceptions->errorHandler(2, 'mysqli_connect(...', '/home/linuxedu/...', 8, Array)
#1 /home/linuxedu/public_html/offvep.tk/app/Controllers/conn.php(8): mysqli_connect('localhost', 'linuxedu_old', 'linuxedu_old', 'linuxedu_old')
#2 /home/linuxedu/public_html/offvep.tk/app/Controllers/Connect.php(13): include('/home/linuxedu/...')
#3 /home/linuxedu/public_html/offvep.tk/vendor/codeigniter4/framework/system/CodeIgniter.php(801): App\Controllers\Connect->__construct()
#4 /home/linuxedu/public_html/offvep.tk/vendor/codeigniter4/framework/system/CodeIgniter.php(401): CodeIgniter\CodeIgniter->createController()
#5 /home/linuxedu/public_html/offvep.tk/vendor/codeigniter4/framework/system/CodeIgniter.php(318): CodeIgniter\CodeIgniter->handleRequest(NULL, Object(Config\Cache), false)
#6 /home/linuxedu/public_html/offvep.tk/public/index.php(37): CodeIgniter\CodeIgniter->run()
#7 {main}
CRITICAL - 2022-07-06 22:08:47 --> mysqli_connect(): (HY000/1040): Too many connections
#0 [internal function]: CodeIgniter\Debug\Exceptions->errorHandler(2, 'mysqli_connect(...', '/home/linuxedu/...', 8, Array)
#1 /home/linuxedu/public_html/offvep.tk/app/Controllers/conn.php(8): mysqli_connect('localhost', 'linuxedu_old', 'linuxedu_old', 'linuxedu_old')
#2 /home/linuxedu/public_html/offvep.tk/app/Controllers/Connect.php(13): include('/home/linuxedu/...')
#3 /home/linuxedu/public_html/offvep.tk/vendor/codeigniter4/framework/system/CodeIgniter.php(801): App\Controllers\Connect->__construct()
#4 /home/linuxedu/public_html/offvep.tk/vendor/codeigniter4/framework/system/CodeIgniter.php(401): CodeIgniter\CodeIgniter->createController()
#5 /home/linuxedu/public_html/offvep.tk/vendor/codeigniter4/framework/system/CodeIgniter.php(318): CodeIgniter\CodeIgniter->handleRequest(NULL, Object(Config\Cache), false)
#6 /home/linuxedu/public_html/offvep.tk/public/index.php(37): CodeIgniter\CodeIgniter->run()
#7 {main}
CRITICAL - 2022-07-06 22:08:48 --> mysqli_connect(): (HY000/1040): Too many connections
#0 [internal function]: CodeIgniter\Debug\Exceptions->errorHandler(2, 'mysqli_connect(...', '/home/linuxedu/...', 8, Array)
#1 /home/linuxedu/public_html/offvep.tk/app/Controllers/conn.php(8): mysqli_connect('localhost', 'linuxedu_old', 'linuxedu_old', 'linuxedu_old')
#2 /home/linuxedu/public_html/offvep.tk/app/Controllers/Connect.php(13): include('/home/linuxedu/...')
#3 /home/linuxedu/public_html/offvep.tk/vendor/codeigniter4/framework/system/CodeIgniter.php(801): App\Controllers\Connect->__construct()
#4 /home/linuxedu/public_html/offvep.tk/vendor/codeigniter4/framework/system/CodeIgniter.php(401): CodeIgniter\CodeIgniter->createController()
#5 /home/linuxedu/public_html/offvep.tk/vendor/codeigniter4/framework/system/CodeIgniter.php(318): CodeIgniter\CodeIgniter->handleRequest(NULL, Object(Config\Cache), false)
#6 /home/linuxedu/public_html/offvep.tk/public/index.php(37): CodeIgniter\CodeIgniter->run()
#7 {main}
CRITICAL - 2022-07-06 22:09:18 --> mysqli_connect(): (HY000/1040): Too many connections
#0 [internal function]: CodeIgniter\Debug\Exceptions->errorHandler(2, 'mysqli_connect(...', '/home/linuxedu/...', 8, Array)
#1 /home/linuxedu/public_html/offvep.tk/app/Controllers/conn.php(8): mysqli_connect('localhost', 'linuxedu_old', 'linuxedu_old', 'linuxedu_old')
#2 /home/linuxedu/public_html/offvep.tk/app/Controllers/Connect.php(13): include('/home/linuxedu/...')
#3 /home/linuxedu/public_html/offvep.tk/vendor/codeigniter4/framework/system/CodeIgniter.php(801): App\Controllers\Connect->__construct()
#4 /home/linuxedu/public_html/offvep.tk/vendor/codeigniter4/framework/system/CodeIgniter.php(401): CodeIgniter\CodeIgniter->createController()
#5 /home/linuxedu/public_html/offvep.tk/vendor/codeigniter4/framework/system/CodeIgniter.php(318): CodeIgniter\CodeIgniter->handleRequest(NULL, Object(Config\Cache), false)
#6 /home/linuxedu/public_html/offvep.tk/public/index.php(37): CodeIgniter\CodeIgniter->run()
#7 {main}
CRITICAL - 2022-07-06 22:12:01 --> mysqli_connect(): (HY000/1040): Too many connections
#0 [internal function]: CodeIgniter\Debug\Exceptions->errorHandler(2, 'mysqli_connect(...', '/home/linuxedu/...', 8, Array)
#1 /home/linuxedu/public_html/offvep.tk/app/Controllers/conn.php(8): mysqli_connect('localhost', 'linuxedu_old', 'linuxedu_old', 'linuxedu_old')
#2 /home/linuxedu/public_html/offvep.tk/app/Controllers/Connect.php(13): include('/home/linuxedu/...')
#3 /home/linuxedu/public_html/offvep.tk/vendor/codeigniter4/framework/system/CodeIgniter.php(801): App\Controllers\Connect->__construct()
#4 /home/linuxedu/public_html/offvep.tk/vendor/codeigniter4/framework/system/CodeIgniter.php(401): CodeIgniter\CodeIgniter->createController()
#5 /home/linuxedu/public_html/offvep.tk/vendor/codeigniter4/framework/system/CodeIgniter.php(318): CodeIgniter\CodeIgniter->handleRequest(NULL, Object(Config\Cache), false)
#6 /home/linuxedu/public_html/offvep.tk/public/index.php(37): CodeIgniter\CodeIgniter->run()
#7 {main}
