CRITICAL - 2022-07-12 11:33:44 --> Call to a member function select() on null
#0 /home/fallenxt/public_html/vendor/codeigniter4/framework/system/CodeIgniter.php(824): App\Controllers\Player->index()
#1 /home/fallenxt/public_html/vendor/codeigniter4/framework/system/CodeIgniter.php(410): CodeIgniter\CodeIgniter->runController(Object(App\Controllers\Player))
#2 /home/fallenxt/public_html/vendor/codeigniter4/framework/system/CodeIgniter.php(318): CodeIgniter\CodeIgniter->handleRequest(NULL, Object(Config\Cache), false)
#3 /home/fallenxt/public_html/public/index.php(37): CodeIgniter\CodeIgniter->run()
#4 {main}
CRITICAL - 2022-07-12 11:37:57 --> Call to a member function select() on null
#0 /home/fallenxt/public_html/vendor/codeigniter4/framework/system/CodeIgniter.php(824): App\Controllers\Player->index()
#1 /home/fallenxt/public_html/vendor/codeigniter4/framework/system/CodeIgniter.php(410): CodeIgniter\CodeIgniter->runController(Object(App\Controllers\Player))
#2 /home/fallenxt/public_html/vendor/codeigniter4/framework/system/CodeIgniter.php(318): CodeIgniter\CodeIgniter->handleRequest(NULL, Object(Config\Cache), false)
#3 /home/fallenxt/public_html/public/index.php(37): CodeIgniter\CodeIgniter->run()
#4 {main}
CRITICAL - 2022-07-12 16:05:08 --> Call to a member function select() on null
#0 /home/fallenxt/public_html/vendor/codeigniter4/framework/system/CodeIgniter.php(824): App\Controllers\Player->index()
#1 /home/fallenxt/public_html/vendor/codeigniter4/framework/system/CodeIgniter.php(410): CodeIgniter\CodeIgniter->runController(Object(App\Controllers\Player))
#2 /home/fallenxt/public_html/vendor/codeigniter4/framework/system/CodeIgniter.php(318): CodeIgniter\CodeIgniter->handleRequest(NULL, Object(Config\Cache), false)
#3 /home/fallenxt/public_html/public/index.php(37): CodeIgniter\CodeIgniter->run()
#4 {main}
CRITICAL - 2022-07-12 16:05:36 --> Call to a member function select() on null
#0 /home/fallenxt/public_html/vendor/codeigniter4/framework/system/CodeIgniter.php(824): App\Controllers\Player->index()
#1 /home/fallenxt/public_html/vendor/codeigniter4/framework/system/CodeIgniter.php(410): CodeIgniter\CodeIgniter->runController(Object(App\Controllers\Player))
#2 /home/fallenxt/public_html/vendor/codeigniter4/framework/system/CodeIgniter.php(318): CodeIgniter\CodeIgniter->handleRequest(NULL, Object(Config\Cache), false)
#3 /home/fallenxt/public_html/public/index.php(37): CodeIgniter\CodeIgniter->run()
#4 {main}
CRITICAL - 2022-07-12 16:09:55 --> Call to a member function select() on null
#0 /home/fallenxt/public_html/vendor/codeigniter4/framework/system/CodeIgniter.php(824): App\Controllers\Player->index()
#1 /home/fallenxt/public_html/vendor/codeigniter4/framework/system/CodeIgniter.php(410): CodeIgniter\CodeIgniter->runController(Object(App\Controllers\Player))
#2 /home/fallenxt/public_html/vendor/codeigniter4/framework/system/CodeIgniter.php(318): CodeIgniter\CodeIgniter->handleRequest(NULL, Object(Config\Cache), false)
#3 /home/fallenxt/public_html/public/index.php(37): CodeIgniter\CodeIgniter->run()
#4 {main}
ERROR - 2022-07-12 16:10:41 --> Table 'fallenxt_jangrashab.player' doesn't exist
CRITICAL - 2022-07-12 16:10:41 --> Table 'fallenxt_jangrashab.player' doesn't exist
#0 /home/fallenxt/public_html/vendor/codeigniter4/framework/system/Database/MySQLi/Connection.php(292): mysqli->query('SELECT *\nFROM `...', 0)
#1 /home/fallenxt/public_html/vendor/codeigniter4/framework/system/Database/BaseConnection.php(670): CodeIgniter\Database\MySQLi\Connection->execute('SELECT *\nFROM `...')
#2 /home/fallenxt/public_html/vendor/codeigniter4/framework/system/Database/BaseConnection.php(598): CodeIgniter\Database\BaseConnection->simpleQuery('SELECT *\nFROM `...')
#3 /home/fallenxt/public_html/vendor/codeigniter4/framework/system/Database/BaseBuilder.php(1443): CodeIgniter\Database\BaseConnection->query('SELECT *\nFROM `...', Array, false)
#4 /home/fallenxt/public_html/vendor/codeigniter4/framework/system/Model.php(183): CodeIgniter\Database\BaseBuilder->get()
#5 /home/fallenxt/public_html/vendor/codeigniter4/framework/system/BaseModel.php(584): CodeIgniter\Model->doFindAll(0, 0)
#6 /home/fallenxt/public_html/app/Controllers/Player.php(10): CodeIgniter\BaseModel->findAll()
#7 /home/fallenxt/public_html/vendor/codeigniter4/framework/system/CodeIgniter.php(824): App\Controllers\Player->index()
#8 /home/fallenxt/public_html/vendor/codeigniter4/framework/system/CodeIgniter.php(410): CodeIgniter\CodeIgniter->runController(Object(App\Controllers\Player))
#9 /home/fallenxt/public_html/vendor/codeigniter4/framework/system/CodeIgniter.php(318): CodeIgniter\CodeIgniter->handleRequest(NULL, Object(Config\Cache), false)
#10 /home/fallenxt/public_html/public/index.php(37): CodeIgniter\CodeIgniter->run()
#11 {main}
ERROR - 2022-07-12 16:11:15 --> Table 'fallenxt_jangrashab.player' doesn't exist
CRITICAL - 2022-07-12 16:11:15 --> Table 'fallenxt_jangrashab.player' doesn't exist
#0 /home/fallenxt/public_html/vendor/codeigniter4/framework/system/Database/MySQLi/Connection.php(292): mysqli->query('SELECT *\nFROM `...', 0)
#1 /home/fallenxt/public_html/vendor/codeigniter4/framework/system/Database/BaseConnection.php(670): CodeIgniter\Database\MySQLi\Connection->execute('SELECT *\nFROM `...')
#2 /home/fallenxt/public_html/vendor/codeigniter4/framework/system/Database/BaseConnection.php(598): CodeIgniter\Database\BaseConnection->simpleQuery('SELECT *\nFROM `...')
#3 /home/fallenxt/public_html/vendor/codeigniter4/framework/system/Database/BaseBuilder.php(1443): CodeIgniter\Database\BaseConnection->query('SELECT *\nFROM `...', Array, false)
#4 /home/fallenxt/public_html/vendor/codeigniter4/framework/system/Model.php(183): CodeIgniter\Database\BaseBuilder->get()
#5 /home/fallenxt/public_html/vendor/codeigniter4/framework/system/BaseModel.php(584): CodeIgniter\Model->doFindAll(0, 0)
#6 /home/fallenxt/public_html/app/Controllers/Player.php(10): CodeIgniter\BaseModel->findAll()
#7 /home/fallenxt/public_html/vendor/codeigniter4/framework/system/CodeIgniter.php(824): App\Controllers\Player->index()
#8 /home/fallenxt/public_html/vendor/codeigniter4/framework/system/CodeIgniter.php(410): CodeIgniter\CodeIgniter->runController(Object(App\Controllers\Player))
#9 /home/fallenxt/public_html/vendor/codeigniter4/framework/system/CodeIgniter.php(318): CodeIgniter\CodeIgniter->handleRequest(NULL, Object(Config\Cache), false)
#10 /home/fallenxt/public_html/public/index.php(37): CodeIgniter\CodeIgniter->run()
#11 {main}
CRITICAL - 2022-07-12 16:14:02 --> Undefined variable: db
#0 /home/fallenxt/public_html/app/Views/Player/conn.php(8): CodeIgniter\Debug\Exceptions->errorHandler(8, 'Undefined varia...', '/home/fallenxt/...', 8, Array)
#1 /home/fallenxt/public_html/app/Views/Player/player_list.php(3): include('/home/fallenxt/...')
#2 /home/fallenxt/public_html/vendor/codeigniter4/framework/system/View/View.php(214): include('/home/fallenxt/...')
#3 /home/fallenxt/public_html/vendor/codeigniter4/framework/system/View/View.php(217): CodeIgniter\View\View->CodeIgniter\View\{closure}()
#4 /home/fallenxt/public_html/vendor/codeigniter4/framework/system/Common.php(1097): CodeIgniter\View\View->render('Player/player_l...', Array, true)
#5 /home/fallenxt/public_html/app/Controllers/Player.php(12): view('Player/player_l...', Array)
#6 /home/fallenxt/public_html/vendor/codeigniter4/framework/system/CodeIgniter.php(824): App\Controllers\Player->index()
#7 /home/fallenxt/public_html/vendor/codeigniter4/framework/system/CodeIgniter.php(410): CodeIgniter\CodeIgniter->runController(Object(App\Controllers\Player))
#8 /home/fallenxt/public_html/vendor/codeigniter4/framework/system/CodeIgniter.php(318): CodeIgniter\CodeIgniter->handleRequest(NULL, Object(Config\Cache), false)
#9 /home/fallenxt/public_html/public/index.php(37): CodeIgniter\CodeIgniter->run()
#10 {main}
CRITICAL - 2022-07-12 16:14:36 --> Undefined variable: player_list
#0 /home/fallenxt/public_html/app/Views/Player/player_list.php(15): CodeIgniter\Debug\Exceptions->errorHandler(8, 'Undefined varia...', '/home/fallenxt/...', 15, Array)
#1 /home/fallenxt/public_html/vendor/codeigniter4/framework/system/View/View.php(214): include('/home/fallenxt/...')
#2 /home/fallenxt/public_html/vendor/codeigniter4/framework/system/View/View.php(217): CodeIgniter\View\View->CodeIgniter\View\{closure}()
#3 /home/fallenxt/public_html/vendor/codeigniter4/framework/system/Common.php(1097): CodeIgniter\View\View->render('Player/player_l...', Array, true)
#4 /home/fallenxt/public_html/app/Controllers/Player.php(12): view('Player/player_l...', Array)
#5 /home/fallenxt/public_html/vendor/codeigniter4/framework/system/CodeIgniter.php(824): App\Controllers\Player->index()
#6 /home/fallenxt/public_html/vendor/codeigniter4/framework/system/CodeIgniter.php(410): CodeIgniter\CodeIgniter->runController(Object(App\Controllers\Player))
#7 /home/fallenxt/public_html/vendor/codeigniter4/framework/system/CodeIgniter.php(318): CodeIgniter\CodeIgniter->handleRequest(NULL, Object(Config\Cache), false)
#8 /home/fallenxt/public_html/public/index.php(37): CodeIgniter\CodeIgniter->run()
#9 {main}
CRITICAL - 2022-07-12 16:14:37 --> Undefined variable: player_list
#0 /home/fallenxt/public_html/app/Views/Player/player_list.php(15): CodeIgniter\Debug\Exceptions->errorHandler(8, 'Undefined varia...', '/home/fallenxt/...', 15, Array)
#1 /home/fallenxt/public_html/vendor/codeigniter4/framework/system/View/View.php(214): include('/home/fallenxt/...')
#2 /home/fallenxt/public_html/vendor/codeigniter4/framework/system/View/View.php(217): CodeIgniter\View\View->CodeIgniter\View\{closure}()
#3 /home/fallenxt/public_html/vendor/codeigniter4/framework/system/Common.php(1097): CodeIgniter\View\View->render('Player/player_l...', Array, true)
#4 /home/fallenxt/public_html/app/Controllers/Player.php(12): view('Player/player_l...', Array)
#5 /home/fallenxt/public_html/vendor/codeigniter4/framework/system/CodeIgniter.php(824): App\Controllers\Player->index()
#6 /home/fallenxt/public_html/vendor/codeigniter4/framework/system/CodeIgniter.php(410): CodeIgniter\CodeIgniter->runController(Object(App\Controllers\Player))
#7 /home/fallenxt/public_html/vendor/codeigniter4/framework/system/CodeIgniter.php(318): CodeIgniter\CodeIgniter->handleRequest(NULL, Object(Config\Cache), false)
#8 /home/fallenxt/public_html/public/index.php(37): CodeIgniter\CodeIgniter->run()
#9 {main}
CRITICAL - 2022-07-12 16:14:37 --> Undefined variable: player_list
#0 /home/fallenxt/public_html/app/Views/Player/player_list.php(15): CodeIgniter\Debug\Exceptions->errorHandler(8, 'Undefined varia...', '/home/fallenxt/...', 15, Array)
#1 /home/fallenxt/public_html/vendor/codeigniter4/framework/system/View/View.php(214): include('/home/fallenxt/...')
#2 /home/fallenxt/public_html/vendor/codeigniter4/framework/system/View/View.php(217): CodeIgniter\View\View->CodeIgniter\View\{closure}()
#3 /home/fallenxt/public_html/vendor/codeigniter4/framework/system/Common.php(1097): CodeIgniter\View\View->render('Player/player_l...', Array, true)
#4 /home/fallenxt/public_html/app/Controllers/Player.php(12): view('Player/player_l...', Array)
#5 /home/fallenxt/public_html/vendor/codeigniter4/framework/system/CodeIgniter.php(824): App\Controllers\Player->index()
#6 /home/fallenxt/public_html/vendor/codeigniter4/framework/system/CodeIgniter.php(410): CodeIgniter\CodeIgniter->runController(Object(App\Controllers\Player))
#7 /home/fallenxt/public_html/vendor/codeigniter4/framework/system/CodeIgniter.php(318): CodeIgniter\CodeIgniter->handleRequest(NULL, Object(Config\Cache), false)
#8 /home/fallenxt/public_html/public/index.php(37): CodeIgniter\CodeIgniter->run()
#9 {main}
CRITICAL - 2022-07-12 16:14:37 --> Undefined variable: player_list
#0 /home/fallenxt/public_html/app/Views/Player/player_list.php(15): CodeIgniter\Debug\Exceptions->errorHandler(8, 'Undefined varia...', '/home/fallenxt/...', 15, Array)
#1 /home/fallenxt/public_html/vendor/codeigniter4/framework/system/View/View.php(214): include('/home/fallenxt/...')
#2 /home/fallenxt/public_html/vendor/codeigniter4/framework/system/View/View.php(217): CodeIgniter\View\View->CodeIgniter\View\{closure}()
#3 /home/fallenxt/public_html/vendor/codeigniter4/framework/system/Common.php(1097): CodeIgniter\View\View->render('Player/player_l...', Array, true)
#4 /home/fallenxt/public_html/app/Controllers/Player.php(12): view('Player/player_l...', Array)
#5 /home/fallenxt/public_html/vendor/codeigniter4/framework/system/CodeIgniter.php(824): App\Controllers\Player->index()
#6 /home/fallenxt/public_html/vendor/codeigniter4/framework/system/CodeIgniter.php(410): CodeIgniter\CodeIgniter->runController(Object(App\Controllers\Player))
#7 /home/fallenxt/public_html/vendor/codeigniter4/framework/system/CodeIgniter.php(318): CodeIgniter\CodeIgniter->handleRequest(NULL, Object(Config\Cache), false)
#8 /home/fallenxt/public_html/public/index.php(37): CodeIgniter\CodeIgniter->run()
#9 {main}
CRITICAL - 2022-07-12 16:14:38 --> Undefined variable: player_list
#0 /home/fallenxt/public_html/app/Views/Player/player_list.php(15): CodeIgniter\Debug\Exceptions->errorHandler(8, 'Undefined varia...', '/home/fallenxt/...', 15, Array)
#1 /home/fallenxt/public_html/vendor/codeigniter4/framework/system/View/View.php(214): include('/home/fallenxt/...')
#2 /home/fallenxt/public_html/vendor/codeigniter4/framework/system/View/View.php(217): CodeIgniter\View\View->CodeIgniter\View\{closure}()
#3 /home/fallenxt/public_html/vendor/codeigniter4/framework/system/Common.php(1097): CodeIgniter\View\View->render('Player/player_l...', Array, true)
#4 /home/fallenxt/public_html/app/Controllers/Player.php(12): view('Player/player_l...', Array)
#5 /home/fallenxt/public_html/vendor/codeigniter4/framework/system/CodeIgniter.php(824): App\Controllers\Player->index()
#6 /home/fallenxt/public_html/vendor/codeigniter4/framework/system/CodeIgniter.php(410): CodeIgniter\CodeIgniter->runController(Object(App\Controllers\Player))
#7 /home/fallenxt/public_html/vendor/codeigniter4/framework/system/CodeIgniter.php(318): CodeIgniter\CodeIgniter->handleRequest(NULL, Object(Config\Cache), false)
#8 /home/fallenxt/public_html/public/index.php(37): CodeIgniter\CodeIgniter->run()
#9 {main}
CRITICAL - 2022-07-12 16:15:14 --> Undefined variable: data
#0 /home/fallenxt/public_html/app/Controllers/Player.php(11): CodeIgniter\Debug\Exceptions->errorHandler(8, 'Undefined varia...', '/home/fallenxt/...', 11, Array)
#1 /home/fallenxt/public_html/vendor/codeigniter4/framework/system/CodeIgniter.php(824): App\Controllers\Player->index()
#2 /home/fallenxt/public_html/vendor/codeigniter4/framework/system/CodeIgniter.php(410): CodeIgniter\CodeIgniter->runController(Object(App\Controllers\Player))
#3 /home/fallenxt/public_html/vendor/codeigniter4/framework/system/CodeIgniter.php(318): CodeIgniter\CodeIgniter->handleRequest(NULL, Object(Config\Cache), false)
#4 /home/fallenxt/public_html/public/index.php(37): CodeIgniter\CodeIgniter->run()
#5 {main}
CRITICAL - 2022-07-12 16:15:15 --> Undefined variable: data
#0 /home/fallenxt/public_html/app/Controllers/Player.php(11): CodeIgniter\Debug\Exceptions->errorHandler(8, 'Undefined varia...', '/home/fallenxt/...', 11, Array)
#1 /home/fallenxt/public_html/vendor/codeigniter4/framework/system/CodeIgniter.php(824): App\Controllers\Player->index()
#2 /home/fallenxt/public_html/vendor/codeigniter4/framework/system/CodeIgniter.php(410): CodeIgniter\CodeIgniter->runController(Object(App\Controllers\Player))
#3 /home/fallenxt/public_html/vendor/codeigniter4/framework/system/CodeIgniter.php(318): CodeIgniter\CodeIgniter->handleRequest(NULL, Object(Config\Cache), false)
#4 /home/fallenxt/public_html/public/index.php(37): CodeIgniter\CodeIgniter->run()
#5 {main}
CRITICAL - 2022-07-12 16:15:16 --> Undefined variable: data
#0 /home/fallenxt/public_html/app/Controllers/Player.php(11): CodeIgniter\Debug\Exceptions->errorHandler(8, 'Undefined varia...', '/home/fallenxt/...', 11, Array)
#1 /home/fallenxt/public_html/vendor/codeigniter4/framework/system/CodeIgniter.php(824): App\Controllers\Player->index()
#2 /home/fallenxt/public_html/vendor/codeigniter4/framework/system/CodeIgniter.php(410): CodeIgniter\CodeIgniter->runController(Object(App\Controllers\Player))
#3 /home/fallenxt/public_html/vendor/codeigniter4/framework/system/CodeIgniter.php(318): CodeIgniter\CodeIgniter->handleRequest(NULL, Object(Config\Cache), false)
#4 /home/fallenxt/public_html/public/index.php(37): CodeIgniter\CodeIgniter->run()
#5 {main}
CRITICAL - 2022-07-12 16:15:17 --> Undefined variable: data
#0 /home/fallenxt/public_html/app/Controllers/Player.php(11): CodeIgniter\Debug\Exceptions->errorHandler(8, 'Undefined varia...', '/home/fallenxt/...', 11, Array)
#1 /home/fallenxt/public_html/vendor/codeigniter4/framework/system/CodeIgniter.php(824): App\Controllers\Player->index()
#2 /home/fallenxt/public_html/vendor/codeigniter4/framework/system/CodeIgniter.php(410): CodeIgniter\CodeIgniter->runController(Object(App\Controllers\Player))
#3 /home/fallenxt/public_html/vendor/codeigniter4/framework/system/CodeIgniter.php(318): CodeIgniter\CodeIgniter->handleRequest(NULL, Object(Config\Cache), false)
#4 /home/fallenxt/public_html/public/index.php(37): CodeIgniter\CodeIgniter->run()
#5 {main}
CRITICAL - 2022-07-12 16:15:28 --> Undefined variable: player_list
#0 /home/fallenxt/public_html/app/Views/Player/player_list.php(15): CodeIgniter\Debug\Exceptions->errorHandler(8, 'Undefined varia...', '/home/fallenxt/...', 15, Array)
#1 /home/fallenxt/public_html/vendor/codeigniter4/framework/system/View/View.php(214): include('/home/fallenxt/...')
#2 /home/fallenxt/public_html/vendor/codeigniter4/framework/system/View/View.php(217): CodeIgniter\View\View->CodeIgniter\View\{closure}()
#3 /home/fallenxt/public_html/vendor/codeigniter4/framework/system/Common.php(1097): CodeIgniter\View\View->render('Player/player_l...', Array, true)
#4 /home/fallenxt/public_html/app/Controllers/Player.php(11): view('Player/player_l...', Array)
#5 /home/fallenxt/public_html/vendor/codeigniter4/framework/system/CodeIgniter.php(824): App\Controllers\Player->index()
#6 /home/fallenxt/public_html/vendor/codeigniter4/framework/system/CodeIgniter.php(410): CodeIgniter\CodeIgniter->runController(Object(App\Controllers\Player))
#7 /home/fallenxt/public_html/vendor/codeigniter4/framework/system/CodeIgniter.php(318): CodeIgniter\CodeIgniter->handleRequest(NULL, Object(Config\Cache), false)
#8 /home/fallenxt/public_html/public/index.php(37): CodeIgniter\CodeIgniter->run()
#9 {main}
CRITICAL - 2022-07-12 16:15:40 --> Undefined variable: player_list
#0 /home/fallenxt/public_html/app/Views/Player/player_list.php(15): CodeIgniter\Debug\Exceptions->errorHandler(8, 'Undefined varia...', '/home/fallenxt/...', 15, Array)
#1 /home/fallenxt/public_html/vendor/codeigniter4/framework/system/View/View.php(214): include('/home/fallenxt/...')
#2 /home/fallenxt/public_html/vendor/codeigniter4/framework/system/View/View.php(217): CodeIgniter\View\View->CodeIgniter\View\{closure}()
#3 /home/fallenxt/public_html/vendor/codeigniter4/framework/system/Common.php(1097): CodeIgniter\View\View->render('Player/player_l...', Array, true)
#4 /home/fallenxt/public_html/app/Controllers/Player.php(11): view('Player/player_l...', Array)
#5 /home/fallenxt/public_html/vendor/codeigniter4/framework/system/CodeIgniter.php(824): App\Controllers\Player->index()
#6 /home/fallenxt/public_html/vendor/codeigniter4/framework/system/CodeIgniter.php(410): CodeIgniter\CodeIgniter->runController(Object(App\Controllers\Player))
#7 /home/fallenxt/public_html/vendor/codeigniter4/framework/system/CodeIgniter.php(318): CodeIgniter\CodeIgniter->handleRequest(NULL, Object(Config\Cache), false)
#8 /home/fallenxt/public_html/public/index.php(37): CodeIgniter\CodeIgniter->run()
#9 {main}
CRITICAL - 2022-07-12 16:16:28 --> Undefined variable: player_list
#0 /home/fallenxt/public_html/app/Views/Player/player_list.php(15): CodeIgniter\Debug\Exceptions->errorHandler(8, 'Undefined varia...', '/home/fallenxt/...', 15, Array)
#1 /home/fallenxt/public_html/vendor/codeigniter4/framework/system/View/View.php(214): include('/home/fallenxt/...')
#2 /home/fallenxt/public_html/vendor/codeigniter4/framework/system/View/View.php(217): CodeIgniter\View\View->CodeIgniter\View\{closure}()
#3 /home/fallenxt/public_html/vendor/codeigniter4/framework/system/Common.php(1097): CodeIgniter\View\View->render('Player/player_l...', Array, true)
#4 /home/fallenxt/public_html/app/Controllers/Player.php(11): view('Player/player_l...', Array)
#5 /home/fallenxt/public_html/vendor/codeigniter4/framework/system/CodeIgniter.php(824): App\Controllers\Player->index()
#6 /home/fallenxt/public_html/vendor/codeigniter4/framework/system/CodeIgniter.php(410): CodeIgniter\CodeIgniter->runController(Object(App\Controllers\Player))
#7 /home/fallenxt/public_html/vendor/codeigniter4/framework/system/CodeIgniter.php(318): CodeIgniter\CodeIgniter->handleRequest(NULL, Object(Config\Cache), false)
#8 /home/fallenxt/public_html/public/index.php(37): CodeIgniter\CodeIgniter->run()
#9 {main}
CRITICAL - 2022-07-12 16:16:29 --> Undefined variable: player_list
#0 /home/fallenxt/public_html/app/Views/Player/player_list.php(15): CodeIgniter\Debug\Exceptions->errorHandler(8, 'Undefined varia...', '/home/fallenxt/...', 15, Array)
#1 /home/fallenxt/public_html/vendor/codeigniter4/framework/system/View/View.php(214): include('/home/fallenxt/...')
#2 /home/fallenxt/public_html/vendor/codeigniter4/framework/system/View/View.php(217): CodeIgniter\View\View->CodeIgniter\View\{closure}()
#3 /home/fallenxt/public_html/vendor/codeigniter4/framework/system/Common.php(1097): CodeIgniter\View\View->render('Player/player_l...', Array, true)
#4 /home/fallenxt/public_html/app/Controllers/Player.php(11): view('Player/player_l...', Array)
#5 /home/fallenxt/public_html/vendor/codeigniter4/framework/system/CodeIgniter.php(824): App\Controllers\Player->index()
#6 /home/fallenxt/public_html/vendor/codeigniter4/framework/system/CodeIgniter.php(410): CodeIgniter\CodeIgniter->runController(Object(App\Controllers\Player))
#7 /home/fallenxt/public_html/vendor/codeigniter4/framework/system/CodeIgniter.php(318): CodeIgniter\CodeIgniter->handleRequest(NULL, Object(Config\Cache), false)
#8 /home/fallenxt/public_html/public/index.php(37): CodeIgniter\CodeIgniter->run()
#9 {main}
CRITICAL - 2022-07-12 16:16:30 --> Undefined variable: player_list
#0 /home/fallenxt/public_html/app/Views/Player/player_list.php(15): CodeIgniter\Debug\Exceptions->errorHandler(8, 'Undefined varia...', '/home/fallenxt/...', 15, Array)
#1 /home/fallenxt/public_html/vendor/codeigniter4/framework/system/View/View.php(214): include('/home/fallenxt/...')
#2 /home/fallenxt/public_html/vendor/codeigniter4/framework/system/View/View.php(217): CodeIgniter\View\View->CodeIgniter\View\{closure}()
#3 /home/fallenxt/public_html/vendor/codeigniter4/framework/system/Common.php(1097): CodeIgniter\View\View->render('Player/player_l...', Array, true)
#4 /home/fallenxt/public_html/app/Controllers/Player.php(11): view('Player/player_l...', Array)
#5 /home/fallenxt/public_html/vendor/codeigniter4/framework/system/CodeIgniter.php(824): App\Controllers\Player->index()
#6 /home/fallenxt/public_html/vendor/codeigniter4/framework/system/CodeIgniter.php(410): CodeIgniter\CodeIgniter->runController(Object(App\Controllers\Player))
#7 /home/fallenxt/public_html/vendor/codeigniter4/framework/system/CodeIgniter.php(318): CodeIgniter\CodeIgniter->handleRequest(NULL, Object(Config\Cache), false)
#8 /home/fallenxt/public_html/public/index.php(37): CodeIgniter\CodeIgniter->run()
#9 {main}
CRITICAL - 2022-07-12 16:16:30 --> Undefined variable: player_list
#0 /home/fallenxt/public_html/app/Views/Player/player_list.php(15): CodeIgniter\Debug\Exceptions->errorHandler(8, 'Undefined varia...', '/home/fallenxt/...', 15, Array)
#1 /home/fallenxt/public_html/vendor/codeigniter4/framework/system/View/View.php(214): include('/home/fallenxt/...')
#2 /home/fallenxt/public_html/vendor/codeigniter4/framework/system/View/View.php(217): CodeIgniter\View\View->CodeIgniter\View\{closure}()
#3 /home/fallenxt/public_html/vendor/codeigniter4/framework/system/Common.php(1097): CodeIgniter\View\View->render('Player/player_l...', Array, true)
#4 /home/fallenxt/public_html/app/Controllers/Player.php(11): view('Player/player_l...', Array)
#5 /home/fallenxt/public_html/vendor/codeigniter4/framework/system/CodeIgniter.php(824): App\Controllers\Player->index()
#6 /home/fallenxt/public_html/vendor/codeigniter4/framework/system/CodeIgniter.php(410): CodeIgniter\CodeIgniter->runController(Object(App\Controllers\Player))
#7 /home/fallenxt/public_html/vendor/codeigniter4/framework/system/CodeIgniter.php(318): CodeIgniter\CodeIgniter->handleRequest(NULL, Object(Config\Cache), false)
#8 /home/fallenxt/public_html/public/index.php(37): CodeIgniter\CodeIgniter->run()
#9 {main}
CRITICAL - 2022-07-12 16:16:31 --> Undefined variable: player_list
#0 /home/fallenxt/public_html/app/Views/Player/player_list.php(15): CodeIgniter\Debug\Exceptions->errorHandler(8, 'Undefined varia...', '/home/fallenxt/...', 15, Array)
#1 /home/fallenxt/public_html/vendor/codeigniter4/framework/system/View/View.php(214): include('/home/fallenxt/...')
#2 /home/fallenxt/public_html/vendor/codeigniter4/framework/system/View/View.php(217): CodeIgniter\View\View->CodeIgniter\View\{closure}()
#3 /home/fallenxt/public_html/vendor/codeigniter4/framework/system/Common.php(1097): CodeIgniter\View\View->render('Player/player_l...', Array, true)
#4 /home/fallenxt/public_html/app/Controllers/Player.php(11): view('Player/player_l...', Array)
#5 /home/fallenxt/public_html/vendor/codeigniter4/framework/system/CodeIgniter.php(824): App\Controllers\Player->index()
#6 /home/fallenxt/public_html/vendor/codeigniter4/framework/system/CodeIgniter.php(410): CodeIgniter\CodeIgniter->runController(Object(App\Controllers\Player))
#7 /home/fallenxt/public_html/vendor/codeigniter4/framework/system/CodeIgniter.php(318): CodeIgniter\CodeIgniter->handleRequest(NULL, Object(Config\Cache), false)
#8 /home/fallenxt/public_html/public/index.php(37): CodeIgniter\CodeIgniter->run()
#9 {main}
CRITICAL - 2022-07-12 16:16:31 --> Undefined variable: player_list
#0 /home/fallenxt/public_html/app/Views/Player/player_list.php(15): CodeIgniter\Debug\Exceptions->errorHandler(8, 'Undefined varia...', '/home/fallenxt/...', 15, Array)
#1 /home/fallenxt/public_html/vendor/codeigniter4/framework/system/View/View.php(214): include('/home/fallenxt/...')
#2 /home/fallenxt/public_html/vendor/codeigniter4/framework/system/View/View.php(217): CodeIgniter\View\View->CodeIgniter\View\{closure}()
#3 /home/fallenxt/public_html/vendor/codeigniter4/framework/system/Common.php(1097): CodeIgniter\View\View->render('Player/player_l...', Array, true)
#4 /home/fallenxt/public_html/app/Controllers/Player.php(11): view('Player/player_l...', Array)
#5 /home/fallenxt/public_html/vendor/codeigniter4/framework/system/CodeIgniter.php(824): App\Controllers\Player->index()
#6 /home/fallenxt/public_html/vendor/codeigniter4/framework/system/CodeIgniter.php(410): CodeIgniter\CodeIgniter->runController(Object(App\Controllers\Player))
#7 /home/fallenxt/public_html/vendor/codeigniter4/framework/system/CodeIgniter.php(318): CodeIgniter\CodeIgniter->handleRequest(NULL, Object(Config\Cache), false)
#8 /home/fallenxt/public_html/public/index.php(37): CodeIgniter\CodeIgniter->run()
#9 {main}
CRITICAL - 2022-07-12 16:16:31 --> Undefined variable: player_list
#0 /home/fallenxt/public_html/app/Views/Player/player_list.php(15): CodeIgniter\Debug\Exceptions->errorHandler(8, 'Undefined varia...', '/home/fallenxt/...', 15, Array)
#1 /home/fallenxt/public_html/vendor/codeigniter4/framework/system/View/View.php(214): include('/home/fallenxt/...')
#2 /home/fallenxt/public_html/vendor/codeigniter4/framework/system/View/View.php(217): CodeIgniter\View\View->CodeIgniter\View\{closure}()
#3 /home/fallenxt/public_html/vendor/codeigniter4/framework/system/Common.php(1097): CodeIgniter\View\View->render('Player/player_l...', Array, true)
#4 /home/fallenxt/public_html/app/Controllers/Player.php(11): view('Player/player_l...', Array)
#5 /home/fallenxt/public_html/vendor/codeigniter4/framework/system/CodeIgniter.php(824): App\Controllers\Player->index()
#6 /home/fallenxt/public_html/vendor/codeigniter4/framework/system/CodeIgniter.php(410): CodeIgniter\CodeIgniter->runController(Object(App\Controllers\Player))
#7 /home/fallenxt/public_html/vendor/codeigniter4/framework/system/CodeIgniter.php(318): CodeIgniter\CodeIgniter->handleRequest(NULL, Object(Config\Cache), false)
#8 /home/fallenxt/public_html/public/index.php(37): CodeIgniter\CodeIgniter->run()
#9 {main}
CRITICAL - 2022-07-12 16:16:31 --> Undefined variable: player_list
#0 /home/fallenxt/public_html/app/Views/Player/player_list.php(15): CodeIgniter\Debug\Exceptions->errorHandler(8, 'Undefined varia...', '/home/fallenxt/...', 15, Array)
#1 /home/fallenxt/public_html/vendor/codeigniter4/framework/system/View/View.php(214): include('/home/fallenxt/...')
#2 /home/fallenxt/public_html/vendor/codeigniter4/framework/system/View/View.php(217): CodeIgniter\View\View->CodeIgniter\View\{closure}()
#3 /home/fallenxt/public_html/vendor/codeigniter4/framework/system/Common.php(1097): CodeIgniter\View\View->render('Player/player_l...', Array, true)
#4 /home/fallenxt/public_html/app/Controllers/Player.php(11): view('Player/player_l...', Array)
#5 /home/fallenxt/public_html/vendor/codeigniter4/framework/system/CodeIgniter.php(824): App\Controllers\Player->index()
#6 /home/fallenxt/public_html/vendor/codeigniter4/framework/system/CodeIgniter.php(410): CodeIgniter\CodeIgniter->runController(Object(App\Controllers\Player))
#7 /home/fallenxt/public_html/vendor/codeigniter4/framework/system/CodeIgniter.php(318): CodeIgniter\CodeIgniter->handleRequest(NULL, Object(Config\Cache), false)
#8 /home/fallenxt/public_html/public/index.php(37): CodeIgniter\CodeIgniter->run()
#9 {main}
CRITICAL - 2022-07-12 16:16:32 --> Undefined variable: player_list
#0 /home/fallenxt/public_html/app/Views/Player/player_list.php(15): CodeIgniter\Debug\Exceptions->errorHandler(8, 'Undefined varia...', '/home/fallenxt/...', 15, Array)
#1 /home/fallenxt/public_html/vendor/codeigniter4/framework/system/View/View.php(214): include('/home/fallenxt/...')
#2 /home/fallenxt/public_html/vendor/codeigniter4/framework/system/View/View.php(217): CodeIgniter\View\View->CodeIgniter\View\{closure}()
#3 /home/fallenxt/public_html/vendor/codeigniter4/framework/system/Common.php(1097): CodeIgniter\View\View->render('Player/player_l...', Array, true)
#4 /home/fallenxt/public_html/app/Controllers/Player.php(11): view('Player/player_l...', Array)
#5 /home/fallenxt/public_html/vendor/codeigniter4/framework/system/CodeIgniter.php(824): App\Controllers\Player->index()
#6 /home/fallenxt/public_html/vendor/codeigniter4/framework/system/CodeIgniter.php(410): CodeIgniter\CodeIgniter->runController(Object(App\Controllers\Player))
#7 /home/fallenxt/public_html/vendor/codeigniter4/framework/system/CodeIgniter.php(318): CodeIgniter\CodeIgniter->handleRequest(NULL, Object(Config\Cache), false)
#8 /home/fallenxt/public_html/public/index.php(37): CodeIgniter\CodeIgniter->run()
#9 {main}
CRITICAL - 2022-07-12 16:16:32 --> Undefined variable: player_list
#0 /home/fallenxt/public_html/app/Views/Player/player_list.php(15): CodeIgniter\Debug\Exceptions->errorHandler(8, 'Undefined varia...', '/home/fallenxt/...', 15, Array)
#1 /home/fallenxt/public_html/vendor/codeigniter4/framework/system/View/View.php(214): include('/home/fallenxt/...')
#2 /home/fallenxt/public_html/vendor/codeigniter4/framework/system/View/View.php(217): CodeIgniter\View\View->CodeIgniter\View\{closure}()
#3 /home/fallenxt/public_html/vendor/codeigniter4/framework/system/Common.php(1097): CodeIgniter\View\View->render('Player/player_l...', Array, true)
#4 /home/fallenxt/public_html/app/Controllers/Player.php(11): view('Player/player_l...', Array)
#5 /home/fallenxt/public_html/vendor/codeigniter4/framework/system/CodeIgniter.php(824): App\Controllers\Player->index()
#6 /home/fallenxt/public_html/vendor/codeigniter4/framework/system/CodeIgniter.php(410): CodeIgniter\CodeIgniter->runController(Object(App\Controllers\Player))
#7 /home/fallenxt/public_html/vendor/codeigniter4/framework/system/CodeIgniter.php(318): CodeIgniter\CodeIgniter->handleRequest(NULL, Object(Config\Cache), false)
#8 /home/fallenxt/public_html/public/index.php(37): CodeIgniter\CodeIgniter->run()
#9 {main}
CRITICAL - 2022-07-12 16:16:33 --> Undefined variable: player_list
#0 /home/fallenxt/public_html/app/Views/Player/player_list.php(15): CodeIgniter\Debug\Exceptions->errorHandler(8, 'Undefined varia...', '/home/fallenxt/...', 15, Array)
#1 /home/fallenxt/public_html/vendor/codeigniter4/framework/system/View/View.php(214): include('/home/fallenxt/...')
#2 /home/fallenxt/public_html/vendor/codeigniter4/framework/system/View/View.php(217): CodeIgniter\View\View->CodeIgniter\View\{closure}()
#3 /home/fallenxt/public_html/vendor/codeigniter4/framework/system/Common.php(1097): CodeIgniter\View\View->render('Player/player_l...', Array, true)
#4 /home/fallenxt/public_html/app/Controllers/Player.php(11): view('Player/player_l...', Array)
#5 /home/fallenxt/public_html/vendor/codeigniter4/framework/system/CodeIgniter.php(824): App\Controllers\Player->index()
#6 /home/fallenxt/public_html/vendor/codeigniter4/framework/system/CodeIgniter.php(410): CodeIgniter\CodeIgniter->runController(Object(App\Controllers\Player))
#7 /home/fallenxt/public_html/vendor/codeigniter4/framework/system/CodeIgniter.php(318): CodeIgniter\CodeIgniter->handleRequest(NULL, Object(Config\Cache), false)
#8 /home/fallenxt/public_html/public/index.php(37): CodeIgniter\CodeIgniter->run()
#9 {main}
CRITICAL - 2022-07-12 16:16:33 --> Undefined variable: player_list
#0 /home/fallenxt/public_html/app/Views/Player/player_list.php(15): CodeIgniter\Debug\Exceptions->errorHandler(8, 'Undefined varia...', '/home/fallenxt/...', 15, Array)
#1 /home/fallenxt/public_html/vendor/codeigniter4/framework/system/View/View.php(214): include('/home/fallenxt/...')
#2 /home/fallenxt/public_html/vendor/codeigniter4/framework/system/View/View.php(217): CodeIgniter\View\View->CodeIgniter\View\{closure}()
#3 /home/fallenxt/public_html/vendor/codeigniter4/framework/system/Common.php(1097): CodeIgniter\View\View->render('Player/player_l...', Array, true)
#4 /home/fallenxt/public_html/app/Controllers/Player.php(11): view('Player/player_l...', Array)
#5 /home/fallenxt/public_html/vendor/codeigniter4/framework/system/CodeIgniter.php(824): App\Controllers\Player->index()
#6 /home/fallenxt/public_html/vendor/codeigniter4/framework/system/CodeIgniter.php(410): CodeIgniter\CodeIgniter->runController(Object(App\Controllers\Player))
#7 /home/fallenxt/public_html/vendor/codeigniter4/framework/system/CodeIgniter.php(318): CodeIgniter\CodeIgniter->handleRequest(NULL, Object(Config\Cache), false)
#8 /home/fallenxt/public_html/public/index.php(37): CodeIgniter\CodeIgniter->run()
#9 {main}
CRITICAL - 2022-07-12 16:17:16 --> Use of undefined constant player_list - assumed 'player_list' (this will throw an Error in a future version of PHP)
#0 /home/fallenxt/public_html/app/Controllers/Player.php(10): CodeIgniter\Debug\Exceptions->errorHandler(2, 'Use of undefine...', '/home/fallenxt/...', 10, Array)
#1 /home/fallenxt/public_html/vendor/codeigniter4/framework/system/CodeIgniter.php(824): App\Controllers\Player->index()
#2 /home/fallenxt/public_html/vendor/codeigniter4/framework/system/CodeIgniter.php(410): CodeIgniter\CodeIgniter->runController(Object(App\Controllers\Player))
#3 /home/fallenxt/public_html/vendor/codeigniter4/framework/system/CodeIgniter.php(318): CodeIgniter\CodeIgniter->handleRequest(NULL, Object(Config\Cache), false)
#4 /home/fallenxt/public_html/public/index.php(37): CodeIgniter\CodeIgniter->run()
#5 {main}
CRITICAL - 2022-07-12 16:17:44 --> Trying to get property 'name' of non-object
#0 /home/fallenxt/public_html/app/Views/Player/player_list.php(19): CodeIgniter\Debug\Exceptions->errorHandler(8, 'Trying to get p...', '/home/fallenxt/...', 19, Array)
#1 /home/fallenxt/public_html/vendor/codeigniter4/framework/system/View/View.php(214): include('/home/fallenxt/...')
#2 /home/fallenxt/public_html/vendor/codeigniter4/framework/system/View/View.php(217): CodeIgniter\View\View->CodeIgniter\View\{closure}()
#3 /home/fallenxt/public_html/vendor/codeigniter4/framework/system/Common.php(1097): CodeIgniter\View\View->render('Player/player_l...', Array, true)
#4 /home/fallenxt/public_html/app/Controllers/Player.php(11): view('Player/player_l...', Array)
#5 /home/fallenxt/public_html/vendor/codeigniter4/framework/system/CodeIgniter.php(824): App\Controllers\Player->index()
#6 /home/fallenxt/public_html/vendor/codeigniter4/framework/system/CodeIgniter.php(410): CodeIgniter\CodeIgniter->runController(Object(App\Controllers\Player))
#7 /home/fallenxt/public_html/vendor/codeigniter4/framework/system/CodeIgniter.php(318): CodeIgniter\CodeIgniter->handleRequest(NULL, Object(Config\Cache), false)
#8 /home/fallenxt/public_html/public/index.php(37): CodeIgniter\CodeIgniter->run()
#9 {main}
CRITICAL - 2022-07-12 16:17:45 --> Trying to get property 'name' of non-object
#0 /home/fallenxt/public_html/app/Views/Player/player_list.php(19): CodeIgniter\Debug\Exceptions->errorHandler(8, 'Trying to get p...', '/home/fallenxt/...', 19, Array)
#1 /home/fallenxt/public_html/vendor/codeigniter4/framework/system/View/View.php(214): include('/home/fallenxt/...')
#2 /home/fallenxt/public_html/vendor/codeigniter4/framework/system/View/View.php(217): CodeIgniter\View\View->CodeIgniter\View\{closure}()
#3 /home/fallenxt/public_html/vendor/codeigniter4/framework/system/Common.php(1097): CodeIgniter\View\View->render('Player/player_l...', Array, true)
#4 /home/fallenxt/public_html/app/Controllers/Player.php(11): view('Player/player_l...', Array)
#5 /home/fallenxt/public_html/vendor/codeigniter4/framework/system/CodeIgniter.php(824): App\Controllers\Player->index()
#6 /home/fallenxt/public_html/vendor/codeigniter4/framework/system/CodeIgniter.php(410): CodeIgniter\CodeIgniter->runController(Object(App\Controllers\Player))
#7 /home/fallenxt/public_html/vendor/codeigniter4/framework/system/CodeIgniter.php(318): CodeIgniter\CodeIgniter->handleRequest(NULL, Object(Config\Cache), false)
#8 /home/fallenxt/public_html/public/index.php(37): CodeIgniter\CodeIgniter->run()
#9 {main}
CRITICAL - 2022-07-12 16:19:22 --> Trying to get property 'name' of non-object
#0 /home/fallenxt/public_html/app/Views/Player/player_list.php(21): CodeIgniter\Debug\Exceptions->errorHandler(8, 'Trying to get p...', '/home/fallenxt/...', 21, Array)
#1 /home/fallenxt/public_html/vendor/codeigniter4/framework/system/View/View.php(214): include('/home/fallenxt/...')
#2 /home/fallenxt/public_html/vendor/codeigniter4/framework/system/View/View.php(217): CodeIgniter\View\View->CodeIgniter\View\{closure}()
#3 /home/fallenxt/public_html/vendor/codeigniter4/framework/system/Common.php(1097): CodeIgniter\View\View->render('Player/player_l...', Array, true)
#4 /home/fallenxt/public_html/app/Controllers/Player.php(11): view('Player/player_l...', Array)
#5 /home/fallenxt/public_html/vendor/codeigniter4/framework/system/CodeIgniter.php(824): App\Controllers\Player->index()
#6 /home/fallenxt/public_html/vendor/codeigniter4/framework/system/CodeIgniter.php(410): CodeIgniter\CodeIgniter->runController(Object(App\Controllers\Player))
#7 /home/fallenxt/public_html/vendor/codeigniter4/framework/system/CodeIgniter.php(318): CodeIgniter\CodeIgniter->handleRequest(NULL, Object(Config\Cache), false)
#8 /home/fallenxt/public_html/public/index.php(37): CodeIgniter\CodeIgniter->run()
#9 {main}
CRITICAL - 2022-07-12 16:19:23 --> Trying to get property 'name' of non-object
#0 /home/fallenxt/public_html/app/Views/Player/player_list.php(21): CodeIgniter\Debug\Exceptions->errorHandler(8, 'Trying to get p...', '/home/fallenxt/...', 21, Array)
#1 /home/fallenxt/public_html/vendor/codeigniter4/framework/system/View/View.php(214): include('/home/fallenxt/...')
#2 /home/fallenxt/public_html/vendor/codeigniter4/framework/system/View/View.php(217): CodeIgniter\View\View->CodeIgniter\View\{closure}()
#3 /home/fallenxt/public_html/vendor/codeigniter4/framework/system/Common.php(1097): CodeIgniter\View\View->render('Player/player_l...', Array, true)
#4 /home/fallenxt/public_html/app/Controllers/Player.php(11): view('Player/player_l...', Array)
#5 /home/fallenxt/public_html/vendor/codeigniter4/framework/system/CodeIgniter.php(824): App\Controllers\Player->index()
#6 /home/fallenxt/public_html/vendor/codeigniter4/framework/system/CodeIgniter.php(410): CodeIgniter\CodeIgniter->runController(Object(App\Controllers\Player))
#7 /home/fallenxt/public_html/vendor/codeigniter4/framework/system/CodeIgniter.php(318): CodeIgniter\CodeIgniter->handleRequest(NULL, Object(Config\Cache), false)
#8 /home/fallenxt/public_html/public/index.php(37): CodeIgniter\CodeIgniter->run()
#9 {main}
CRITICAL - 2022-07-12 16:19:41 --> Undefined variable: players
#0 /home/fallenxt/public_html/app/Views/Player/player_list.php(25): CodeIgniter\Debug\Exceptions->errorHandler(8, 'Undefined varia...', '/home/fallenxt/...', 25, Array)
#1 /home/fallenxt/public_html/vendor/codeigniter4/framework/system/View/View.php(214): include('/home/fallenxt/...')
#2 /home/fallenxt/public_html/vendor/codeigniter4/framework/system/View/View.php(217): CodeIgniter\View\View->CodeIgniter\View\{closure}()
#3 /home/fallenxt/public_html/vendor/codeigniter4/framework/system/Common.php(1097): CodeIgniter\View\View->render('Player/player_l...', Array, true)
#4 /home/fallenxt/public_html/app/Controllers/Player.php(11): view('Player/player_l...', Array)
#5 /home/fallenxt/public_html/vendor/codeigniter4/framework/system/CodeIgniter.php(824): App\Controllers\Player->index()
#6 /home/fallenxt/public_html/vendor/codeigniter4/framework/system/CodeIgniter.php(410): CodeIgniter\CodeIgniter->runController(Object(App\Controllers\Player))
#7 /home/fallenxt/public_html/vendor/codeigniter4/framework/system/CodeIgniter.php(318): CodeIgniter\CodeIgniter->handleRequest(NULL, Object(Config\Cache), false)
#8 /home/fallenxt/public_html/public/index.php(37): CodeIgniter\CodeIgniter->run()
#9 {main}
CRITICAL - 2022-07-12 16:19:59 --> syntax error, unexpected 'else' (T_ELSE), expecting end of file
#0 /home/fallenxt/public_html/vendor/codeigniter4/framework/system/View/View.php(217): CodeIgniter\View\View->CodeIgniter\View\{closure}()
#1 /home/fallenxt/public_html/vendor/codeigniter4/framework/system/Common.php(1097): CodeIgniter\View\View->render('Player/player_l...', Array, true)
#2 /home/fallenxt/public_html/app/Controllers/Player.php(11): view('Player/player_l...', Array)
#3 /home/fallenxt/public_html/vendor/codeigniter4/framework/system/CodeIgniter.php(824): App\Controllers\Player->index()
#4 /home/fallenxt/public_html/vendor/codeigniter4/framework/system/CodeIgniter.php(410): CodeIgniter\CodeIgniter->runController(Object(App\Controllers\Player))
#5 /home/fallenxt/public_html/vendor/codeigniter4/framework/system/CodeIgniter.php(318): CodeIgniter\CodeIgniter->handleRequest(NULL, Object(Config\Cache), false)
#6 /home/fallenxt/public_html/public/index.php(37): CodeIgniter\CodeIgniter->run()
#7 {main}
CRITICAL - 2022-07-12 16:20:12 --> Undefined variable: players
#0 /home/fallenxt/public_html/app/Views/Player/player_list.php(27): CodeIgniter\Debug\Exceptions->errorHandler(8, 'Undefined varia...', '/home/fallenxt/...', 27, Array)
#1 /home/fallenxt/public_html/vendor/codeigniter4/framework/system/View/View.php(214): include('/home/fallenxt/...')
#2 /home/fallenxt/public_html/vendor/codeigniter4/framework/system/View/View.php(217): CodeIgniter\View\View->CodeIgniter\View\{closure}()
#3 /home/fallenxt/public_html/vendor/codeigniter4/framework/system/Common.php(1097): CodeIgniter\View\View->render('Player/player_l...', Array, true)
#4 /home/fallenxt/public_html/app/Controllers/Player.php(11): view('Player/player_l...', Array)
#5 /home/fallenxt/public_html/vendor/codeigniter4/framework/system/CodeIgniter.php(824): App\Controllers\Player->index()
#6 /home/fallenxt/public_html/vendor/codeigniter4/framework/system/CodeIgniter.php(410): CodeIgniter\CodeIgniter->runController(Object(App\Controllers\Player))
#7 /home/fallenxt/public_html/vendor/codeigniter4/framework/system/CodeIgniter.php(318): CodeIgniter\CodeIgniter->handleRequest(NULL, Object(Config\Cache), false)
#8 /home/fallenxt/public_html/public/index.php(37): CodeIgniter\CodeIgniter->run()
#9 {main}
CRITICAL - 2022-07-12 16:20:50 --> Use of undefined constant php - assumed 'php' (this will throw an Error in a future version of PHP)
#0 /home/fallenxt/public_html/app/Views/Player/player_list.php(33): CodeIgniter\Debug\Exceptions->errorHandler(2, 'Use of undefine...', '/home/fallenxt/...', 33, Array)
#1 /home/fallenxt/public_html/vendor/codeigniter4/framework/system/View/View.php(214): include('/home/fallenxt/...')
#2 /home/fallenxt/public_html/vendor/codeigniter4/framework/system/View/View.php(217): CodeIgniter\View\View->CodeIgniter\View\{closure}()
#3 /home/fallenxt/public_html/vendor/codeigniter4/framework/system/Common.php(1097): CodeIgniter\View\View->render('Player/player_l...', Array, true)
#4 /home/fallenxt/public_html/app/Controllers/Player.php(11): view('Player/player_l...', Array)
#5 /home/fallenxt/public_html/vendor/codeigniter4/framework/system/CodeIgniter.php(824): App\Controllers\Player->index()
#6 /home/fallenxt/public_html/vendor/codeigniter4/framework/system/CodeIgniter.php(410): CodeIgniter\CodeIgniter->runController(Object(App\Controllers\Player))
#7 /home/fallenxt/public_html/vendor/codeigniter4/framework/system/CodeIgniter.php(318): CodeIgniter\CodeIgniter->handleRequest(NULL, Object(Config\Cache), false)
#8 /home/fallenxt/public_html/public/index.php(37): CodeIgniter\CodeIgniter->run()
#9 {main}
CRITICAL - 2022-07-12 16:26:13 --> Undefined variable: user
#0 /home/fallenxt/public_html/app/Views/Layout/Header.php(37): CodeIgniter\Debug\Exceptions->errorHandler(8, 'Undefined varia...', '/home/fallenxt/...', 37, Array)
#1 /home/fallenxt/public_html/vendor/codeigniter4/framework/system/View/View.php(214): include('/home/fallenxt/...')
#2 /home/fallenxt/public_html/vendor/codeigniter4/framework/system/View/View.php(217): CodeIgniter\View\View->CodeIgniter\View\{closure}()
#3 /home/fallenxt/public_html/vendor/codeigniter4/framework/system/View/View.php(432): CodeIgniter\View\View->render('Layout/Header', NULL, true)
#4 /home/fallenxt/public_html/app/Views/Layout/Starter.php(25): CodeIgniter\View\View->include('Layout/Header')
#5 /home/fallenxt/public_html/vendor/codeigniter4/framework/system/View/View.php(214): include('/home/fallenxt/...')
#6 /home/fallenxt/public_html/vendor/codeigniter4/framework/system/View/View.php(217): CodeIgniter\View\View->CodeIgniter\View\{closure}()
#7 /home/fallenxt/public_html/vendor/codeigniter4/framework/system/View/View.php(230): CodeIgniter\View\View->render('Layout/Starter', Array, true)
#8 /home/fallenxt/public_html/vendor/codeigniter4/framework/system/Common.php(1097): CodeIgniter\View\View->render('Player/player_l...', Array, true)
#9 /home/fallenxt/public_html/app/Controllers/Player.php(11): view('Player/player_l...', Array)
#10 /home/fallenxt/public_html/vendor/codeigniter4/framework/system/CodeIgniter.php(824): App\Controllers\Player->index()
#11 /home/fallenxt/public_html/vendor/codeigniter4/framework/system/CodeIgniter.php(410): CodeIgniter\CodeIgniter->runController(Object(App\Controllers\Player))
#12 /home/fallenxt/public_html/vendor/codeigniter4/framework/system/CodeIgniter.php(318): CodeIgniter\CodeIgniter->handleRequest(NULL, Object(Config\Cache), false)
#13 /home/fallenxt/public_html/public/index.php(37): CodeIgniter\CodeIgniter->run()
#14 {main}
CRITICAL - 2022-07-12 16:26:15 --> Undefined variable: user
#0 /home/fallenxt/public_html/app/Views/Layout/Header.php(37): CodeIgniter\Debug\Exceptions->errorHandler(8, 'Undefined varia...', '/home/fallenxt/...', 37, Array)
#1 /home/fallenxt/public_html/vendor/codeigniter4/framework/system/View/View.php(214): include('/home/fallenxt/...')
#2 /home/fallenxt/public_html/vendor/codeigniter4/framework/system/View/View.php(217): CodeIgniter\View\View->CodeIgniter\View\{closure}()
#3 /home/fallenxt/public_html/vendor/codeigniter4/framework/system/View/View.php(432): CodeIgniter\View\View->render('Layout/Header', NULL, true)
#4 /home/fallenxt/public_html/app/Views/Layout/Starter.php(25): CodeIgniter\View\View->include('Layout/Header')
#5 /home/fallenxt/public_html/vendor/codeigniter4/framework/system/View/View.php(214): include('/home/fallenxt/...')
#6 /home/fallenxt/public_html/vendor/codeigniter4/framework/system/View/View.php(217): CodeIgniter\View\View->CodeIgniter\View\{closure}()
#7 /home/fallenxt/public_html/vendor/codeigniter4/framework/system/View/View.php(230): CodeIgniter\View\View->render('Layout/Starter', Array, true)
#8 /home/fallenxt/public_html/vendor/codeigniter4/framework/system/Common.php(1097): CodeIgniter\View\View->render('Player/player_l...', Array, true)
#9 /home/fallenxt/public_html/app/Controllers/Player.php(11): view('Player/player_l...', Array)
#10 /home/fallenxt/public_html/vendor/codeigniter4/framework/system/CodeIgniter.php(824): App\Controllers\Player->index()
#11 /home/fallenxt/public_html/vendor/codeigniter4/framework/system/CodeIgniter.php(410): CodeIgniter\CodeIgniter->runController(Object(App\Controllers\Player))
#12 /home/fallenxt/public_html/vendor/codeigniter4/framework/system/CodeIgniter.php(318): CodeIgniter\CodeIgniter->handleRequest(NULL, Object(Config\Cache), false)
#13 /home/fallenxt/public_html/public/index.php(37): CodeIgniter\CodeIgniter->run()
#14 {main}
CRITICAL - 2022-07-12 16:27:00 --> Undefined variable: user
#0 /home/fallenxt/public_html/app/Views/Layout/Header.php(37): CodeIgniter\Debug\Exceptions->errorHandler(8, 'Undefined varia...', '/home/fallenxt/...', 37, Array)
#1 /home/fallenxt/public_html/vendor/codeigniter4/framework/system/View/View.php(214): include('/home/fallenxt/...')
#2 /home/fallenxt/public_html/vendor/codeigniter4/framework/system/View/View.php(217): CodeIgniter\View\View->CodeIgniter\View\{closure}()
#3 /home/fallenxt/public_html/vendor/codeigniter4/framework/system/View/View.php(432): CodeIgniter\View\View->render('Layout/Header', NULL, true)
#4 /home/fallenxt/public_html/app/Views/Layout/Starter.php(25): CodeIgniter\View\View->include('Layout/Header')
#5 /home/fallenxt/public_html/vendor/codeigniter4/framework/system/View/View.php(214): include('/home/fallenxt/...')
#6 /home/fallenxt/public_html/vendor/codeigniter4/framework/system/View/View.php(217): CodeIgniter\View\View->CodeIgniter\View\{closure}()
#7 /home/fallenxt/public_html/vendor/codeigniter4/framework/system/View/View.php(230): CodeIgniter\View\View->render('Layout/Starter', Array, true)
#8 /home/fallenxt/public_html/vendor/codeigniter4/framework/system/Common.php(1097): CodeIgniter\View\View->render('Player/player_l...', Array, true)
#9 /home/fallenxt/public_html/app/Controllers/Player.php(11): view('Player/player_l...', Array)
#10 /home/fallenxt/public_html/vendor/codeigniter4/framework/system/CodeIgniter.php(824): App\Controllers\Player->index()
#11 /home/fallenxt/public_html/vendor/codeigniter4/framework/system/CodeIgniter.php(410): CodeIgniter\CodeIgniter->runController(Object(App\Controllers\Player))
#12 /home/fallenxt/public_html/vendor/codeigniter4/framework/system/CodeIgniter.php(318): CodeIgniter\CodeIgniter->handleRequest(NULL, Object(Config\Cache), false)
#13 /home/fallenxt/public_html/public/index.php(37): CodeIgniter\CodeIgniter->run()
#14 {main}
CRITICAL - 2022-07-12 16:27:09 --> Undefined variable: user
#0 /home/fallenxt/public_html/app/Views/Layout/Header.php(37): CodeIgniter\Debug\Exceptions->errorHandler(8, 'Undefined varia...', '/home/fallenxt/...', 37, Array)
#1 /home/fallenxt/public_html/vendor/codeigniter4/framework/system/View/View.php(214): include('/home/fallenxt/...')
#2 /home/fallenxt/public_html/vendor/codeigniter4/framework/system/View/View.php(217): CodeIgniter\View\View->CodeIgniter\View\{closure}()
#3 /home/fallenxt/public_html/vendor/codeigniter4/framework/system/View/View.php(432): CodeIgniter\View\View->render('Layout/Header', NULL, true)
#4 /home/fallenxt/public_html/app/Views/Layout/Starter.php(25): CodeIgniter\View\View->include('Layout/Header')
#5 /home/fallenxt/public_html/vendor/codeigniter4/framework/system/View/View.php(214): include('/home/fallenxt/...')
#6 /home/fallenxt/public_html/vendor/codeigniter4/framework/system/View/View.php(217): CodeIgniter\View\View->CodeIgniter\View\{closure}()
#7 /home/fallenxt/public_html/vendor/codeigniter4/framework/system/View/View.php(230): CodeIgniter\View\View->render('Layout/Starter', Array, true)
#8 /home/fallenxt/public_html/vendor/codeigniter4/framework/system/Common.php(1097): CodeIgniter\View\View->render('Player/player_l...', Array, true)
#9 /home/fallenxt/public_html/app/Controllers/Player.php(11): view('Player/player_l...', Array)
#10 /home/fallenxt/public_html/vendor/codeigniter4/framework/system/CodeIgniter.php(824): App\Controllers\Player->index()
#11 /home/fallenxt/public_html/vendor/codeigniter4/framework/system/CodeIgniter.php(410): CodeIgniter\CodeIgniter->runController(Object(App\Controllers\Player))
#12 /home/fallenxt/public_html/vendor/codeigniter4/framework/system/CodeIgniter.php(318): CodeIgniter\CodeIgniter->handleRequest(NULL, Object(Config\Cache), false)
#13 /home/fallenxt/public_html/public/index.php(37): CodeIgniter\CodeIgniter->run()
#14 {main}
CRITICAL - 2022-07-12 16:28:03 --> Undefined variable: user
#0 /home/fallenxt/public_html/app/Views/Layout/Header.php(37): CodeIgniter\Debug\Exceptions->errorHandler(8, 'Undefined varia...', '/home/fallenxt/...', 37, Array)
#1 /home/fallenxt/public_html/vendor/codeigniter4/framework/system/View/View.php(214): include('/home/fallenxt/...')
#2 /home/fallenxt/public_html/vendor/codeigniter4/framework/system/View/View.php(217): CodeIgniter\View\View->CodeIgniter\View\{closure}()
#3 /home/fallenxt/public_html/vendor/codeigniter4/framework/system/View/View.php(230): CodeIgniter\View\View->render('Layout/Header', Array, true)
#4 /home/fallenxt/public_html/vendor/codeigniter4/framework/system/Common.php(1097): CodeIgniter\View\View->render('Player/player_l...', Array, true)
#5 /home/fallenxt/public_html/app/Controllers/Player.php(11): view('Player/player_l...', Array)
#6 /home/fallenxt/public_html/vendor/codeigniter4/framework/system/CodeIgniter.php(824): App\Controllers\Player->index()
#7 /home/fallenxt/public_html/vendor/codeigniter4/framework/system/CodeIgniter.php(410): CodeIgniter\CodeIgniter->runController(Object(App\Controllers\Player))
#8 /home/fallenxt/public_html/vendor/codeigniter4/framework/system/CodeIgniter.php(318): CodeIgniter\CodeIgniter->handleRequest(NULL, Object(Config\Cache), false)
#9 /home/fallenxt/public_html/public/index.php(37): CodeIgniter\CodeIgniter->run()
#10 {main}
CRITICAL - 2022-07-12 16:28:04 --> Undefined variable: user
#0 /home/fallenxt/public_html/app/Views/Layout/Header.php(37): CodeIgniter\Debug\Exceptions->errorHandler(8, 'Undefined varia...', '/home/fallenxt/...', 37, Array)
#1 /home/fallenxt/public_html/vendor/codeigniter4/framework/system/View/View.php(214): include('/home/fallenxt/...')
#2 /home/fallenxt/public_html/vendor/codeigniter4/framework/system/View/View.php(217): CodeIgniter\View\View->CodeIgniter\View\{closure}()
#3 /home/fallenxt/public_html/vendor/codeigniter4/framework/system/View/View.php(230): CodeIgniter\View\View->render('Layout/Header', Array, true)
#4 /home/fallenxt/public_html/vendor/codeigniter4/framework/system/Common.php(1097): CodeIgniter\View\View->render('Player/player_l...', Array, true)
#5 /home/fallenxt/public_html/app/Controllers/Player.php(11): view('Player/player_l...', Array)
#6 /home/fallenxt/public_html/vendor/codeigniter4/framework/system/CodeIgniter.php(824): App\Controllers\Player->index()
#7 /home/fallenxt/public_html/vendor/codeigniter4/framework/system/CodeIgniter.php(410): CodeIgniter\CodeIgniter->runController(Object(App\Controllers\Player))
#8 /home/fallenxt/public_html/vendor/codeigniter4/framework/system/CodeIgniter.php(318): CodeIgniter\CodeIgniter->handleRequest(NULL, Object(Config\Cache), false)
#9 /home/fallenxt/public_html/public/index.php(37): CodeIgniter\CodeIgniter->run()
#10 {main}
CRITICAL - 2022-07-12 16:28:04 --> Undefined variable: user
#0 /home/fallenxt/public_html/app/Views/Layout/Header.php(37): CodeIgniter\Debug\Exceptions->errorHandler(8, 'Undefined varia...', '/home/fallenxt/...', 37, Array)
#1 /home/fallenxt/public_html/vendor/codeigniter4/framework/system/View/View.php(214): include('/home/fallenxt/...')
#2 /home/fallenxt/public_html/vendor/codeigniter4/framework/system/View/View.php(217): CodeIgniter\View\View->CodeIgniter\View\{closure}()
#3 /home/fallenxt/public_html/vendor/codeigniter4/framework/system/View/View.php(230): CodeIgniter\View\View->render('Layout/Header', Array, true)
#4 /home/fallenxt/public_html/vendor/codeigniter4/framework/system/Common.php(1097): CodeIgniter\View\View->render('Player/player_l...', Array, true)
#5 /home/fallenxt/public_html/app/Controllers/Player.php(11): view('Player/player_l...', Array)
#6 /home/fallenxt/public_html/vendor/codeigniter4/framework/system/CodeIgniter.php(824): App\Controllers\Player->index()
#7 /home/fallenxt/public_html/vendor/codeigniter4/framework/system/CodeIgniter.php(410): CodeIgniter\CodeIgniter->runController(Object(App\Controllers\Player))
#8 /home/fallenxt/public_html/vendor/codeigniter4/framework/system/CodeIgniter.php(318): CodeIgniter\CodeIgniter->handleRequest(NULL, Object(Config\Cache), false)
#9 /home/fallenxt/public_html/public/index.php(37): CodeIgniter\CodeIgniter->run()
#10 {main}
CRITICAL - 2022-07-12 16:28:04 --> Undefined variable: user
#0 /home/fallenxt/public_html/app/Views/Layout/Header.php(37): CodeIgniter\Debug\Exceptions->errorHandler(8, 'Undefined varia...', '/home/fallenxt/...', 37, Array)
#1 /home/fallenxt/public_html/vendor/codeigniter4/framework/system/View/View.php(214): include('/home/fallenxt/...')
#2 /home/fallenxt/public_html/vendor/codeigniter4/framework/system/View/View.php(217): CodeIgniter\View\View->CodeIgniter\View\{closure}()
#3 /home/fallenxt/public_html/vendor/codeigniter4/framework/system/View/View.php(230): CodeIgniter\View\View->render('Layout/Header', Array, true)
#4 /home/fallenxt/public_html/vendor/codeigniter4/framework/system/Common.php(1097): CodeIgniter\View\View->render('Player/player_l...', Array, true)
#5 /home/fallenxt/public_html/app/Controllers/Player.php(11): view('Player/player_l...', Array)
#6 /home/fallenxt/public_html/vendor/codeigniter4/framework/system/CodeIgniter.php(824): App\Controllers\Player->index()
#7 /home/fallenxt/public_html/vendor/codeigniter4/framework/system/CodeIgniter.php(410): CodeIgniter\CodeIgniter->runController(Object(App\Controllers\Player))
#8 /home/fallenxt/public_html/vendor/codeigniter4/framework/system/CodeIgniter.php(318): CodeIgniter\CodeIgniter->handleRequest(NULL, Object(Config\Cache), false)
#9 /home/fallenxt/public_html/public/index.php(37): CodeIgniter\CodeIgniter->run()
#10 {main}
CRITICAL - 2022-07-12 16:28:04 --> Undefined variable: user
#0 /home/fallenxt/public_html/app/Views/Layout/Header.php(37): CodeIgniter\Debug\Exceptions->errorHandler(8, 'Undefined varia...', '/home/fallenxt/...', 37, Array)
#1 /home/fallenxt/public_html/vendor/codeigniter4/framework/system/View/View.php(214): include('/home/fallenxt/...')
#2 /home/fallenxt/public_html/vendor/codeigniter4/framework/system/View/View.php(217): CodeIgniter\View\View->CodeIgniter\View\{closure}()
#3 /home/fallenxt/public_html/vendor/codeigniter4/framework/system/View/View.php(230): CodeIgniter\View\View->render('Layout/Header', Array, true)
#4 /home/fallenxt/public_html/vendor/codeigniter4/framework/system/Common.php(1097): CodeIgniter\View\View->render('Player/player_l...', Array, true)
#5 /home/fallenxt/public_html/app/Controllers/Player.php(11): view('Player/player_l...', Array)
#6 /home/fallenxt/public_html/vendor/codeigniter4/framework/system/CodeIgniter.php(824): App\Controllers\Player->index()
#7 /home/fallenxt/public_html/vendor/codeigniter4/framework/system/CodeIgniter.php(410): CodeIgniter\CodeIgniter->runController(Object(App\Controllers\Player))
#8 /home/fallenxt/public_html/vendor/codeigniter4/framework/system/CodeIgniter.php(318): CodeIgniter\CodeIgniter->handleRequest(NULL, Object(Config\Cache), false)
#9 /home/fallenxt/public_html/public/index.php(37): CodeIgniter\CodeIgniter->run()
#10 {main}
CRITICAL - 2022-07-12 16:28:04 --> Undefined variable: user
#0 /home/fallenxt/public_html/app/Views/Layout/Header.php(37): CodeIgniter\Debug\Exceptions->errorHandler(8, 'Undefined varia...', '/home/fallenxt/...', 37, Array)
#1 /home/fallenxt/public_html/vendor/codeigniter4/framework/system/View/View.php(214): include('/home/fallenxt/...')
#2 /home/fallenxt/public_html/vendor/codeigniter4/framework/system/View/View.php(217): CodeIgniter\View\View->CodeIgniter\View\{closure}()
#3 /home/fallenxt/public_html/vendor/codeigniter4/framework/system/View/View.php(230): CodeIgniter\View\View->render('Layout/Header', Array, true)
#4 /home/fallenxt/public_html/vendor/codeigniter4/framework/system/Common.php(1097): CodeIgniter\View\View->render('Player/player_l...', Array, true)
#5 /home/fallenxt/public_html/app/Controllers/Player.php(11): view('Player/player_l...', Array)
#6 /home/fallenxt/public_html/vendor/codeigniter4/framework/system/CodeIgniter.php(824): App\Controllers\Player->index()
#7 /home/fallenxt/public_html/vendor/codeigniter4/framework/system/CodeIgniter.php(410): CodeIgniter\CodeIgniter->runController(Object(App\Controllers\Player))
#8 /home/fallenxt/public_html/vendor/codeigniter4/framework/system/CodeIgniter.php(318): CodeIgniter\CodeIgniter->handleRequest(NULL, Object(Config\Cache), false)
#9 /home/fallenxt/public_html/public/index.php(37): CodeIgniter\CodeIgniter->run()
#10 {main}
CRITICAL - 2022-07-12 16:28:05 --> Undefined variable: user
#0 /home/fallenxt/public_html/app/Views/Layout/Header.php(37): CodeIgniter\Debug\Exceptions->errorHandler(8, 'Undefined varia...', '/home/fallenxt/...', 37, Array)
#1 /home/fallenxt/public_html/vendor/codeigniter4/framework/system/View/View.php(214): include('/home/fallenxt/...')
#2 /home/fallenxt/public_html/vendor/codeigniter4/framework/system/View/View.php(217): CodeIgniter\View\View->CodeIgniter\View\{closure}()
#3 /home/fallenxt/public_html/vendor/codeigniter4/framework/system/View/View.php(230): CodeIgniter\View\View->render('Layout/Header', Array, true)
#4 /home/fallenxt/public_html/vendor/codeigniter4/framework/system/Common.php(1097): CodeIgniter\View\View->render('Player/player_l...', Array, true)
#5 /home/fallenxt/public_html/app/Controllers/Player.php(11): view('Player/player_l...', Array)
#6 /home/fallenxt/public_html/vendor/codeigniter4/framework/system/CodeIgniter.php(824): App\Controllers\Player->index()
#7 /home/fallenxt/public_html/vendor/codeigniter4/framework/system/CodeIgniter.php(410): CodeIgniter\CodeIgniter->runController(Object(App\Controllers\Player))
#8 /home/fallenxt/public_html/vendor/codeigniter4/framework/system/CodeIgniter.php(318): CodeIgniter\CodeIgniter->handleRequest(NULL, Object(Config\Cache), false)
#9 /home/fallenxt/public_html/public/index.php(37): CodeIgniter\CodeIgniter->run()
#10 {main}
CRITICAL - 2022-07-12 16:28:05 --> Undefined variable: user
#0 /home/fallenxt/public_html/app/Views/Layout/Header.php(37): CodeIgniter\Debug\Exceptions->errorHandler(8, 'Undefined varia...', '/home/fallenxt/...', 37, Array)
#1 /home/fallenxt/public_html/vendor/codeigniter4/framework/system/View/View.php(214): include('/home/fallenxt/...')
#2 /home/fallenxt/public_html/vendor/codeigniter4/framework/system/View/View.php(217): CodeIgniter\View\View->CodeIgniter\View\{closure}()
#3 /home/fallenxt/public_html/vendor/codeigniter4/framework/system/View/View.php(230): CodeIgniter\View\View->render('Layout/Header', Array, true)
#4 /home/fallenxt/public_html/vendor/codeigniter4/framework/system/Common.php(1097): CodeIgniter\View\View->render('Player/player_l...', Array, true)
#5 /home/fallenxt/public_html/app/Controllers/Player.php(11): view('Player/player_l...', Array)
#6 /home/fallenxt/public_html/vendor/codeigniter4/framework/system/CodeIgniter.php(824): App\Controllers\Player->index()
#7 /home/fallenxt/public_html/vendor/codeigniter4/framework/system/CodeIgniter.php(410): CodeIgniter\CodeIgniter->runController(Object(App\Controllers\Player))
#8 /home/fallenxt/public_html/vendor/codeigniter4/framework/system/CodeIgniter.php(318): CodeIgniter\CodeIgniter->handleRequest(NULL, Object(Config\Cache), false)
#9 /home/fallenxt/public_html/public/index.php(37): CodeIgniter\CodeIgniter->run()
#10 {main}
CRITICAL - 2022-07-12 16:28:05 --> Undefined variable: user
#0 /home/fallenxt/public_html/app/Views/Layout/Header.php(37): CodeIgniter\Debug\Exceptions->errorHandler(8, 'Undefined varia...', '/home/fallenxt/...', 37, Array)
#1 /home/fallenxt/public_html/vendor/codeigniter4/framework/system/View/View.php(214): include('/home/fallenxt/...')
#2 /home/fallenxt/public_html/vendor/codeigniter4/framework/system/View/View.php(217): CodeIgniter\View\View->CodeIgniter\View\{closure}()
#3 /home/fallenxt/public_html/vendor/codeigniter4/framework/system/View/View.php(230): CodeIgniter\View\View->render('Layout/Header', Array, true)
#4 /home/fallenxt/public_html/vendor/codeigniter4/framework/system/Common.php(1097): CodeIgniter\View\View->render('Player/player_l...', Array, true)
#5 /home/fallenxt/public_html/app/Controllers/Player.php(11): view('Player/player_l...', Array)
#6 /home/fallenxt/public_html/vendor/codeigniter4/framework/system/CodeIgniter.php(824): App\Controllers\Player->index()
#7 /home/fallenxt/public_html/vendor/codeigniter4/framework/system/CodeIgniter.php(410): CodeIgniter\CodeIgniter->runController(Object(App\Controllers\Player))
#8 /home/fallenxt/public_html/vendor/codeigniter4/framework/system/CodeIgniter.php(318): CodeIgniter\CodeIgniter->handleRequest(NULL, Object(Config\Cache), false)
#9 /home/fallenxt/public_html/public/index.php(37): CodeIgniter\CodeIgniter->run()
#10 {main}
CRITICAL - 2022-07-12 16:28:05 --> Undefined variable: user
#0 /home/fallenxt/public_html/app/Views/Layout/Header.php(37): CodeIgniter\Debug\Exceptions->errorHandler(8, 'Undefined varia...', '/home/fallenxt/...', 37, Array)
#1 /home/fallenxt/public_html/vendor/codeigniter4/framework/system/View/View.php(214): include('/home/fallenxt/...')
#2 /home/fallenxt/public_html/vendor/codeigniter4/framework/system/View/View.php(217): CodeIgniter\View\View->CodeIgniter\View\{closure}()
#3 /home/fallenxt/public_html/vendor/codeigniter4/framework/system/View/View.php(230): CodeIgniter\View\View->render('Layout/Header', Array, true)
#4 /home/fallenxt/public_html/vendor/codeigniter4/framework/system/Common.php(1097): CodeIgniter\View\View->render('Player/player_l...', Array, true)
#5 /home/fallenxt/public_html/app/Controllers/Player.php(11): view('Player/player_l...', Array)
#6 /home/fallenxt/public_html/vendor/codeigniter4/framework/system/CodeIgniter.php(824): App\Controllers\Player->index()
#7 /home/fallenxt/public_html/vendor/codeigniter4/framework/system/CodeIgniter.php(410): CodeIgniter\CodeIgniter->runController(Object(App\Controllers\Player))
#8 /home/fallenxt/public_html/vendor/codeigniter4/framework/system/CodeIgniter.php(318): CodeIgniter\CodeIgniter->handleRequest(NULL, Object(Config\Cache), false)
#9 /home/fallenxt/public_html/public/index.php(37): CodeIgniter\CodeIgniter->run()
#10 {main}
CRITICAL - 2022-07-12 16:28:06 --> Undefined variable: user
#0 /home/fallenxt/public_html/app/Views/Layout/Header.php(37): CodeIgniter\Debug\Exceptions->errorHandler(8, 'Undefined varia...', '/home/fallenxt/...', 37, Array)
#1 /home/fallenxt/public_html/vendor/codeigniter4/framework/system/View/View.php(214): include('/home/fallenxt/...')
#2 /home/fallenxt/public_html/vendor/codeigniter4/framework/system/View/View.php(217): CodeIgniter\View\View->CodeIgniter\View\{closure}()
#3 /home/fallenxt/public_html/vendor/codeigniter4/framework/system/View/View.php(230): CodeIgniter\View\View->render('Layout/Header', Array, true)
#4 /home/fallenxt/public_html/vendor/codeigniter4/framework/system/Common.php(1097): CodeIgniter\View\View->render('Player/player_l...', Array, true)
#5 /home/fallenxt/public_html/app/Controllers/Player.php(11): view('Player/player_l...', Array)
#6 /home/fallenxt/public_html/vendor/codeigniter4/framework/system/CodeIgniter.php(824): App\Controllers\Player->index()
#7 /home/fallenxt/public_html/vendor/codeigniter4/framework/system/CodeIgniter.php(410): CodeIgniter\CodeIgniter->runController(Object(App\Controllers\Player))
#8 /home/fallenxt/public_html/vendor/codeigniter4/framework/system/CodeIgniter.php(318): CodeIgniter\CodeIgniter->handleRequest(NULL, Object(Config\Cache), false)
#9 /home/fallenxt/public_html/public/index.php(37): CodeIgniter\CodeIgniter->run()
#10 {main}
CRITICAL - 2022-07-12 16:28:06 --> Undefined variable: user
#0 /home/fallenxt/public_html/app/Views/Layout/Header.php(37): CodeIgniter\Debug\Exceptions->errorHandler(8, 'Undefined varia...', '/home/fallenxt/...', 37, Array)
#1 /home/fallenxt/public_html/vendor/codeigniter4/framework/system/View/View.php(214): include('/home/fallenxt/...')
#2 /home/fallenxt/public_html/vendor/codeigniter4/framework/system/View/View.php(217): CodeIgniter\View\View->CodeIgniter\View\{closure}()
#3 /home/fallenxt/public_html/vendor/codeigniter4/framework/system/View/View.php(230): CodeIgniter\View\View->render('Layout/Header', Array, true)
#4 /home/fallenxt/public_html/vendor/codeigniter4/framework/system/Common.php(1097): CodeIgniter\View\View->render('Player/player_l...', Array, true)
#5 /home/fallenxt/public_html/app/Controllers/Player.php(11): view('Player/player_l...', Array)
#6 /home/fallenxt/public_html/vendor/codeigniter4/framework/system/CodeIgniter.php(824): App\Controllers\Player->index()
#7 /home/fallenxt/public_html/vendor/codeigniter4/framework/system/CodeIgniter.php(410): CodeIgniter\CodeIgniter->runController(Object(App\Controllers\Player))
#8 /home/fallenxt/public_html/vendor/codeigniter4/framework/system/CodeIgniter.php(318): CodeIgniter\CodeIgniter->handleRequest(NULL, Object(Config\Cache), false)
#9 /home/fallenxt/public_html/public/index.php(37): CodeIgniter\CodeIgniter->run()
#10 {main}
CRITICAL - 2022-07-12 16:28:06 --> Undefined variable: user
#0 /home/fallenxt/public_html/app/Views/Layout/Header.php(37): CodeIgniter\Debug\Exceptions->errorHandler(8, 'Undefined varia...', '/home/fallenxt/...', 37, Array)
#1 /home/fallenxt/public_html/vendor/codeigniter4/framework/system/View/View.php(214): include('/home/fallenxt/...')
#2 /home/fallenxt/public_html/vendor/codeigniter4/framework/system/View/View.php(217): CodeIgniter\View\View->CodeIgniter\View\{closure}()
#3 /home/fallenxt/public_html/vendor/codeigniter4/framework/system/View/View.php(230): CodeIgniter\View\View->render('Layout/Header', Array, true)
#4 /home/fallenxt/public_html/vendor/codeigniter4/framework/system/Common.php(1097): CodeIgniter\View\View->render('Player/player_l...', Array, true)
#5 /home/fallenxt/public_html/app/Controllers/Player.php(11): view('Player/player_l...', Array)
#6 /home/fallenxt/public_html/vendor/codeigniter4/framework/system/CodeIgniter.php(824): App\Controllers\Player->index()
#7 /home/fallenxt/public_html/vendor/codeigniter4/framework/system/CodeIgniter.php(410): CodeIgniter\CodeIgniter->runController(Object(App\Controllers\Player))
#8 /home/fallenxt/public_html/vendor/codeigniter4/framework/system/CodeIgniter.php(318): CodeIgniter\CodeIgniter->handleRequest(NULL, Object(Config\Cache), false)
#9 /home/fallenxt/public_html/public/index.php(37): CodeIgniter\CodeIgniter->run()
#10 {main}
CRITICAL - 2022-07-12 16:28:06 --> Undefined variable: user
#0 /home/fallenxt/public_html/app/Views/Layout/Header.php(37): CodeIgniter\Debug\Exceptions->errorHandler(8, 'Undefined varia...', '/home/fallenxt/...', 37, Array)
#1 /home/fallenxt/public_html/vendor/codeigniter4/framework/system/View/View.php(214): include('/home/fallenxt/...')
#2 /home/fallenxt/public_html/vendor/codeigniter4/framework/system/View/View.php(217): CodeIgniter\View\View->CodeIgniter\View\{closure}()
#3 /home/fallenxt/public_html/vendor/codeigniter4/framework/system/View/View.php(230): CodeIgniter\View\View->render('Layout/Header', Array, true)
#4 /home/fallenxt/public_html/vendor/codeigniter4/framework/system/Common.php(1097): CodeIgniter\View\View->render('Player/player_l...', Array, true)
#5 /home/fallenxt/public_html/app/Controllers/Player.php(11): view('Player/player_l...', Array)
#6 /home/fallenxt/public_html/vendor/codeigniter4/framework/system/CodeIgniter.php(824): App\Controllers\Player->index()
#7 /home/fallenxt/public_html/vendor/codeigniter4/framework/system/CodeIgniter.php(410): CodeIgniter\CodeIgniter->runController(Object(App\Controllers\Player))
#8 /home/fallenxt/public_html/vendor/codeigniter4/framework/system/CodeIgniter.php(318): CodeIgniter\CodeIgniter->handleRequest(NULL, Object(Config\Cache), false)
#9 /home/fallenxt/public_html/public/index.php(37): CodeIgniter\CodeIgniter->run()
#10 {main}
CRITICAL - 2022-07-12 16:28:06 --> Undefined variable: user
#0 /home/fallenxt/public_html/app/Views/Layout/Header.php(37): CodeIgniter\Debug\Exceptions->errorHandler(8, 'Undefined varia...', '/home/fallenxt/...', 37, Array)
#1 /home/fallenxt/public_html/vendor/codeigniter4/framework/system/View/View.php(214): include('/home/fallenxt/...')
#2 /home/fallenxt/public_html/vendor/codeigniter4/framework/system/View/View.php(217): CodeIgniter\View\View->CodeIgniter\View\{closure}()
#3 /home/fallenxt/public_html/vendor/codeigniter4/framework/system/View/View.php(230): CodeIgniter\View\View->render('Layout/Header', Array, true)
#4 /home/fallenxt/public_html/vendor/codeigniter4/framework/system/Common.php(1097): CodeIgniter\View\View->render('Player/player_l...', Array, true)
#5 /home/fallenxt/public_html/app/Controllers/Player.php(11): view('Player/player_l...', Array)
#6 /home/fallenxt/public_html/vendor/codeigniter4/framework/system/CodeIgniter.php(824): App\Controllers\Player->index()
#7 /home/fallenxt/public_html/vendor/codeigniter4/framework/system/CodeIgniter.php(410): CodeIgniter\CodeIgniter->runController(Object(App\Controllers\Player))
#8 /home/fallenxt/public_html/vendor/codeigniter4/framework/system/CodeIgniter.php(318): CodeIgniter\CodeIgniter->handleRequest(NULL, Object(Config\Cache), false)
#9 /home/fallenxt/public_html/public/index.php(37): CodeIgniter\CodeIgniter->run()
#10 {main}
CRITICAL - 2022-07-12 16:28:07 --> Undefined variable: user
#0 /home/fallenxt/public_html/app/Views/Layout/Header.php(37): CodeIgniter\Debug\Exceptions->errorHandler(8, 'Undefined varia...', '/home/fallenxt/...', 37, Array)
#1 /home/fallenxt/public_html/vendor/codeigniter4/framework/system/View/View.php(214): include('/home/fallenxt/...')
#2 /home/fallenxt/public_html/vendor/codeigniter4/framework/system/View/View.php(217): CodeIgniter\View\View->CodeIgniter\View\{closure}()
#3 /home/fallenxt/public_html/vendor/codeigniter4/framework/system/View/View.php(230): CodeIgniter\View\View->render('Layout/Header', Array, true)
#4 /home/fallenxt/public_html/vendor/codeigniter4/framework/system/Common.php(1097): CodeIgniter\View\View->render('Player/player_l...', Array, true)
#5 /home/fallenxt/public_html/app/Controllers/Player.php(11): view('Player/player_l...', Array)
#6 /home/fallenxt/public_html/vendor/codeigniter4/framework/system/CodeIgniter.php(824): App\Controllers\Player->index()
#7 /home/fallenxt/public_html/vendor/codeigniter4/framework/system/CodeIgniter.php(410): CodeIgniter\CodeIgniter->runController(Object(App\Controllers\Player))
#8 /home/fallenxt/public_html/vendor/codeigniter4/framework/system/CodeIgniter.php(318): CodeIgniter\CodeIgniter->handleRequest(NULL, Object(Config\Cache), false)
#9 /home/fallenxt/public_html/public/index.php(37): CodeIgniter\CodeIgniter->run()
#10 {main}
CRITICAL - 2022-07-12 16:31:38 --> syntax error, unexpected 'type' (T_STRING), expecting ';' or ','
#0 /home/fallenxt/public_html/vendor/codeigniter4/framework/system/View/View.php(217): CodeIgniter\View\View->CodeIgniter\View\{closure}()
#1 /home/fallenxt/public_html/vendor/codeigniter4/framework/system/View/View.php(230): CodeIgniter\View\View->render('Layout/Starter', Array, true)
#2 /home/fallenxt/public_html/vendor/codeigniter4/framework/system/Common.php(1097): CodeIgniter\View\View->render('Player/player_l...', Array, true)
#3 /home/fallenxt/public_html/app/Controllers/Player.php(32): view('Player/player_l...', Array)
#4 /home/fallenxt/public_html/vendor/codeigniter4/framework/system/CodeIgniter.php(824): App\Controllers\Player->index()
#5 /home/fallenxt/public_html/vendor/codeigniter4/framework/system/CodeIgniter.php(410): CodeIgniter\CodeIgniter->runController(Object(App\Controllers\Player))
#6 /home/fallenxt/public_html/vendor/codeigniter4/framework/system/CodeIgniter.php(318): CodeIgniter\CodeIgniter->handleRequest(NULL, Object(Config\Cache), false)
#7 /home/fallenxt/public_html/public/index.php(37): CodeIgniter\CodeIgniter->run()
#8 {main}
CRITICAL - 2022-07-12 16:31:49 --> syntax error, unexpected 'type' (T_STRING), expecting ';' or ','
#0 /home/fallenxt/public_html/vendor/codeigniter4/framework/system/View/View.php(217): CodeIgniter\View\View->CodeIgniter\View\{closure}()
#1 /home/fallenxt/public_html/vendor/codeigniter4/framework/system/View/View.php(230): CodeIgniter\View\View->render('Layout/Starter', Array, true)
#2 /home/fallenxt/public_html/vendor/codeigniter4/framework/system/Common.php(1097): CodeIgniter\View\View->render('Player/player_l...', Array, true)
#3 /home/fallenxt/public_html/app/Controllers/Player.php(32): view('Player/player_l...', Array)
#4 /home/fallenxt/public_html/vendor/codeigniter4/framework/system/CodeIgniter.php(824): App\Controllers\Player->index()
#5 /home/fallenxt/public_html/vendor/codeigniter4/framework/system/CodeIgniter.php(410): CodeIgniter\CodeIgniter->runController(Object(App\Controllers\Player))
#6 /home/fallenxt/public_html/vendor/codeigniter4/framework/system/CodeIgniter.php(318): CodeIgniter\CodeIgniter->handleRequest(NULL, Object(Config\Cache), false)
#7 /home/fallenxt/public_html/public/index.php(37): CodeIgniter\CodeIgniter->run()
#8 {main}
