CRITICAL - 2022-12-21 18:06:05 --> Undefined variable: idKeys
#0 /home/fallenxt/public_html/publicmod/app/Controllers/Keys.php(547): CodeIgniter\Debug\Exceptions->errorHandler(8, 'Undefined varia...', '/home/fallenxt/...', 547, Array)
#1 /home/fallenxt/public_html/publicmod/app/Controllers/Keys.php(383): App\Controllers\Keys->generate_action()
#2 /home/fallenxt/public_html/publicmod/vendor/codeigniter4/framework/system/CodeIgniter.php(824): App\Controllers\Keys->generate()
#3 /home/fallenxt/public_html/publicmod/vendor/codeigniter4/framework/system/CodeIgniter.php(410): CodeIgniter\CodeIgniter->runController(Object(App\Controllers\Keys))
#4 /home/fallenxt/public_html/publicmod/vendor/codeigniter4/framework/system/CodeIgniter.php(318): CodeIgniter\CodeIgniter->handleRequest(NULL, Object(Config\Cache), false)
#5 /home/fallenxt/public_html/publicmod/public/index.php(37): CodeIgniter\CodeIgniter->run()
#6 {main}
CRITICAL - 2022-12-21 18:06:07 --> Undefined variable: idKeys
#0 /home/fallenxt/public_html/publicmod/app/Controllers/Keys.php(547): CodeIgniter\Debug\Exceptions->errorHandler(8, 'Undefined varia...', '/home/fallenxt/...', 547, Array)
#1 /home/fallenxt/public_html/publicmod/app/Controllers/Keys.php(383): App\Controllers\Keys->generate_action()
#2 /home/fallenxt/public_html/publicmod/vendor/codeigniter4/framework/system/CodeIgniter.php(824): App\Controllers\Keys->generate()
#3 /home/fallenxt/public_html/publicmod/vendor/codeigniter4/framework/system/CodeIgniter.php(410): CodeIgniter\CodeIgniter->runController(Object(App\Controllers\Keys))
#4 /home/fallenxt/public_html/publicmod/vendor/codeigniter4/framework/system/CodeIgniter.php(318): CodeIgniter\CodeIgniter->handleRequest(NULL, Object(Config\Cache), false)
#5 /home/fallenxt/public_html/publicmod/public/index.php(37): CodeIgniter\CodeIgniter->run()
#6 {main}
CRITICAL - 2022-12-21 18:24:14 --> Undefined variable: idKeys
#0 /home/fallenxt/public_html/publicmod/app/Controllers/Keys.php(547): CodeIgniter\Debug\Exceptions->errorHandler(8, 'Undefined varia...', '/home/fallenxt/...', 547, Array)
#1 /home/fallenxt/public_html/publicmod/app/Controllers/Keys.php(383): App\Controllers\Keys->generate_action()
#2 /home/fallenxt/public_html/publicmod/vendor/codeigniter4/framework/system/CodeIgniter.php(824): App\Controllers\Keys->generate()
#3 /home/fallenxt/public_html/publicmod/vendor/codeigniter4/framework/system/CodeIgniter.php(410): CodeIgniter\CodeIgniter->runController(Object(App\Controllers\Keys))
#4 /home/fallenxt/public_html/publicmod/vendor/codeigniter4/framework/system/CodeIgniter.php(318): CodeIgniter\CodeIgniter->handleRequest(NULL, Object(Config\Cache), false)
#5 /home/fallenxt/public_html/publicmod/public/index.php(37): CodeIgniter\CodeIgniter->run()
#6 {main}
CRITICAL - 2022-12-21 22:45:47 --> Undefined variable: result
#0 /home/fallenxt/public_html/publicmod/app/Helpers/nata_helper.php(78): CodeIgniter\Debug\Exceptions->errorHandler(8, 'Undefined varia...', '/home/fallenxt/...', 78, Array)
#1 /home/fallenxt/public_html/publicmod/app/Controllers/Keys.php(358): setDevice('bca65073-cb27-3...', '0')
#2 /home/fallenxt/public_html/publicmod/app/Controllers/Keys.php(241): App\Controllers\Keys->edit_key_action()
#3 /home/fallenxt/public_html/publicmod/vendor/codeigniter4/framework/system/CodeIgniter.php(824): App\Controllers\Keys->edit_key()
#4 /home/fallenxt/public_html/publicmod/vendor/codeigniter4/framework/system/CodeIgniter.php(410): CodeIgniter\CodeIgniter->runController(Object(App\Controllers\Keys))
#5 /home/fallenxt/public_html/publicmod/vendor/codeigniter4/framework/system/CodeIgniter.php(318): CodeIgniter\CodeIgniter->handleRequest(NULL, Object(Config\Cache), false)
#6 /home/fallenxt/public_html/publicmod/public/index.php(37): CodeIgniter\CodeIgniter->run()
#7 {main}
