CRITICAL - 2022-08-01 16:22:07 --> mysqli_connect(): (HY000/2002): Connection refused
#0 [internal function]: CodeIgniter\Debug\Exceptions->errorHandler(2, 'mysqli_connect(...', '/home/linuxedu/...', 8, Array)
#1 /home/linuxedu/public_html/fallenx.tech/app/Controllers/conn.php(8): mysqli_connect('localhost', 'linuxedu_fallen...', 'linuxedu_fallen...', 'linuxedu_fallen...')
#2 /home/linuxedu/public_html/fallenx.tech/app/Controllers/Connect.php(13): include('/home/linuxedu/...')
#3 /home/linuxedu/public_html/fallenx.tech/vendor/codeigniter4/framework/system/CodeIgniter.php(801): App\Controllers\Connect->__construct()
#4 /home/linuxedu/public_html/fallenx.tech/vendor/codeigniter4/framework/system/CodeIgniter.php(401): CodeIgniter\CodeIgniter->createController()
#5 /home/linuxedu/public_html/fallenx.tech/vendor/codeigniter4/framework/system/CodeIgniter.php(318): CodeIgniter\CodeIgniter->handleRequest(NULL, Object(Config\Cache), false)
#6 /home/linuxedu/public_html/fallenx.tech/public/index.php(37): CodeIgniter\CodeIgniter->run()
#7 {main}
CRITICAL - 2022-08-01 16:22:09 --> mysqli_connect(): (HY000/2002): Connection refused
#0 [internal function]: CodeIgniter\Debug\Exceptions->errorHandler(2, 'mysqli_connect(...', '/home/linuxedu/...', 8, Array)
#1 /home/linuxedu/public_html/fallenx.tech/app/Controllers/conn.php(8): mysqli_connect('localhost', 'linuxedu_fallen...', 'linuxedu_fallen...', 'linuxedu_fallen...')
#2 /home/linuxedu/public_html/fallenx.tech/app/Controllers/Connect.php(13): include('/home/linuxedu/...')
#3 /home/linuxedu/public_html/fallenx.tech/vendor/codeigniter4/framework/system/CodeIgniter.php(801): App\Controllers\Connect->__construct()
#4 /home/linuxedu/public_html/fallenx.tech/vendor/codeigniter4/framework/system/CodeIgniter.php(401): CodeIgniter\CodeIgniter->createController()
#5 /home/linuxedu/public_html/fallenx.tech/vendor/codeigniter4/framework/system/CodeIgniter.php(318): CodeIgniter\CodeIgniter->handleRequest(NULL, Object(Config\Cache), false)
#6 /home/linuxedu/public_html/fallenx.tech/public/index.php(37): CodeIgniter\CodeIgniter->run()
#7 {main}
CRITICAL - 2022-08-01 16:22:12 --> mysqli_connect(): (HY000/2002): Connection refused
#0 [internal function]: CodeIgniter\Debug\Exceptions->errorHandler(2, 'mysqli_connect(...', '/home/linuxedu/...', 8, Array)
#1 /home/linuxedu/public_html/fallenx.tech/app/Controllers/conn.php(8): mysqli_connect('localhost', 'linuxedu_fallen...', 'linuxedu_fallen...', 'linuxedu_fallen...')
#2 /home/linuxedu/public_html/fallenx.tech/app/Controllers/Connect.php(13): include('/home/linuxedu/...')
#3 /home/linuxedu/public_html/fallenx.tech/vendor/codeigniter4/framework/system/CodeIgniter.php(801): App\Controllers\Connect->__construct()
#4 /home/linuxedu/public_html/fallenx.tech/vendor/codeigniter4/framework/system/CodeIgniter.php(401): CodeIgniter\CodeIgniter->createController()
#5 /home/linuxedu/public_html/fallenx.tech/vendor/codeigniter4/framework/system/CodeIgniter.php(318): CodeIgniter\CodeIgniter->handleRequest(NULL, Object(Config\Cache), false)
#6 /home/linuxedu/public_html/fallenx.tech/public/index.php(37): CodeIgniter\CodeIgniter->run()
#7 {main}
